<?xml version="1.0" encoding="UTF-8"?>
<testsuite name="com.roadmap.roadmap.RoadmapControllerTest" tests="10" skipped="0" failures="0" errors="0" timestamp="2021-03-12T05:35:05" hostname="DESKTOP-MRB3AOK" time="7.713">
  <properties/>
  <testcase name="로드맵 멤버 탈퇴" classname="com.roadmap.roadmap.RoadmapControllerTest" time="1.033"/>
  <testcase name="로드맵 멤버 화면 테스트" classname="com.roadmap.roadmap.RoadmapControllerTest" time="1.034"/>
  <testcase name="로드맵 생성 화면 - 입력값 정상" classname="com.roadmap.roadmap.RoadmapControllerTest" time="0.88"/>
  <testcase name="로드맵 생성 화면 - 입력값 정상 한글주소" classname="com.roadmap.roadmap.RoadmapControllerTest" time="0.909"/>
  <testcase name="로드맵 생성 화면 - 입력값 오류" classname="com.roadmap.roadmap.RoadmapControllerTest" time="0.519"/>
  <testcase name="appProperties key 확인" classname="com.roadmap.roadmap.RoadmapControllerTest" time="0.004"/>
  <testcase name="로드맵 멤버 가입" classname="com.roadmap.roadmap.RoadmapControllerTest" time="1.138"/>
  <testcase name="로드맵 화면 테스트" classname="com.roadmap.roadmap.RoadmapControllerTest" time="0.905"/>
  <testcase name="로드맵 생성 화면 테스트" classname="com.roadmap.roadmap.RoadmapControllerTest" time="0.364"/>
  <testcase name="로드맵 맵 화면 테스트" classname="com.roadmap.roadmap.RoadmapControllerTest" time="0.92"/>
  <system-out><![CDATA[2021-03-12 14:35:05.926  INFO 43004 --- [    Test worker] .b.t.c.SpringBootTestContextBootstrapper : Neither @ContextConfiguration nor @ContextHierarchy found for test class [com.roadmap.roadmap.RoadmapControllerTest], using SpringBootContextLoader
2021-03-12 14:35:05.928  INFO 43004 --- [    Test worker] o.s.t.c.support.AbstractContextLoader    : Could not detect default resource locations for test class [com.roadmap.roadmap.RoadmapControllerTest]: no resource found for suffixes {-context.xml, Context.groovy}.
2021-03-12 14:35:05.928  INFO 43004 --- [    Test worker] t.c.s.AnnotationConfigContextLoaderUtils : Could not detect default configuration classes for test class [com.roadmap.roadmap.RoadmapControllerTest]: RoadmapControllerTest does not declare any static, non-private, non-final, nested classes annotated with @Configuration.
2021-03-12 14:35:05.938  INFO 43004 --- [    Test worker] .b.t.c.SpringBootTestContextBootstrapper : Found @SpringBootConfiguration com.roadmap.CoreApplication for test class com.roadmap.roadmap.RoadmapControllerTest
2021-03-12 14:35:05.939  INFO 43004 --- [    Test worker] .b.t.c.SpringBootTestContextBootstrapper : Loaded default TestExecutionListener class names from location [META-INF/spring.factories]: [org.springframework.security.test.context.support.WithSecurityContextTestExecutionListener, org.springframework.security.test.context.support.ReactorContextTestExecutionListener, org.springframework.boot.test.autoconfigure.restdocs.RestDocsTestExecutionListener, org.springframework.boot.test.autoconfigure.web.client.MockRestServiceServerResetTestExecutionListener, org.springframework.boot.test.autoconfigure.web.servlet.MockMvcPrintOnlyOnFailureTestExecutionListener, org.springframework.boot.test.autoconfigure.web.servlet.WebDriverTestExecutionListener, org.springframework.boot.test.autoconfigure.webservices.client.MockWebServiceServerTestExecutionListener, org.springframework.boot.test.mock.mockito.MockitoTestExecutionListener, org.springframework.boot.test.mock.mockito.ResetMocksTestExecutionListener, org.springframework.test.context.web.ServletTestExecutionListener, org.springframework.test.context.support.DirtiesContextBeforeModesTestExecutionListener, org.springframework.test.context.support.DependencyInjectionTestExecutionListener, org.springframework.test.context.support.DirtiesContextTestExecutionListener, org.springframework.test.context.transaction.TransactionalTestExecutionListener, org.springframework.test.context.jdbc.SqlScriptsTestExecutionListener, org.springframework.test.context.event.EventPublishingTestExecutionListener]
2021-03-12 14:35:05.940  INFO 43004 --- [    Test worker] .b.t.c.SpringBootTestContextBootstrapper : Using TestExecutionListeners: [org.springframework.test.context.web.ServletTestExecutionListener@45e8662b, org.springframework.test.context.support.DirtiesContextBeforeModesTestExecutionListener@15f7c1e7, org.springframework.boot.test.mock.mockito.MockitoTestExecutionListener@21b2cb2d, org.springframework.boot.test.autoconfigure.SpringBootDependencyInjectionTestExecutionListener@68a4065b, org.springframework.test.context.support.DirtiesContextTestExecutionListener@6efbec5a, org.springframework.test.context.transaction.TransactionalTestExecutionListener@4528f09b, org.springframework.test.context.jdbc.SqlScriptsTestExecutionListener@72f4a0b0, org.springframework.security.test.context.support.WithSecurityContextTestExecutionListener@3a2af66b, org.springframework.test.context.event.EventPublishingTestExecutionListener@b824448, org.springframework.security.test.context.support.ReactorContextTestExecutionListener@9acd18b, org.springframework.boot.test.autoconfigure.restdocs.RestDocsTestExecutionListener@5e0a012e, org.springframework.boot.test.autoconfigure.web.client.MockRestServiceServerResetTestExecutionListener@337e3d2a, org.springframework.boot.test.autoconfigure.web.servlet.MockMvcPrintOnlyOnFailureTestExecutionListener@2a478f09, org.springframework.boot.test.autoconfigure.web.servlet.WebDriverTestExecutionListener@45082343, org.springframework.boot.test.autoconfigure.webservices.client.MockWebServiceServerTestExecutionListener@4b0559bd, org.springframework.boot.test.mock.mockito.ResetMocksTestExecutionListener@9d0aa9a]
2021-03-12 14:35:05.986  INFO 43004 --- [    Test worker] o.s.t.c.transaction.TransactionContext   : Began transaction (1) for test context [DefaultTestContext@668d0def testClass = RoadmapControllerTest, testInstance = com.roadmap.roadmap.RoadmapControllerTest@687a580d, testMethod = roadmapLeave@RoadmapControllerTest, testException = [null], mergedContextConfiguration = [WebMergedContextConfiguration@28da74ec testClass = RoadmapControllerTest, locations = '{}', classes = '{class com.roadmap.CoreApplication}', contextInitializerClasses = '[]', activeProfiles = '{}', propertySourceLocations = '{}', propertySourceProperties = '{org.springframework.boot.test.context.SpringBootTestContextBootstrapper=true}', contextCustomizers = set[org.springframework.boot.test.autoconfigure.properties.PropertyMappingContextCustomizer@4b3fa0b3, org.springframework.boot.test.autoconfigure.web.servlet.WebDriverContextCustomizerFactory$Customizer@36f3985, [ImportsContextCustomizer@1c33797a key = [org.springframework.boot.test.autoconfigure.web.servlet.MockMvcAutoConfiguration, org.springframework.boot.test.autoconfigure.web.servlet.MockMvcWebClientAutoConfiguration, org.springframework.boot.test.autoconfigure.web.servlet.MockMvcWebDriverAutoConfiguration, org.springframework.boot.autoconfigure.security.oauth2.client.servlet.OAuth2ClientAutoConfiguration, org.springframework.boot.autoconfigure.security.oauth2.resource.servlet.OAuth2ResourceServerAutoConfiguration, org.springframework.boot.autoconfigure.security.servlet.SecurityAutoConfiguration, org.springframework.boot.autoconfigure.security.servlet.SecurityFilterAutoConfiguration, org.springframework.boot.autoconfigure.security.servlet.UserDetailsServiceAutoConfiguration, org.springframework.boot.test.autoconfigure.web.servlet.MockMvcSecurityConfiguration]], org.springframework.boot.test.context.filter.ExcludeFilterContextCustomizer@465bc06d, org.springframework.boot.test.json.DuplicateJsonObjectContextCustomizerFactory$DuplicateJsonObjectContextCustomizer@7bb6418b, org.springframework.boot.test.mock.mockito.MockitoContextCustomizer@0, org.springframework.boot.test.web.client.TestRestTemplateContextCustomizer@23d4aa12, org.springframework.boot.test.context.SpringBootTestArgs@1, org.springframework.boot.test.context.SpringBootTestWebEnvironment@3db94553], resourceBasePath = 'src/main/webapp', contextLoader = 'org.springframework.boot.test.context.SpringBootContextLoader', parent = [null]], attributes = map['org.springframework.test.context.web.ServletTestExecutionListener.activateListener' -> true, 'org.springframework.test.context.web.ServletTestExecutionListener.populatedRequestContextHolder' -> true, 'org.springframework.test.context.web.ServletTestExecutionListener.resetRequestContextHolder' -> true]]; transaction manager [org.springframework.orm.jpa.JpaTransactionManager@3a25d063]; rollback [true]
2021-03-12 14:35:06.050  INFO 43004 --- [    Test worker] com.roadmap.service.MemberService        : email send signup confirm Email link : /check-email-token?token=f303fed9-5b5e-44fa-8cbd-8a164a550065&email=epepep@email.com
2021-03-12 14:35:06.051 DEBUG 43004 --- [    Test worker] org.hibernate.SQL                        : 
    select
        nextval ('hibernate_sequence')
2021-03-12 14:35:06.100 DEBUG 43004 --- [    Test worker] org.hibernate.SQL                        : 
    insert 
    into
        member
        (moddate, regdate, bio, email, email_check_token, email_check_token_generated_at, email_verified, from_social, joined_at, loc_id, nickname, occupation, password, profile_image, roadmap_created_by_email, roadmap_created_by_web, roadmap_enrollment_result_by_email, roadmap_enrollment_result_by_web, roadmap_updated_by_email, roadmap_updated_by_web, url, id) 
    values
        (?, ?, ?, ?, ?, ?, ?, ?, ?, ?, ?, ?, ?, ?, ?, ?, ?, ?, ?, ?, ?, ?)
2021-03-12 14:35:06.100 TRACE 43004 --- [    Test worker] o.h.type.descriptor.sql.BasicBinder      : binding parameter [1] as [TIMESTAMP] - [2021-03-12T14:35:06.051139]
2021-03-12 14:35:06.100 TRACE 43004 --- [    Test worker] o.h.type.descriptor.sql.BasicBinder      : binding parameter [2] as [TIMESTAMP] - [2021-03-12T14:35:06.051139]
2021-03-12 14:35:06.100 TRACE 43004 --- [    Test worker] o.h.type.descriptor.sql.BasicBinder      : binding parameter [3] as [VARCHAR] - [null]
2021-03-12 14:35:06.100 TRACE 43004 --- [    Test worker] o.h.type.descriptor.sql.BasicBinder      : binding parameter [4] as [VARCHAR] - [epepep@email.com]
2021-03-12 14:35:06.100 TRACE 43004 --- [    Test worker] o.h.type.descriptor.sql.BasicBinder      : binding parameter [5] as [VARCHAR] - [f303fed9-5b5e-44fa-8cbd-8a164a550065]
2021-03-12 14:35:06.100 TRACE 43004 --- [    Test worker] o.h.type.descriptor.sql.BasicBinder      : binding parameter [6] as [TIMESTAMP] - [2021-03-12T14:35:06.050151700]
2021-03-12 14:35:06.100 TRACE 43004 --- [    Test worker] o.h.type.descriptor.sql.BasicBinder      : binding parameter [7] as [BOOLEAN] - [false]
2021-03-12 14:35:06.100 TRACE 43004 --- [    Test worker] o.h.type.descriptor.sql.BasicBinder      : binding parameter [8] as [BOOLEAN] - [false]
2021-03-12 14:35:06.100 TRACE 43004 --- [    Test worker] o.h.type.descriptor.sql.BasicBinder      : binding parameter [9] as [TIMESTAMP] - [2021-03-12T14:35:06.050151700]
2021-03-12 14:35:06.100 TRACE 43004 --- [    Test worker] o.h.type.descriptor.sql.BasicBinder      : binding parameter [10] as [BIGINT] - [null]
2021-03-12 14:35:06.100 TRACE 43004 --- [    Test worker] o.h.type.descriptor.sql.BasicBinder      : binding parameter [11] as [VARCHAR] - [epepep]
2021-03-12 14:35:06.100 TRACE 43004 --- [    Test worker] o.h.type.descriptor.sql.BasicBinder      : binding parameter [12] as [VARCHAR] - [null]
2021-03-12 14:35:06.100 TRACE 43004 --- [    Test worker] o.h.type.descriptor.sql.BasicBinder      : binding parameter [13] as [VARCHAR] - [{bcrypt}$2a$10$WmDSUXyoYs54mjBKNbBEYeSdeZZ5SYADoFBtBicCVHEtgHgCuw1v.]
2021-03-12 14:35:06.100 TRACE 43004 --- [    Test worker] o.h.type.descriptor.sql.BasicBinder      : binding parameter [14] as [CLOB] - [null]
2021-03-12 14:35:06.100 TRACE 43004 --- [    Test worker] o.h.type.descriptor.sql.BasicBinder      : binding parameter [15] as [BOOLEAN] - [false]
2021-03-12 14:35:06.100 TRACE 43004 --- [    Test worker] o.h.type.descriptor.sql.BasicBinder      : binding parameter [16] as [BOOLEAN] - [true]
2021-03-12 14:35:06.100 TRACE 43004 --- [    Test worker] o.h.type.descriptor.sql.BasicBinder      : binding parameter [17] as [BOOLEAN] - [false]
2021-03-12 14:35:06.100 TRACE 43004 --- [    Test worker] o.h.type.descriptor.sql.BasicBinder      : binding parameter [18] as [BOOLEAN] - [true]
2021-03-12 14:35:06.100 TRACE 43004 --- [    Test worker] o.h.type.descriptor.sql.BasicBinder      : binding parameter [19] as [BOOLEAN] - [false]
2021-03-12 14:35:06.100 TRACE 43004 --- [    Test worker] o.h.type.descriptor.sql.BasicBinder      : binding parameter [20] as [BOOLEAN] - [true]
2021-03-12 14:35:06.100 TRACE 43004 --- [    Test worker] o.h.type.descriptor.sql.BasicBinder      : binding parameter [21] as [VARCHAR] - [null]
2021-03-12 14:35:06.100 TRACE 43004 --- [    Test worker] o.h.type.descriptor.sql.BasicBinder      : binding parameter [22] as [BIGINT] - [66]
2021-03-12 14:35:06.146 DEBUG 43004 --- [    Test worker] org.hibernate.SQL                        : 
    insert 
    into
        member_role_set
        (member_id, role_set) 
    values
        (?, ?)
2021-03-12 14:35:06.146 TRACE 43004 --- [    Test worker] o.h.type.descriptor.sql.BasicBinder      : binding parameter [1] as [BIGINT] - [66]
2021-03-12 14:35:06.146 TRACE 43004 --- [    Test worker] o.h.type.descriptor.sql.BasicBinder      : binding parameter [2] as [VARCHAR] - [USER]
2021-03-12 14:35:06.191 DEBUG 43004 --- [    Test worker] org.hibernate.SQL                        : 
    select
        member0_.id as id1_3_,
        member0_.moddate as moddate2_3_,
        member0_.regdate as regdate3_3_,
        member0_.bio as bio4_3_,
        member0_.email as email5_3_,
        member0_.email_check_token as email_ch6_3_,
        member0_.email_check_token_generated_at as email_ch7_3_,
        member0_.email_verified as email_ve8_3_,
        member0_.from_social as from_soc9_3_,
        member0_.joined_at as joined_10_3_,
        member0_.loc_id as loc_id22_3_,
        member0_.nickname as nicknam11_3_,
        member0_.occupation as occupat12_3_,
        member0_.password as passwor13_3_,
        member0_.profile_image as profile14_3_,
        member0_.roadmap_created_by_email as roadmap15_3_,
        member0_.roadmap_created_by_web as roadmap16_3_,
        member0_.roadmap_enrollment_result_by_email as roadmap17_3_,
        member0_.roadmap_enrollment_result_by_web as roadmap18_3_,
        member0_.roadmap_updated_by_email as roadmap19_3_,
        member0_.roadmap_updated_by_web as roadmap20_3_,
        member0_.url as url21_3_ 
    from
        member member0_ 
    where
        member0_.email=?
2021-03-12 14:35:06.191 TRACE 43004 --- [    Test worker] o.h.type.descriptor.sql.BasicBinder      : binding parameter [1] as [VARCHAR] - [epepep]
2021-03-12 14:35:06.240 DEBUG 43004 --- [    Test worker] org.hibernate.SQL                        : 
    select
        member0_.id as id1_3_,
        member0_.moddate as moddate2_3_,
        member0_.regdate as regdate3_3_,
        member0_.bio as bio4_3_,
        member0_.email as email5_3_,
        member0_.email_check_token as email_ch6_3_,
        member0_.email_check_token_generated_at as email_ch7_3_,
        member0_.email_verified as email_ve8_3_,
        member0_.from_social as from_soc9_3_,
        member0_.joined_at as joined_10_3_,
        member0_.loc_id as loc_id22_3_,
        member0_.nickname as nicknam11_3_,
        member0_.occupation as occupat12_3_,
        member0_.password as passwor13_3_,
        member0_.profile_image as profile14_3_,
        member0_.roadmap_created_by_email as roadmap15_3_,
        member0_.roadmap_created_by_web as roadmap16_3_,
        member0_.roadmap_enrollment_result_by_email as roadmap17_3_,
        member0_.roadmap_enrollment_result_by_web as roadmap18_3_,
        member0_.roadmap_updated_by_email as roadmap19_3_,
        member0_.roadmap_updated_by_web as roadmap20_3_,
        member0_.url as url21_3_ 
    from
        member member0_ 
    where
        member0_.nickname=?
2021-03-12 14:35:06.240 TRACE 43004 --- [    Test worker] o.h.type.descriptor.sql.BasicBinder      : binding parameter [1] as [VARCHAR] - [epepep]
2021-03-12 14:35:06.300 DEBUG 43004 --- [    Test worker] org.hibernate.SQL                        : 
    select
        member0_.id as id1_3_,
        member0_.moddate as moddate2_3_,
        member0_.regdate as regdate3_3_,
        member0_.bio as bio4_3_,
        member0_.email as email5_3_,
        member0_.email_check_token as email_ch6_3_,
        member0_.email_check_token_generated_at as email_ch7_3_,
        member0_.email_verified as email_ve8_3_,
        member0_.from_social as from_soc9_3_,
        member0_.joined_at as joined_10_3_,
        member0_.loc_id as loc_id22_3_,
        member0_.nickname as nicknam11_3_,
        member0_.occupation as occupat12_3_,
        member0_.password as passwor13_3_,
        member0_.profile_image as profile14_3_,
        member0_.roadmap_created_by_email as roadmap15_3_,
        member0_.roadmap_created_by_web as roadmap16_3_,
        member0_.roadmap_enrollment_result_by_email as roadmap17_3_,
        member0_.roadmap_enrollment_result_by_web as roadmap18_3_,
        member0_.roadmap_updated_by_email as roadmap19_3_,
        member0_.roadmap_updated_by_web as roadmap20_3_,
        member0_.url as url21_3_ 
    from
        member member0_ 
    where
        member0_.nickname=?
2021-03-12 14:35:06.300 TRACE 43004 --- [    Test worker] o.h.type.descriptor.sql.BasicBinder      : binding parameter [1] as [VARCHAR] - [epepep]
2021-03-12 14:35:06.347 DEBUG 43004 --- [    Test worker] org.hibernate.SQL                        : 
    select
        member0_.id as id1_3_0_,
        roadmap2_.id as id1_14_1_,
        member0_.moddate as moddate2_3_0_,
        member0_.regdate as regdate3_3_0_,
        member0_.bio as bio4_3_0_,
        member0_.email as email5_3_0_,
        member0_.email_check_token as email_ch6_3_0_,
        member0_.email_check_token_generated_at as email_ch7_3_0_,
        member0_.email_verified as email_ve8_3_0_,
        member0_.from_social as from_soc9_3_0_,
        member0_.joined_at as joined_10_3_0_,
        member0_.loc_id as loc_id22_3_0_,
        member0_.nickname as nicknam11_3_0_,
        member0_.occupation as occupat12_3_0_,
        member0_.password as passwor13_3_0_,
        member0_.profile_image as profile14_3_0_,
        member0_.roadmap_created_by_email as roadmap15_3_0_,
        member0_.roadmap_created_by_web as roadmap16_3_0_,
        member0_.roadmap_enrollment_result_by_email as roadmap17_3_0_,
        member0_.roadmap_enrollment_result_by_web as roadmap18_3_0_,
        member0_.roadmap_updated_by_email as roadmap19_3_0_,
        member0_.roadmap_updated_by_web as roadmap20_3_0_,
        member0_.url as url21_3_0_,
        roadmap2_.moddate as moddate2_14_1_,
        roadmap2_.regdate as regdate3_14_1_,
        roadmap2_.closed as closed4_14_1_,
        roadmap2_.closed_date_time as closed_d5_14_1_,
        roadmap2_.complete as complete6_14_1_,
        roadmap2_.full_description as full_des7_14_1_,
        roadmap2_.image as image8_14_1_,
        roadmap2_.milestone as mileston9_14_1_,
        roadmap2_.owner_id as owner_i19_14_1_,
        roadmap2_.path as path10_14_1_,
        roadmap2_.progress as progres11_14_1_,
        roadmap2_.published as publish12_14_1_,
        roadmap2_.published_date_time as publish13_14_1_,
        roadmap2_.recruiting as recruit14_14_1_,
        roadmap2_.recruiting_updated_date_time as recruit15_14_1_,
        roadmap2_.short_description as short_d16_14_1_,
        roadmap2_.title as title17_14_1_,
        roadmap2_.use_banner as use_ban18_14_1_,
        roadmaps1_.members_id as members_2_15_0__,
        roadmaps1_.roadmaps_id as roadmaps1_15_0__ 
    from
        member member0_ 
    left outer join
        roadmap_members roadmaps1_ 
            on member0_.id=roadmaps1_.members_id 
    left outer join
        roadmap roadmap2_ 
            on roadmaps1_.roadmaps_id=roadmap2_.id 
    where
        member0_.nickname=?
2021-03-12 14:35:06.347 TRACE 43004 --- [    Test worker] o.h.type.descriptor.sql.BasicBinder      : binding parameter [1] as [VARCHAR] - [epepep]
2021-03-12 14:35:06.413 DEBUG 43004 --- [    Test worker] org.hibernate.SQL                        : 
    insert 
    into
        roadmap
        (moddate, regdate, closed, closed_date_time, complete, full_description, image, milestone, owner_id, path, progress, published, published_date_time, recruiting, recruiting_updated_date_time, short_description, title, use_banner) 
    values
        (?, ?, ?, ?, ?, ?, ?, ?, ?, ?, ?, ?, ?, ?, ?, ?, ?, ?)
2021-03-12 14:35:06.413 TRACE 43004 --- [    Test worker] o.h.type.descriptor.sql.BasicBinder      : binding parameter [1] as [TIMESTAMP] - [2021-03-12T14:35:06.413112200]
2021-03-12 14:35:06.413 TRACE 43004 --- [    Test worker] o.h.type.descriptor.sql.BasicBinder      : binding parameter [2] as [TIMESTAMP] - [2021-03-12T14:35:06.413112200]
2021-03-12 14:35:06.413 TRACE 43004 --- [    Test worker] o.h.type.descriptor.sql.BasicBinder      : binding parameter [3] as [BOOLEAN] - [false]
2021-03-12 14:35:06.413 TRACE 43004 --- [    Test worker] o.h.type.descriptor.sql.BasicBinder      : binding parameter [4] as [TIMESTAMP] - [null]
2021-03-12 14:35:06.413 TRACE 43004 --- [    Test worker] o.h.type.descriptor.sql.BasicBinder      : binding parameter [5] as [BOOLEAN] - [false]
2021-03-12 14:35:06.413 TRACE 43004 --- [    Test worker] o.h.type.descriptor.sql.BasicBinder      : binding parameter [6] as [CLOB] - [긴 소개 테스트]
2021-03-12 14:35:06.626 TRACE 43004 --- [    Test worker] o.h.type.descriptor.sql.BasicBinder      : binding parameter [7] as [CLOB] - [null]
2021-03-12 14:35:06.626 TRACE 43004 --- [    Test worker] o.h.type.descriptor.sql.BasicBinder      : binding parameter [8] as [TIMESTAMP] - [null]
2021-03-12 14:35:06.626 TRACE 43004 --- [    Test worker] o.h.type.descriptor.sql.BasicBinder      : binding parameter [9] as [BIGINT] - [66]
2021-03-12 14:35:06.626 TRACE 43004 --- [    Test worker] o.h.type.descriptor.sql.BasicBinder      : binding parameter [10] as [VARCHAR] - [testpath]
2021-03-12 14:35:06.626 TRACE 43004 --- [    Test worker] o.h.type.descriptor.sql.BasicBinder      : binding parameter [11] as [DOUBLE] - [null]
2021-03-12 14:35:06.626 TRACE 43004 --- [    Test worker] o.h.type.descriptor.sql.BasicBinder      : binding parameter [12] as [BOOLEAN] - [false]
2021-03-12 14:35:06.626 TRACE 43004 --- [    Test worker] o.h.type.descriptor.sql.BasicBinder      : binding parameter [13] as [TIMESTAMP] - [null]
2021-03-12 14:35:06.626 TRACE 43004 --- [    Test worker] o.h.type.descriptor.sql.BasicBinder      : binding parameter [14] as [BOOLEAN] - [false]
2021-03-12 14:35:06.626 TRACE 43004 --- [    Test worker] o.h.type.descriptor.sql.BasicBinder      : binding parameter [15] as [TIMESTAMP] - [null]
2021-03-12 14:35:06.626 TRACE 43004 --- [    Test worker] o.h.type.descriptor.sql.BasicBinder      : binding parameter [16] as [VARCHAR] - [짧은 소개 테스트]
2021-03-12 14:35:06.626 TRACE 43004 --- [    Test worker] o.h.type.descriptor.sql.BasicBinder      : binding parameter [17] as [VARCHAR] - [제목 테스트]
2021-03-12 14:35:06.626 TRACE 43004 --- [    Test worker] o.h.type.descriptor.sql.BasicBinder      : binding parameter [18] as [BOOLEAN] - [false]
2021-03-12 14:35:06.719 DEBUG 43004 --- [    Test worker] org.hibernate.SQL                        : 
    select
        roadmap0_.id as id1_14_,
        roadmap0_.moddate as moddate2_14_,
        roadmap0_.regdate as regdate3_14_,
        roadmap0_.closed as closed4_14_,
        roadmap0_.closed_date_time as closed_d5_14_,
        roadmap0_.complete as complete6_14_,
        roadmap0_.full_description as full_des7_14_,
        roadmap0_.image as image8_14_,
        roadmap0_.milestone as mileston9_14_,
        roadmap0_.owner_id as owner_i19_14_,
        roadmap0_.path as path10_14_,
        roadmap0_.progress as progres11_14_,
        roadmap0_.published as publish12_14_,
        roadmap0_.published_date_time as publish13_14_,
        roadmap0_.recruiting as recruit14_14_,
        roadmap0_.recruiting_updated_date_time as recruit15_14_,
        roadmap0_.short_description as short_d16_14_,
        roadmap0_.title as title17_14_,
        roadmap0_.use_banner as use_ban18_14_ 
    from
        roadmap roadmap0_ 
    where
        roadmap0_.path=?
2021-03-12 14:35:06.719 TRACE 43004 --- [    Test worker] o.h.type.descriptor.sql.BasicBinder      : binding parameter [1] as [VARCHAR] - [testpath]
2021-03-12 14:35:06.776  INFO 43004 --- [    Test worker] com.roadmap.filter.ApiCheckFilter        : REQUESTURI : /roadmap/testpath/leave
2021-03-12 14:35:06.776  INFO 43004 --- [    Test worker] com.roadmap.filter.ApiCheckFilter        : false
2021-03-12 14:35:06.780 DEBUG 43004 --- [    Test worker] org.hibernate.SQL                        : 
    insert 
    into
        roadmap_members
        (roadmaps_id, members_id) 
    values
        (?, ?)
2021-03-12 14:35:06.780 TRACE 43004 --- [    Test worker] o.h.type.descriptor.sql.BasicBinder      : binding parameter [1] as [BIGINT] - [11]
2021-03-12 14:35:06.780 TRACE 43004 --- [    Test worker] o.h.type.descriptor.sql.BasicBinder      : binding parameter [2] as [BIGINT] - [66]
2021-03-12 14:35:06.831 DEBUG 43004 --- [    Test worker] org.hibernate.SQL                        : 
    select
        roadmap0_.id as id1_14_0_,
        member2_.id as id1_3_1_,
        roadmap0_.moddate as moddate2_14_0_,
        roadmap0_.regdate as regdate3_14_0_,
        roadmap0_.closed as closed4_14_0_,
        roadmap0_.closed_date_time as closed_d5_14_0_,
        roadmap0_.complete as complete6_14_0_,
        roadmap0_.full_description as full_des7_14_0_,
        roadmap0_.image as image8_14_0_,
        roadmap0_.milestone as mileston9_14_0_,
        roadmap0_.owner_id as owner_i19_14_0_,
        roadmap0_.path as path10_14_0_,
        roadmap0_.progress as progres11_14_0_,
        roadmap0_.published as publish12_14_0_,
        roadmap0_.published_date_time as publish13_14_0_,
        roadmap0_.recruiting as recruit14_14_0_,
        roadmap0_.recruiting_updated_date_time as recruit15_14_0_,
        roadmap0_.short_description as short_d16_14_0_,
        roadmap0_.title as title17_14_0_,
        roadmap0_.use_banner as use_ban18_14_0_,
        member2_.moddate as moddate2_3_1_,
        member2_.regdate as regdate3_3_1_,
        member2_.bio as bio4_3_1_,
        member2_.email as email5_3_1_,
        member2_.email_check_token as email_ch6_3_1_,
        member2_.email_check_token_generated_at as email_ch7_3_1_,
        member2_.email_verified as email_ve8_3_1_,
        member2_.from_social as from_soc9_3_1_,
        member2_.joined_at as joined_10_3_1_,
        member2_.loc_id as loc_id22_3_1_,
        member2_.nickname as nicknam11_3_1_,
        member2_.occupation as occupat12_3_1_,
        member2_.password as passwor13_3_1_,
        member2_.profile_image as profile14_3_1_,
        member2_.roadmap_created_by_email as roadmap15_3_1_,
        member2_.roadmap_created_by_web as roadmap16_3_1_,
        member2_.roadmap_enrollment_result_by_email as roadmap17_3_1_,
        member2_.roadmap_enrollment_result_by_web as roadmap18_3_1_,
        member2_.roadmap_updated_by_email as roadmap19_3_1_,
        member2_.roadmap_updated_by_web as roadmap20_3_1_,
        member2_.url as url21_3_1_,
        members1_.roadmaps_id as roadmaps1_15_0__,
        members1_.members_id as members_2_15_0__ 
    from
        roadmap roadmap0_ 
    left outer join
        roadmap_members members1_ 
            on roadmap0_.id=members1_.roadmaps_id 
    left outer join
        member member2_ 
            on members1_.members_id=member2_.id 
    where
        roadmap0_.path=?
2021-03-12 14:35:06.831 TRACE 43004 --- [    Test worker] o.h.type.descriptor.sql.BasicBinder      : binding parameter [1] as [VARCHAR] - [testpath]
2021-03-12 14:35:06.887 DEBUG 43004 --- [    Test worker] org.hibernate.SQL                        : 
    select
        roadmap0_.id as id1_14_,
        roadmap0_.moddate as moddate2_14_,
        roadmap0_.regdate as regdate3_14_,
        roadmap0_.closed as closed4_14_,
        roadmap0_.closed_date_time as closed_d5_14_,
        roadmap0_.complete as complete6_14_,
        roadmap0_.full_description as full_des7_14_,
        roadmap0_.image as image8_14_,
        roadmap0_.milestone as mileston9_14_,
        roadmap0_.owner_id as owner_i19_14_,
        roadmap0_.path as path10_14_,
        roadmap0_.progress as progres11_14_,
        roadmap0_.published as publish12_14_,
        roadmap0_.published_date_time as publish13_14_,
        roadmap0_.recruiting as recruit14_14_,
        roadmap0_.recruiting_updated_date_time as recruit15_14_,
        roadmap0_.short_description as short_d16_14_,
        roadmap0_.title as title17_14_,
        roadmap0_.use_banner as use_ban18_14_ 
    from
        roadmap roadmap0_ 
    where
        roadmap0_.path=?
2021-03-12 14:35:06.887 TRACE 43004 --- [    Test worker] o.h.type.descriptor.sql.BasicBinder      : binding parameter [1] as [VARCHAR] - [testpath]
2021-03-12 14:35:06.974  INFO 43004 --- [    Test worker] o.s.t.c.transaction.TransactionContext   : Rolled back transaction for test: [DefaultTestContext@668d0def testClass = RoadmapControllerTest, testInstance = com.roadmap.roadmap.RoadmapControllerTest@687a580d, testMethod = roadmapLeave@RoadmapControllerTest, testException = [null], mergedContextConfiguration = [WebMergedContextConfiguration@28da74ec testClass = RoadmapControllerTest, locations = '{}', classes = '{class com.roadmap.CoreApplication}', contextInitializerClasses = '[]', activeProfiles = '{}', propertySourceLocations = '{}', propertySourceProperties = '{org.springframework.boot.test.context.SpringBootTestContextBootstrapper=true}', contextCustomizers = set[org.springframework.boot.test.autoconfigure.properties.PropertyMappingContextCustomizer@4b3fa0b3, org.springframework.boot.test.autoconfigure.web.servlet.WebDriverContextCustomizerFactory$Customizer@36f3985, [ImportsContextCustomizer@1c33797a key = [org.springframework.boot.test.autoconfigure.web.servlet.MockMvcAutoConfiguration, org.springframework.boot.test.autoconfigure.web.servlet.MockMvcWebClientAutoConfiguration, org.springframework.boot.test.autoconfigure.web.servlet.MockMvcWebDriverAutoConfiguration, org.springframework.boot.autoconfigure.security.oauth2.client.servlet.OAuth2ClientAutoConfiguration, org.springframework.boot.autoconfigure.security.oauth2.resource.servlet.OAuth2ResourceServerAutoConfiguration, org.springframework.boot.autoconfigure.security.servlet.SecurityAutoConfiguration, org.springframework.boot.autoconfigure.security.servlet.SecurityFilterAutoConfiguration, org.springframework.boot.autoconfigure.security.servlet.UserDetailsServiceAutoConfiguration, org.springframework.boot.test.autoconfigure.web.servlet.MockMvcSecurityConfiguration]], org.springframework.boot.test.context.filter.ExcludeFilterContextCustomizer@465bc06d, org.springframework.boot.test.json.DuplicateJsonObjectContextCustomizerFactory$DuplicateJsonObjectContextCustomizer@7bb6418b, org.springframework.boot.test.mock.mockito.MockitoContextCustomizer@0, org.springframework.boot.test.web.client.TestRestTemplateContextCustomizer@23d4aa12, org.springframework.boot.test.context.SpringBootTestArgs@1, org.springframework.boot.test.context.SpringBootTestWebEnvironment@3db94553], resourceBasePath = 'src/main/webapp', contextLoader = 'org.springframework.boot.test.context.SpringBootContextLoader', parent = [null]], attributes = map['org.springframework.test.context.web.ServletTestExecutionListener.activateListener' -> true, 'org.springframework.test.context.web.ServletTestExecutionListener.populatedRequestContextHolder' -> true, 'org.springframework.test.context.web.ServletTestExecutionListener.resetRequestContextHolder' -> true]]
2021-03-12 14:35:06.976  INFO 43004 --- [    Test worker] o.s.t.c.transaction.TransactionContext   : Began transaction (1) for test context [DefaultTestContext@668d0def testClass = RoadmapControllerTest, testInstance = com.roadmap.roadmap.RoadmapControllerTest@4d50c544, testMethod = roadmapMembersView@RoadmapControllerTest, testException = [null], mergedContextConfiguration = [WebMergedContextConfiguration@28da74ec testClass = RoadmapControllerTest, locations = '{}', classes = '{class com.roadmap.CoreApplication}', contextInitializerClasses = '[]', activeProfiles = '{}', propertySourceLocations = '{}', propertySourceProperties = '{org.springframework.boot.test.context.SpringBootTestContextBootstrapper=true}', contextCustomizers = set[org.springframework.boot.test.autoconfigure.properties.PropertyMappingContextCustomizer@4b3fa0b3, org.springframework.boot.test.autoconfigure.web.servlet.WebDriverContextCustomizerFactory$Customizer@36f3985, [ImportsContextCustomizer@1c33797a key = [org.springframework.boot.test.autoconfigure.web.servlet.MockMvcAutoConfiguration, org.springframework.boot.test.autoconfigure.web.servlet.MockMvcWebClientAutoConfiguration, org.springframework.boot.test.autoconfigure.web.servlet.MockMvcWebDriverAutoConfiguration, org.springframework.boot.autoconfigure.security.oauth2.client.servlet.OAuth2ClientAutoConfiguration, org.springframework.boot.autoconfigure.security.oauth2.resource.servlet.OAuth2ResourceServerAutoConfiguration, org.springframework.boot.autoconfigure.security.servlet.SecurityAutoConfiguration, org.springframework.boot.autoconfigure.security.servlet.SecurityFilterAutoConfiguration, org.springframework.boot.autoconfigure.security.servlet.UserDetailsServiceAutoConfiguration, org.springframework.boot.test.autoconfigure.web.servlet.MockMvcSecurityConfiguration]], org.springframework.boot.test.context.filter.ExcludeFilterContextCustomizer@465bc06d, org.springframework.boot.test.json.DuplicateJsonObjectContextCustomizerFactory$DuplicateJsonObjectContextCustomizer@7bb6418b, org.springframework.boot.test.mock.mockito.MockitoContextCustomizer@0, org.springframework.boot.test.web.client.TestRestTemplateContextCustomizer@23d4aa12, org.springframework.boot.test.context.SpringBootTestArgs@1, org.springframework.boot.test.context.SpringBootTestWebEnvironment@3db94553], resourceBasePath = 'src/main/webapp', contextLoader = 'org.springframework.boot.test.context.SpringBootContextLoader', parent = [null]], attributes = map['org.springframework.test.context.web.ServletTestExecutionListener.activateListener' -> true, 'org.springframework.test.context.web.ServletTestExecutionListener.populatedRequestContextHolder' -> true, 'org.springframework.test.context.web.ServletTestExecutionListener.resetRequestContextHolder' -> true]]; transaction manager [org.springframework.orm.jpa.JpaTransactionManager@3a25d063]; rollback [true]
2021-03-12 14:35:07.041  INFO 43004 --- [    Test worker] com.roadmap.service.MemberService        : email send signup confirm Email link : /check-email-token?token=12127e16-4149-4a7c-a91d-18f1f1ea1169&email=epepep@email.com
2021-03-12 14:35:07.041 DEBUG 43004 --- [    Test worker] org.hibernate.SQL                        : 
    select
        nextval ('hibernate_sequence')
2021-03-12 14:35:07.086 DEBUG 43004 --- [    Test worker] org.hibernate.SQL                        : 
    insert 
    into
        member
        (moddate, regdate, bio, email, email_check_token, email_check_token_generated_at, email_verified, from_social, joined_at, loc_id, nickname, occupation, password, profile_image, roadmap_created_by_email, roadmap_created_by_web, roadmap_enrollment_result_by_email, roadmap_enrollment_result_by_web, roadmap_updated_by_email, roadmap_updated_by_web, url, id) 
    values
        (?, ?, ?, ?, ?, ?, ?, ?, ?, ?, ?, ?, ?, ?, ?, ?, ?, ?, ?, ?, ?, ?)
2021-03-12 14:35:07.086 TRACE 43004 --- [    Test worker] o.h.type.descriptor.sql.BasicBinder      : binding parameter [1] as [TIMESTAMP] - [2021-03-12T14:35:07.041113400]
2021-03-12 14:35:07.086 TRACE 43004 --- [    Test worker] o.h.type.descriptor.sql.BasicBinder      : binding parameter [2] as [TIMESTAMP] - [2021-03-12T14:35:07.041113400]
2021-03-12 14:35:07.086 TRACE 43004 --- [    Test worker] o.h.type.descriptor.sql.BasicBinder      : binding parameter [3] as [VARCHAR] - [null]
2021-03-12 14:35:07.086 TRACE 43004 --- [    Test worker] o.h.type.descriptor.sql.BasicBinder      : binding parameter [4] as [VARCHAR] - [epepep@email.com]
2021-03-12 14:35:07.086 TRACE 43004 --- [    Test worker] o.h.type.descriptor.sql.BasicBinder      : binding parameter [5] as [VARCHAR] - [12127e16-4149-4a7c-a91d-18f1f1ea1169]
2021-03-12 14:35:07.086 TRACE 43004 --- [    Test worker] o.h.type.descriptor.sql.BasicBinder      : binding parameter [6] as [TIMESTAMP] - [2021-03-12T14:35:07.040111]
2021-03-12 14:35:07.086 TRACE 43004 --- [    Test worker] o.h.type.descriptor.sql.BasicBinder      : binding parameter [7] as [BOOLEAN] - [false]
2021-03-12 14:35:07.086 TRACE 43004 --- [    Test worker] o.h.type.descriptor.sql.BasicBinder      : binding parameter [8] as [BOOLEAN] - [false]
2021-03-12 14:35:07.086 TRACE 43004 --- [    Test worker] o.h.type.descriptor.sql.BasicBinder      : binding parameter [9] as [TIMESTAMP] - [2021-03-12T14:35:07.040111]
2021-03-12 14:35:07.086 TRACE 43004 --- [    Test worker] o.h.type.descriptor.sql.BasicBinder      : binding parameter [10] as [BIGINT] - [null]
2021-03-12 14:35:07.087 TRACE 43004 --- [    Test worker] o.h.type.descriptor.sql.BasicBinder      : binding parameter [11] as [VARCHAR] - [epepep]
2021-03-12 14:35:07.087 TRACE 43004 --- [    Test worker] o.h.type.descriptor.sql.BasicBinder      : binding parameter [12] as [VARCHAR] - [null]
2021-03-12 14:35:07.087 TRACE 43004 --- [    Test worker] o.h.type.descriptor.sql.BasicBinder      : binding parameter [13] as [VARCHAR] - [{bcrypt}$2a$10$0p/6bBtqHIAHaqdns1ZcIe8tAFcxiiFY6O1pjlfq1WgmGA5vvpFHW]
2021-03-12 14:35:07.087 TRACE 43004 --- [    Test worker] o.h.type.descriptor.sql.BasicBinder      : binding parameter [14] as [CLOB] - [null]
2021-03-12 14:35:07.087 TRACE 43004 --- [    Test worker] o.h.type.descriptor.sql.BasicBinder      : binding parameter [15] as [BOOLEAN] - [false]
2021-03-12 14:35:07.087 TRACE 43004 --- [    Test worker] o.h.type.descriptor.sql.BasicBinder      : binding parameter [16] as [BOOLEAN] - [true]
2021-03-12 14:35:07.087 TRACE 43004 --- [    Test worker] o.h.type.descriptor.sql.BasicBinder      : binding parameter [17] as [BOOLEAN] - [false]
2021-03-12 14:35:07.087 TRACE 43004 --- [    Test worker] o.h.type.descriptor.sql.BasicBinder      : binding parameter [18] as [BOOLEAN] - [true]
2021-03-12 14:35:07.087 TRACE 43004 --- [    Test worker] o.h.type.descriptor.sql.BasicBinder      : binding parameter [19] as [BOOLEAN] - [false]
2021-03-12 14:35:07.087 TRACE 43004 --- [    Test worker] o.h.type.descriptor.sql.BasicBinder      : binding parameter [20] as [BOOLEAN] - [true]
2021-03-12 14:35:07.087 TRACE 43004 --- [    Test worker] o.h.type.descriptor.sql.BasicBinder      : binding parameter [21] as [VARCHAR] - [null]
2021-03-12 14:35:07.087 TRACE 43004 --- [    Test worker] o.h.type.descriptor.sql.BasicBinder      : binding parameter [22] as [BIGINT] - [67]
2021-03-12 14:35:07.141 DEBUG 43004 --- [    Test worker] org.hibernate.SQL                        : 
    insert 
    into
        member_role_set
        (member_id, role_set) 
    values
        (?, ?)
2021-03-12 14:35:07.141 TRACE 43004 --- [    Test worker] o.h.type.descriptor.sql.BasicBinder      : binding parameter [1] as [BIGINT] - [67]
2021-03-12 14:35:07.141 TRACE 43004 --- [    Test worker] o.h.type.descriptor.sql.BasicBinder      : binding parameter [2] as [VARCHAR] - [USER]
2021-03-12 14:35:07.180 DEBUG 43004 --- [    Test worker] org.hibernate.SQL                        : 
    select
        member0_.id as id1_3_,
        member0_.moddate as moddate2_3_,
        member0_.regdate as regdate3_3_,
        member0_.bio as bio4_3_,
        member0_.email as email5_3_,
        member0_.email_check_token as email_ch6_3_,
        member0_.email_check_token_generated_at as email_ch7_3_,
        member0_.email_verified as email_ve8_3_,
        member0_.from_social as from_soc9_3_,
        member0_.joined_at as joined_10_3_,
        member0_.loc_id as loc_id22_3_,
        member0_.nickname as nicknam11_3_,
        member0_.occupation as occupat12_3_,
        member0_.password as passwor13_3_,
        member0_.profile_image as profile14_3_,
        member0_.roadmap_created_by_email as roadmap15_3_,
        member0_.roadmap_created_by_web as roadmap16_3_,
        member0_.roadmap_enrollment_result_by_email as roadmap17_3_,
        member0_.roadmap_enrollment_result_by_web as roadmap18_3_,
        member0_.roadmap_updated_by_email as roadmap19_3_,
        member0_.roadmap_updated_by_web as roadmap20_3_,
        member0_.url as url21_3_ 
    from
        member member0_ 
    where
        member0_.email=?
2021-03-12 14:35:07.180 TRACE 43004 --- [    Test worker] o.h.type.descriptor.sql.BasicBinder      : binding parameter [1] as [VARCHAR] - [epepep]
2021-03-12 14:35:07.245 DEBUG 43004 --- [    Test worker] org.hibernate.SQL                        : 
    select
        member0_.id as id1_3_,
        member0_.moddate as moddate2_3_,
        member0_.regdate as regdate3_3_,
        member0_.bio as bio4_3_,
        member0_.email as email5_3_,
        member0_.email_check_token as email_ch6_3_,
        member0_.email_check_token_generated_at as email_ch7_3_,
        member0_.email_verified as email_ve8_3_,
        member0_.from_social as from_soc9_3_,
        member0_.joined_at as joined_10_3_,
        member0_.loc_id as loc_id22_3_,
        member0_.nickname as nicknam11_3_,
        member0_.occupation as occupat12_3_,
        member0_.password as passwor13_3_,
        member0_.profile_image as profile14_3_,
        member0_.roadmap_created_by_email as roadmap15_3_,
        member0_.roadmap_created_by_web as roadmap16_3_,
        member0_.roadmap_enrollment_result_by_email as roadmap17_3_,
        member0_.roadmap_enrollment_result_by_web as roadmap18_3_,
        member0_.roadmap_updated_by_email as roadmap19_3_,
        member0_.roadmap_updated_by_web as roadmap20_3_,
        member0_.url as url21_3_ 
    from
        member member0_ 
    where
        member0_.nickname=?
2021-03-12 14:35:07.245 TRACE 43004 --- [    Test worker] o.h.type.descriptor.sql.BasicBinder      : binding parameter [1] as [VARCHAR] - [epepep]
2021-03-12 14:35:07.292 DEBUG 43004 --- [    Test worker] org.hibernate.SQL                        : 
    select
        member0_.id as id1_3_,
        member0_.moddate as moddate2_3_,
        member0_.regdate as regdate3_3_,
        member0_.bio as bio4_3_,
        member0_.email as email5_3_,
        member0_.email_check_token as email_ch6_3_,
        member0_.email_check_token_generated_at as email_ch7_3_,
        member0_.email_verified as email_ve8_3_,
        member0_.from_social as from_soc9_3_,
        member0_.joined_at as joined_10_3_,
        member0_.loc_id as loc_id22_3_,
        member0_.nickname as nicknam11_3_,
        member0_.occupation as occupat12_3_,
        member0_.password as passwor13_3_,
        member0_.profile_image as profile14_3_,
        member0_.roadmap_created_by_email as roadmap15_3_,
        member0_.roadmap_created_by_web as roadmap16_3_,
        member0_.roadmap_enrollment_result_by_email as roadmap17_3_,
        member0_.roadmap_enrollment_result_by_web as roadmap18_3_,
        member0_.roadmap_updated_by_email as roadmap19_3_,
        member0_.roadmap_updated_by_web as roadmap20_3_,
        member0_.url as url21_3_ 
    from
        member member0_ 
    where
        member0_.nickname=?
2021-03-12 14:35:07.292 TRACE 43004 --- [    Test worker] o.h.type.descriptor.sql.BasicBinder      : binding parameter [1] as [VARCHAR] - [epepep]
2021-03-12 14:35:07.341 DEBUG 43004 --- [    Test worker] org.hibernate.SQL                        : 
    select
        member0_.id as id1_3_0_,
        roadmap2_.id as id1_14_1_,
        member0_.moddate as moddate2_3_0_,
        member0_.regdate as regdate3_3_0_,
        member0_.bio as bio4_3_0_,
        member0_.email as email5_3_0_,
        member0_.email_check_token as email_ch6_3_0_,
        member0_.email_check_token_generated_at as email_ch7_3_0_,
        member0_.email_verified as email_ve8_3_0_,
        member0_.from_social as from_soc9_3_0_,
        member0_.joined_at as joined_10_3_0_,
        member0_.loc_id as loc_id22_3_0_,
        member0_.nickname as nicknam11_3_0_,
        member0_.occupation as occupat12_3_0_,
        member0_.password as passwor13_3_0_,
        member0_.profile_image as profile14_3_0_,
        member0_.roadmap_created_by_email as roadmap15_3_0_,
        member0_.roadmap_created_by_web as roadmap16_3_0_,
        member0_.roadmap_enrollment_result_by_email as roadmap17_3_0_,
        member0_.roadmap_enrollment_result_by_web as roadmap18_3_0_,
        member0_.roadmap_updated_by_email as roadmap19_3_0_,
        member0_.roadmap_updated_by_web as roadmap20_3_0_,
        member0_.url as url21_3_0_,
        roadmap2_.moddate as moddate2_14_1_,
        roadmap2_.regdate as regdate3_14_1_,
        roadmap2_.closed as closed4_14_1_,
        roadmap2_.closed_date_time as closed_d5_14_1_,
        roadmap2_.complete as complete6_14_1_,
        roadmap2_.full_description as full_des7_14_1_,
        roadmap2_.image as image8_14_1_,
        roadmap2_.milestone as mileston9_14_1_,
        roadmap2_.owner_id as owner_i19_14_1_,
        roadmap2_.path as path10_14_1_,
        roadmap2_.progress as progres11_14_1_,
        roadmap2_.published as publish12_14_1_,
        roadmap2_.published_date_time as publish13_14_1_,
        roadmap2_.recruiting as recruit14_14_1_,
        roadmap2_.recruiting_updated_date_time as recruit15_14_1_,
        roadmap2_.short_description as short_d16_14_1_,
        roadmap2_.title as title17_14_1_,
        roadmap2_.use_banner as use_ban18_14_1_,
        roadmaps1_.members_id as members_2_15_0__,
        roadmaps1_.roadmaps_id as roadmaps1_15_0__ 
    from
        member member0_ 
    left outer join
        roadmap_members roadmaps1_ 
            on member0_.id=roadmaps1_.members_id 
    left outer join
        roadmap roadmap2_ 
            on roadmaps1_.roadmaps_id=roadmap2_.id 
    where
        member0_.nickname=?
2021-03-12 14:35:07.342 TRACE 43004 --- [    Test worker] o.h.type.descriptor.sql.BasicBinder      : binding parameter [1] as [VARCHAR] - [epepep]
2021-03-12 14:35:07.422 DEBUG 43004 --- [    Test worker] org.hibernate.SQL                        : 
    insert 
    into
        roadmap
        (moddate, regdate, closed, closed_date_time, complete, full_description, image, milestone, owner_id, path, progress, published, published_date_time, recruiting, recruiting_updated_date_time, short_description, title, use_banner) 
    values
        (?, ?, ?, ?, ?, ?, ?, ?, ?, ?, ?, ?, ?, ?, ?, ?, ?, ?)
2021-03-12 14:35:07.422 TRACE 43004 --- [    Test worker] o.h.type.descriptor.sql.BasicBinder      : binding parameter [1] as [TIMESTAMP] - [2021-03-12T14:35:07.422109]
2021-03-12 14:35:07.422 TRACE 43004 --- [    Test worker] o.h.type.descriptor.sql.BasicBinder      : binding parameter [2] as [TIMESTAMP] - [2021-03-12T14:35:07.422109]
2021-03-12 14:35:07.422 TRACE 43004 --- [    Test worker] o.h.type.descriptor.sql.BasicBinder      : binding parameter [3] as [BOOLEAN] - [false]
2021-03-12 14:35:07.422 TRACE 43004 --- [    Test worker] o.h.type.descriptor.sql.BasicBinder      : binding parameter [4] as [TIMESTAMP] - [null]
2021-03-12 14:35:07.423 TRACE 43004 --- [    Test worker] o.h.type.descriptor.sql.BasicBinder      : binding parameter [5] as [BOOLEAN] - [false]
2021-03-12 14:35:07.423 TRACE 43004 --- [    Test worker] o.h.type.descriptor.sql.BasicBinder      : binding parameter [6] as [CLOB] - [긴 소개 테스트]
2021-03-12 14:35:07.672 TRACE 43004 --- [    Test worker] o.h.type.descriptor.sql.BasicBinder      : binding parameter [7] as [CLOB] - [null]
2021-03-12 14:35:07.672 TRACE 43004 --- [    Test worker] o.h.type.descriptor.sql.BasicBinder      : binding parameter [8] as [TIMESTAMP] - [null]
2021-03-12 14:35:07.672 TRACE 43004 --- [    Test worker] o.h.type.descriptor.sql.BasicBinder      : binding parameter [9] as [BIGINT] - [67]
2021-03-12 14:35:07.672 TRACE 43004 --- [    Test worker] o.h.type.descriptor.sql.BasicBinder      : binding parameter [10] as [VARCHAR] - [testpath]
2021-03-12 14:35:07.672 TRACE 43004 --- [    Test worker] o.h.type.descriptor.sql.BasicBinder      : binding parameter [11] as [DOUBLE] - [null]
2021-03-12 14:35:07.672 TRACE 43004 --- [    Test worker] o.h.type.descriptor.sql.BasicBinder      : binding parameter [12] as [BOOLEAN] - [false]
2021-03-12 14:35:07.672 TRACE 43004 --- [    Test worker] o.h.type.descriptor.sql.BasicBinder      : binding parameter [13] as [TIMESTAMP] - [null]
2021-03-12 14:35:07.672 TRACE 43004 --- [    Test worker] o.h.type.descriptor.sql.BasicBinder      : binding parameter [14] as [BOOLEAN] - [false]
2021-03-12 14:35:07.672 TRACE 43004 --- [    Test worker] o.h.type.descriptor.sql.BasicBinder      : binding parameter [15] as [TIMESTAMP] - [null]
2021-03-12 14:35:07.672 TRACE 43004 --- [    Test worker] o.h.type.descriptor.sql.BasicBinder      : binding parameter [16] as [VARCHAR] - [짧은 소개 테스트]
2021-03-12 14:35:07.672 TRACE 43004 --- [    Test worker] o.h.type.descriptor.sql.BasicBinder      : binding parameter [17] as [VARCHAR] - [제목 테스트]
2021-03-12 14:35:07.672 TRACE 43004 --- [    Test worker] o.h.type.descriptor.sql.BasicBinder      : binding parameter [18] as [BOOLEAN] - [false]
2021-03-12 14:35:07.757 DEBUG 43004 --- [    Test worker] org.hibernate.SQL                        : 
    select
        roadmap0_.id as id1_14_,
        roadmap0_.moddate as moddate2_14_,
        roadmap0_.regdate as regdate3_14_,
        roadmap0_.closed as closed4_14_,
        roadmap0_.closed_date_time as closed_d5_14_,
        roadmap0_.complete as complete6_14_,
        roadmap0_.full_description as full_des7_14_,
        roadmap0_.image as image8_14_,
        roadmap0_.milestone as mileston9_14_,
        roadmap0_.owner_id as owner_i19_14_,
        roadmap0_.path as path10_14_,
        roadmap0_.progress as progres11_14_,
        roadmap0_.published as publish12_14_,
        roadmap0_.published_date_time as publish13_14_,
        roadmap0_.recruiting as recruit14_14_,
        roadmap0_.recruiting_updated_date_time as recruit15_14_,
        roadmap0_.short_description as short_d16_14_,
        roadmap0_.title as title17_14_,
        roadmap0_.use_banner as use_ban18_14_ 
    from
        roadmap roadmap0_ 
    where
        roadmap0_.path=?
2021-03-12 14:35:07.758 TRACE 43004 --- [    Test worker] o.h.type.descriptor.sql.BasicBinder      : binding parameter [1] as [VARCHAR] - [testpath]
2021-03-12 14:35:07.806  INFO 43004 --- [    Test worker] com.roadmap.filter.ApiCheckFilter        : REQUESTURI : /roadmap/testpath/members
2021-03-12 14:35:07.806  INFO 43004 --- [    Test worker] com.roadmap.filter.ApiCheckFilter        : false
2021-03-12 14:35:07.809 DEBUG 43004 --- [    Test worker] org.hibernate.SQL                        : 
    insert 
    into
        roadmap_members
        (roadmaps_id, members_id) 
    values
        (?, ?)
2021-03-12 14:35:07.809 TRACE 43004 --- [    Test worker] o.h.type.descriptor.sql.BasicBinder      : binding parameter [1] as [BIGINT] - [12]
2021-03-12 14:35:07.809 TRACE 43004 --- [    Test worker] o.h.type.descriptor.sql.BasicBinder      : binding parameter [2] as [BIGINT] - [67]
2021-03-12 14:35:07.869 DEBUG 43004 --- [    Test worker] org.hibernate.SQL                        : 
    select
        roadmap0_.id as id1_14_0_,
        member2_.id as id1_3_1_,
        roadmap0_.moddate as moddate2_14_0_,
        roadmap0_.regdate as regdate3_14_0_,
        roadmap0_.closed as closed4_14_0_,
        roadmap0_.closed_date_time as closed_d5_14_0_,
        roadmap0_.complete as complete6_14_0_,
        roadmap0_.full_description as full_des7_14_0_,
        roadmap0_.image as image8_14_0_,
        roadmap0_.milestone as mileston9_14_0_,
        roadmap0_.owner_id as owner_i19_14_0_,
        roadmap0_.path as path10_14_0_,
        roadmap0_.progress as progres11_14_0_,
        roadmap0_.published as publish12_14_0_,
        roadmap0_.published_date_time as publish13_14_0_,
        roadmap0_.recruiting as recruit14_14_0_,
        roadmap0_.recruiting_updated_date_time as recruit15_14_0_,
        roadmap0_.short_description as short_d16_14_0_,
        roadmap0_.title as title17_14_0_,
        roadmap0_.use_banner as use_ban18_14_0_,
        member2_.moddate as moddate2_3_1_,
        member2_.regdate as regdate3_3_1_,
        member2_.bio as bio4_3_1_,
        member2_.email as email5_3_1_,
        member2_.email_check_token as email_ch6_3_1_,
        member2_.email_check_token_generated_at as email_ch7_3_1_,
        member2_.email_verified as email_ve8_3_1_,
        member2_.from_social as from_soc9_3_1_,
        member2_.joined_at as joined_10_3_1_,
        member2_.loc_id as loc_id22_3_1_,
        member2_.nickname as nicknam11_3_1_,
        member2_.occupation as occupat12_3_1_,
        member2_.password as passwor13_3_1_,
        member2_.profile_image as profile14_3_1_,
        member2_.roadmap_created_by_email as roadmap15_3_1_,
        member2_.roadmap_created_by_web as roadmap16_3_1_,
        member2_.roadmap_enrollment_result_by_email as roadmap17_3_1_,
        member2_.roadmap_enrollment_result_by_web as roadmap18_3_1_,
        member2_.roadmap_updated_by_email as roadmap19_3_1_,
        member2_.roadmap_updated_by_web as roadmap20_3_1_,
        member2_.url as url21_3_1_,
        members1_.roadmaps_id as roadmaps1_15_0__,
        members1_.members_id as members_2_15_0__ 
    from
        roadmap roadmap0_ 
    left outer join
        roadmap_members members1_ 
            on roadmap0_.id=members1_.roadmaps_id 
    left outer join
        member member2_ 
            on members1_.members_id=member2_.id 
    where
        roadmap0_.path=?
2021-03-12 14:35:07.869 TRACE 43004 --- [    Test worker] o.h.type.descriptor.sql.BasicBinder      : binding parameter [1] as [VARCHAR] - [testpath]
2021-03-12 14:35:08.009  INFO 43004 --- [    Test worker] o.s.t.c.transaction.TransactionContext   : Rolled back transaction for test: [DefaultTestContext@668d0def testClass = RoadmapControllerTest, testInstance = com.roadmap.roadmap.RoadmapControllerTest@4d50c544, testMethod = roadmapMembersView@RoadmapControllerTest, testException = [null], mergedContextConfiguration = [WebMergedContextConfiguration@28da74ec testClass = RoadmapControllerTest, locations = '{}', classes = '{class com.roadmap.CoreApplication}', contextInitializerClasses = '[]', activeProfiles = '{}', propertySourceLocations = '{}', propertySourceProperties = '{org.springframework.boot.test.context.SpringBootTestContextBootstrapper=true}', contextCustomizers = set[org.springframework.boot.test.autoconfigure.properties.PropertyMappingContextCustomizer@4b3fa0b3, org.springframework.boot.test.autoconfigure.web.servlet.WebDriverContextCustomizerFactory$Customizer@36f3985, [ImportsContextCustomizer@1c33797a key = [org.springframework.boot.test.autoconfigure.web.servlet.MockMvcAutoConfiguration, org.springframework.boot.test.autoconfigure.web.servlet.MockMvcWebClientAutoConfiguration, org.springframework.boot.test.autoconfigure.web.servlet.MockMvcWebDriverAutoConfiguration, org.springframework.boot.autoconfigure.security.oauth2.client.servlet.OAuth2ClientAutoConfiguration, org.springframework.boot.autoconfigure.security.oauth2.resource.servlet.OAuth2ResourceServerAutoConfiguration, org.springframework.boot.autoconfigure.security.servlet.SecurityAutoConfiguration, org.springframework.boot.autoconfigure.security.servlet.SecurityFilterAutoConfiguration, org.springframework.boot.autoconfigure.security.servlet.UserDetailsServiceAutoConfiguration, org.springframework.boot.test.autoconfigure.web.servlet.MockMvcSecurityConfiguration]], org.springframework.boot.test.context.filter.ExcludeFilterContextCustomizer@465bc06d, org.springframework.boot.test.json.DuplicateJsonObjectContextCustomizerFactory$DuplicateJsonObjectContextCustomizer@7bb6418b, org.springframework.boot.test.mock.mockito.MockitoContextCustomizer@0, org.springframework.boot.test.web.client.TestRestTemplateContextCustomizer@23d4aa12, org.springframework.boot.test.context.SpringBootTestArgs@1, org.springframework.boot.test.context.SpringBootTestWebEnvironment@3db94553], resourceBasePath = 'src/main/webapp', contextLoader = 'org.springframework.boot.test.context.SpringBootContextLoader', parent = [null]], attributes = map['org.springframework.test.context.web.ServletTestExecutionListener.activateListener' -> true, 'org.springframework.test.context.web.ServletTestExecutionListener.populatedRequestContextHolder' -> true, 'org.springframework.test.context.web.ServletTestExecutionListener.resetRequestContextHolder' -> true]]
2021-03-12 14:35:08.013  INFO 43004 --- [    Test worker] o.s.t.c.transaction.TransactionContext   : Began transaction (1) for test context [DefaultTestContext@668d0def testClass = RoadmapControllerTest, testInstance = com.roadmap.roadmap.RoadmapControllerTest@29284b1a, testMethod = newRoadmapView_submit_correct@RoadmapControllerTest, testException = [null], mergedContextConfiguration = [WebMergedContextConfiguration@28da74ec testClass = RoadmapControllerTest, locations = '{}', classes = '{class com.roadmap.CoreApplication}', contextInitializerClasses = '[]', activeProfiles = '{}', propertySourceLocations = '{}', propertySourceProperties = '{org.springframework.boot.test.context.SpringBootTestContextBootstrapper=true}', contextCustomizers = set[org.springframework.boot.test.autoconfigure.properties.PropertyMappingContextCustomizer@4b3fa0b3, org.springframework.boot.test.autoconfigure.web.servlet.WebDriverContextCustomizerFactory$Customizer@36f3985, [ImportsContextCustomizer@1c33797a key = [org.springframework.boot.test.autoconfigure.web.servlet.MockMvcAutoConfiguration, org.springframework.boot.test.autoconfigure.web.servlet.MockMvcWebClientAutoConfiguration, org.springframework.boot.test.autoconfigure.web.servlet.MockMvcWebDriverAutoConfiguration, org.springframework.boot.autoconfigure.security.oauth2.client.servlet.OAuth2ClientAutoConfiguration, org.springframework.boot.autoconfigure.security.oauth2.resource.servlet.OAuth2ResourceServerAutoConfiguration, org.springframework.boot.autoconfigure.security.servlet.SecurityAutoConfiguration, org.springframework.boot.autoconfigure.security.servlet.SecurityFilterAutoConfiguration, org.springframework.boot.autoconfigure.security.servlet.UserDetailsServiceAutoConfiguration, org.springframework.boot.test.autoconfigure.web.servlet.MockMvcSecurityConfiguration]], org.springframework.boot.test.context.filter.ExcludeFilterContextCustomizer@465bc06d, org.springframework.boot.test.json.DuplicateJsonObjectContextCustomizerFactory$DuplicateJsonObjectContextCustomizer@7bb6418b, org.springframework.boot.test.mock.mockito.MockitoContextCustomizer@0, org.springframework.boot.test.web.client.TestRestTemplateContextCustomizer@23d4aa12, org.springframework.boot.test.context.SpringBootTestArgs@1, org.springframework.boot.test.context.SpringBootTestWebEnvironment@3db94553], resourceBasePath = 'src/main/webapp', contextLoader = 'org.springframework.boot.test.context.SpringBootContextLoader', parent = [null]], attributes = map['org.springframework.test.context.web.ServletTestExecutionListener.activateListener' -> true, 'org.springframework.test.context.web.ServletTestExecutionListener.populatedRequestContextHolder' -> true, 'org.springframework.test.context.web.ServletTestExecutionListener.resetRequestContextHolder' -> true]]; transaction manager [org.springframework.orm.jpa.JpaTransactionManager@3a25d063]; rollback [true]
2021-03-12 14:35:08.079  INFO 43004 --- [    Test worker] com.roadmap.service.MemberService        : email send signup confirm Email link : /check-email-token?token=48ccd221-3556-484d-8ed7-d19eb1442f65&email=epepep@email.com
2021-03-12 14:35:08.079 DEBUG 43004 --- [    Test worker] org.hibernate.SQL                        : 
    select
        nextval ('hibernate_sequence')
2021-03-12 14:35:08.124 DEBUG 43004 --- [    Test worker] org.hibernate.SQL                        : 
    insert 
    into
        member
        (moddate, regdate, bio, email, email_check_token, email_check_token_generated_at, email_verified, from_social, joined_at, loc_id, nickname, occupation, password, profile_image, roadmap_created_by_email, roadmap_created_by_web, roadmap_enrollment_result_by_email, roadmap_enrollment_result_by_web, roadmap_updated_by_email, roadmap_updated_by_web, url, id) 
    values
        (?, ?, ?, ?, ?, ?, ?, ?, ?, ?, ?, ?, ?, ?, ?, ?, ?, ?, ?, ?, ?, ?)
2021-03-12 14:35:08.125 TRACE 43004 --- [    Test worker] o.h.type.descriptor.sql.BasicBinder      : binding parameter [1] as [TIMESTAMP] - [2021-03-12T14:35:08.079115200]
2021-03-12 14:35:08.125 TRACE 43004 --- [    Test worker] o.h.type.descriptor.sql.BasicBinder      : binding parameter [2] as [TIMESTAMP] - [2021-03-12T14:35:08.079115200]
2021-03-12 14:35:08.125 TRACE 43004 --- [    Test worker] o.h.type.descriptor.sql.BasicBinder      : binding parameter [3] as [VARCHAR] - [null]
2021-03-12 14:35:08.125 TRACE 43004 --- [    Test worker] o.h.type.descriptor.sql.BasicBinder      : binding parameter [4] as [VARCHAR] - [epepep@email.com]
2021-03-12 14:35:08.125 TRACE 43004 --- [    Test worker] o.h.type.descriptor.sql.BasicBinder      : binding parameter [5] as [VARCHAR] - [48ccd221-3556-484d-8ed7-d19eb1442f65]
2021-03-12 14:35:08.125 TRACE 43004 --- [    Test worker] o.h.type.descriptor.sql.BasicBinder      : binding parameter [6] as [TIMESTAMP] - [2021-03-12T14:35:08.078121400]
2021-03-12 14:35:08.125 TRACE 43004 --- [    Test worker] o.h.type.descriptor.sql.BasicBinder      : binding parameter [7] as [BOOLEAN] - [false]
2021-03-12 14:35:08.125 TRACE 43004 --- [    Test worker] o.h.type.descriptor.sql.BasicBinder      : binding parameter [8] as [BOOLEAN] - [false]
2021-03-12 14:35:08.125 TRACE 43004 --- [    Test worker] o.h.type.descriptor.sql.BasicBinder      : binding parameter [9] as [TIMESTAMP] - [2021-03-12T14:35:08.078121400]
2021-03-12 14:35:08.125 TRACE 43004 --- [    Test worker] o.h.type.descriptor.sql.BasicBinder      : binding parameter [10] as [BIGINT] - [null]
2021-03-12 14:35:08.125 TRACE 43004 --- [    Test worker] o.h.type.descriptor.sql.BasicBinder      : binding parameter [11] as [VARCHAR] - [epepep]
2021-03-12 14:35:08.125 TRACE 43004 --- [    Test worker] o.h.type.descriptor.sql.BasicBinder      : binding parameter [12] as [VARCHAR] - [null]
2021-03-12 14:35:08.125 TRACE 43004 --- [    Test worker] o.h.type.descriptor.sql.BasicBinder      : binding parameter [13] as [VARCHAR] - [{bcrypt}$2a$10$8bwGpVLfORUGpXcowmG/1upnIrjVvJ.XIPcZtNDUWddxse4OE7ZsK]
2021-03-12 14:35:08.125 TRACE 43004 --- [    Test worker] o.h.type.descriptor.sql.BasicBinder      : binding parameter [14] as [CLOB] - [null]
2021-03-12 14:35:08.125 TRACE 43004 --- [    Test worker] o.h.type.descriptor.sql.BasicBinder      : binding parameter [15] as [BOOLEAN] - [false]
2021-03-12 14:35:08.125 TRACE 43004 --- [    Test worker] o.h.type.descriptor.sql.BasicBinder      : binding parameter [16] as [BOOLEAN] - [true]
2021-03-12 14:35:08.125 TRACE 43004 --- [    Test worker] o.h.type.descriptor.sql.BasicBinder      : binding parameter [17] as [BOOLEAN] - [false]
2021-03-12 14:35:08.125 TRACE 43004 --- [    Test worker] o.h.type.descriptor.sql.BasicBinder      : binding parameter [18] as [BOOLEAN] - [true]
2021-03-12 14:35:08.125 TRACE 43004 --- [    Test worker] o.h.type.descriptor.sql.BasicBinder      : binding parameter [19] as [BOOLEAN] - [false]
2021-03-12 14:35:08.125 TRACE 43004 --- [    Test worker] o.h.type.descriptor.sql.BasicBinder      : binding parameter [20] as [BOOLEAN] - [true]
2021-03-12 14:35:08.125 TRACE 43004 --- [    Test worker] o.h.type.descriptor.sql.BasicBinder      : binding parameter [21] as [VARCHAR] - [null]
2021-03-12 14:35:08.125 TRACE 43004 --- [    Test worker] o.h.type.descriptor.sql.BasicBinder      : binding parameter [22] as [BIGINT] - [68]
2021-03-12 14:35:08.169 DEBUG 43004 --- [    Test worker] org.hibernate.SQL                        : 
    insert 
    into
        member_role_set
        (member_id, role_set) 
    values
        (?, ?)
2021-03-12 14:35:08.169 TRACE 43004 --- [    Test worker] o.h.type.descriptor.sql.BasicBinder      : binding parameter [1] as [BIGINT] - [68]
2021-03-12 14:35:08.169 TRACE 43004 --- [    Test worker] o.h.type.descriptor.sql.BasicBinder      : binding parameter [2] as [VARCHAR] - [USER]
2021-03-12 14:35:08.223 DEBUG 43004 --- [    Test worker] org.hibernate.SQL                        : 
    select
        member0_.id as id1_3_,
        member0_.moddate as moddate2_3_,
        member0_.regdate as regdate3_3_,
        member0_.bio as bio4_3_,
        member0_.email as email5_3_,
        member0_.email_check_token as email_ch6_3_,
        member0_.email_check_token_generated_at as email_ch7_3_,
        member0_.email_verified as email_ve8_3_,
        member0_.from_social as from_soc9_3_,
        member0_.joined_at as joined_10_3_,
        member0_.loc_id as loc_id22_3_,
        member0_.nickname as nicknam11_3_,
        member0_.occupation as occupat12_3_,
        member0_.password as passwor13_3_,
        member0_.profile_image as profile14_3_,
        member0_.roadmap_created_by_email as roadmap15_3_,
        member0_.roadmap_created_by_web as roadmap16_3_,
        member0_.roadmap_enrollment_result_by_email as roadmap17_3_,
        member0_.roadmap_enrollment_result_by_web as roadmap18_3_,
        member0_.roadmap_updated_by_email as roadmap19_3_,
        member0_.roadmap_updated_by_web as roadmap20_3_,
        member0_.url as url21_3_ 
    from
        member member0_ 
    where
        member0_.email=?
2021-03-12 14:35:08.223 TRACE 43004 --- [    Test worker] o.h.type.descriptor.sql.BasicBinder      : binding parameter [1] as [VARCHAR] - [epepep]
2021-03-12 14:35:08.265 DEBUG 43004 --- [    Test worker] org.hibernate.SQL                        : 
    select
        member0_.id as id1_3_,
        member0_.moddate as moddate2_3_,
        member0_.regdate as regdate3_3_,
        member0_.bio as bio4_3_,
        member0_.email as email5_3_,
        member0_.email_check_token as email_ch6_3_,
        member0_.email_check_token_generated_at as email_ch7_3_,
        member0_.email_verified as email_ve8_3_,
        member0_.from_social as from_soc9_3_,
        member0_.joined_at as joined_10_3_,
        member0_.loc_id as loc_id22_3_,
        member0_.nickname as nicknam11_3_,
        member0_.occupation as occupat12_3_,
        member0_.password as passwor13_3_,
        member0_.profile_image as profile14_3_,
        member0_.roadmap_created_by_email as roadmap15_3_,
        member0_.roadmap_created_by_web as roadmap16_3_,
        member0_.roadmap_enrollment_result_by_email as roadmap17_3_,
        member0_.roadmap_enrollment_result_by_web as roadmap18_3_,
        member0_.roadmap_updated_by_email as roadmap19_3_,
        member0_.roadmap_updated_by_web as roadmap20_3_,
        member0_.url as url21_3_ 
    from
        member member0_ 
    where
        member0_.nickname=?
2021-03-12 14:35:08.266 TRACE 43004 --- [    Test worker] o.h.type.descriptor.sql.BasicBinder      : binding parameter [1] as [VARCHAR] - [epepep]
2021-03-12 14:35:08.313 DEBUG 43004 --- [    Test worker] org.hibernate.SQL                        : 
    select
        member0_.id as id1_3_,
        member0_.moddate as moddate2_3_,
        member0_.regdate as regdate3_3_,
        member0_.bio as bio4_3_,
        member0_.email as email5_3_,
        member0_.email_check_token as email_ch6_3_,
        member0_.email_check_token_generated_at as email_ch7_3_,
        member0_.email_verified as email_ve8_3_,
        member0_.from_social as from_soc9_3_,
        member0_.joined_at as joined_10_3_,
        member0_.loc_id as loc_id22_3_,
        member0_.nickname as nicknam11_3_,
        member0_.occupation as occupat12_3_,
        member0_.password as passwor13_3_,
        member0_.profile_image as profile14_3_,
        member0_.roadmap_created_by_email as roadmap15_3_,
        member0_.roadmap_created_by_web as roadmap16_3_,
        member0_.roadmap_enrollment_result_by_email as roadmap17_3_,
        member0_.roadmap_enrollment_result_by_web as roadmap18_3_,
        member0_.roadmap_updated_by_email as roadmap19_3_,
        member0_.roadmap_updated_by_web as roadmap20_3_,
        member0_.url as url21_3_ 
    from
        member member0_ 
    where
        member0_.nickname=?
2021-03-12 14:35:08.313 TRACE 43004 --- [    Test worker] o.h.type.descriptor.sql.BasicBinder      : binding parameter [1] as [VARCHAR] - [epepep]
2021-03-12 14:35:08.362  INFO 43004 --- [    Test worker] com.roadmap.filter.ApiCheckFilter        : REQUESTURI : /new-roadmap
2021-03-12 14:35:08.362  INFO 43004 --- [    Test worker] com.roadmap.filter.ApiCheckFilter        : false
2021-03-12 14:35:08.371 DEBUG 43004 --- [    Test worker] org.hibernate.SQL                        : 
    select
        roadmap0_.id as col_0_0_ 
    from
        roadmap roadmap0_ 
    where
        roadmap0_.path=? limit ?
2021-03-12 14:35:08.371 TRACE 43004 --- [    Test worker] o.h.type.descriptor.sql.BasicBinder      : binding parameter [1] as [VARCHAR] - [testpath]
2021-03-12 14:35:08.428 DEBUG 43004 --- [    Test worker] org.hibernate.SQL                        : 
    select
        member0_.id as id1_3_0_,
        roadmap2_.id as id1_14_1_,
        member0_.moddate as moddate2_3_0_,
        member0_.regdate as regdate3_3_0_,
        member0_.bio as bio4_3_0_,
        member0_.email as email5_3_0_,
        member0_.email_check_token as email_ch6_3_0_,
        member0_.email_check_token_generated_at as email_ch7_3_0_,
        member0_.email_verified as email_ve8_3_0_,
        member0_.from_social as from_soc9_3_0_,
        member0_.joined_at as joined_10_3_0_,
        member0_.loc_id as loc_id22_3_0_,
        member0_.nickname as nicknam11_3_0_,
        member0_.occupation as occupat12_3_0_,
        member0_.password as passwor13_3_0_,
        member0_.profile_image as profile14_3_0_,
        member0_.roadmap_created_by_email as roadmap15_3_0_,
        member0_.roadmap_created_by_web as roadmap16_3_0_,
        member0_.roadmap_enrollment_result_by_email as roadmap17_3_0_,
        member0_.roadmap_enrollment_result_by_web as roadmap18_3_0_,
        member0_.roadmap_updated_by_email as roadmap19_3_0_,
        member0_.roadmap_updated_by_web as roadmap20_3_0_,
        member0_.url as url21_3_0_,
        roadmap2_.moddate as moddate2_14_1_,
        roadmap2_.regdate as regdate3_14_1_,
        roadmap2_.closed as closed4_14_1_,
        roadmap2_.closed_date_time as closed_d5_14_1_,
        roadmap2_.complete as complete6_14_1_,
        roadmap2_.full_description as full_des7_14_1_,
        roadmap2_.image as image8_14_1_,
        roadmap2_.milestone as mileston9_14_1_,
        roadmap2_.owner_id as owner_i19_14_1_,
        roadmap2_.path as path10_14_1_,
        roadmap2_.progress as progres11_14_1_,
        roadmap2_.published as publish12_14_1_,
        roadmap2_.published_date_time as publish13_14_1_,
        roadmap2_.recruiting as recruit14_14_1_,
        roadmap2_.recruiting_updated_date_time as recruit15_14_1_,
        roadmap2_.short_description as short_d16_14_1_,
        roadmap2_.title as title17_14_1_,
        roadmap2_.use_banner as use_ban18_14_1_,
        roadmaps1_.members_id as members_2_15_0__,
        roadmaps1_.roadmaps_id as roadmaps1_15_0__ 
    from
        member member0_ 
    left outer join
        roadmap_members roadmaps1_ 
            on member0_.id=roadmaps1_.members_id 
    left outer join
        roadmap roadmap2_ 
            on roadmaps1_.roadmaps_id=roadmap2_.id 
    where
        member0_.nickname=?
2021-03-12 14:35:08.428 TRACE 43004 --- [    Test worker] o.h.type.descriptor.sql.BasicBinder      : binding parameter [1] as [VARCHAR] - [epepep]
2021-03-12 14:35:08.472 DEBUG 43004 --- [    Test worker] org.hibernate.SQL                        : 
    insert 
    into
        roadmap
        (moddate, regdate, closed, closed_date_time, complete, full_description, image, milestone, owner_id, path, progress, published, published_date_time, recruiting, recruiting_updated_date_time, short_description, title, use_banner) 
    values
        (?, ?, ?, ?, ?, ?, ?, ?, ?, ?, ?, ?, ?, ?, ?, ?, ?, ?)
2021-03-12 14:35:08.472 TRACE 43004 --- [    Test worker] o.h.type.descriptor.sql.BasicBinder      : binding parameter [1] as [TIMESTAMP] - [2021-03-12T14:35:08.472108]
2021-03-12 14:35:08.472 TRACE 43004 --- [    Test worker] o.h.type.descriptor.sql.BasicBinder      : binding parameter [2] as [TIMESTAMP] - [2021-03-12T14:35:08.472108]
2021-03-12 14:35:08.472 TRACE 43004 --- [    Test worker] o.h.type.descriptor.sql.BasicBinder      : binding parameter [3] as [BOOLEAN] - [false]
2021-03-12 14:35:08.472 TRACE 43004 --- [    Test worker] o.h.type.descriptor.sql.BasicBinder      : binding parameter [4] as [TIMESTAMP] - [null]
2021-03-12 14:35:08.472 TRACE 43004 --- [    Test worker] o.h.type.descriptor.sql.BasicBinder      : binding parameter [5] as [BOOLEAN] - [false]
2021-03-12 14:35:08.472 TRACE 43004 --- [    Test worker] o.h.type.descriptor.sql.BasicBinder      : binding parameter [6] as [CLOB] - [긴 소개 테스트]
2021-03-12 14:35:08.656 TRACE 43004 --- [    Test worker] o.h.type.descriptor.sql.BasicBinder      : binding parameter [7] as [CLOB] - [null]
2021-03-12 14:35:08.656 TRACE 43004 --- [    Test worker] o.h.type.descriptor.sql.BasicBinder      : binding parameter [8] as [TIMESTAMP] - [null]
2021-03-12 14:35:08.656 TRACE 43004 --- [    Test worker] o.h.type.descriptor.sql.BasicBinder      : binding parameter [9] as [BIGINT] - [68]
2021-03-12 14:35:08.656 TRACE 43004 --- [    Test worker] o.h.type.descriptor.sql.BasicBinder      : binding parameter [10] as [VARCHAR] - [testpath]
2021-03-12 14:35:08.656 TRACE 43004 --- [    Test worker] o.h.type.descriptor.sql.BasicBinder      : binding parameter [11] as [DOUBLE] - [null]
2021-03-12 14:35:08.656 TRACE 43004 --- [    Test worker] o.h.type.descriptor.sql.BasicBinder      : binding parameter [12] as [BOOLEAN] - [false]
2021-03-12 14:35:08.657 TRACE 43004 --- [    Test worker] o.h.type.descriptor.sql.BasicBinder      : binding parameter [13] as [TIMESTAMP] - [null]
2021-03-12 14:35:08.657 TRACE 43004 --- [    Test worker] o.h.type.descriptor.sql.BasicBinder      : binding parameter [14] as [BOOLEAN] - [false]
2021-03-12 14:35:08.657 TRACE 43004 --- [    Test worker] o.h.type.descriptor.sql.BasicBinder      : binding parameter [15] as [TIMESTAMP] - [null]
2021-03-12 14:35:08.657 TRACE 43004 --- [    Test worker] o.h.type.descriptor.sql.BasicBinder      : binding parameter [16] as [VARCHAR] - [짧은 소개 테스트]
2021-03-12 14:35:08.657 TRACE 43004 --- [    Test worker] o.h.type.descriptor.sql.BasicBinder      : binding parameter [17] as [VARCHAR] - [제목 테스트]
2021-03-12 14:35:08.657 TRACE 43004 --- [    Test worker] o.h.type.descriptor.sql.BasicBinder      : binding parameter [18] as [BOOLEAN] - [false]
2021-03-12 14:35:08.756 DEBUG 43004 --- [    Test worker] org.hibernate.SQL                        : 
    select
        roadmap0_.id as id1_14_,
        roadmap0_.moddate as moddate2_14_,
        roadmap0_.regdate as regdate3_14_,
        roadmap0_.closed as closed4_14_,
        roadmap0_.closed_date_time as closed_d5_14_,
        roadmap0_.complete as complete6_14_,
        roadmap0_.full_description as full_des7_14_,
        roadmap0_.image as image8_14_,
        roadmap0_.milestone as mileston9_14_,
        roadmap0_.owner_id as owner_i19_14_,
        roadmap0_.path as path10_14_,
        roadmap0_.progress as progres11_14_,
        roadmap0_.published as publish12_14_,
        roadmap0_.published_date_time as publish13_14_,
        roadmap0_.recruiting as recruit14_14_,
        roadmap0_.recruiting_updated_date_time as recruit15_14_,
        roadmap0_.short_description as short_d16_14_,
        roadmap0_.title as title17_14_,
        roadmap0_.use_banner as use_ban18_14_ 
    from
        roadmap roadmap0_ 
    where
        roadmap0_.path=?
2021-03-12 14:35:08.756 TRACE 43004 --- [    Test worker] o.h.type.descriptor.sql.BasicBinder      : binding parameter [1] as [VARCHAR] - [testpath]
2021-03-12 14:35:08.891  INFO 43004 --- [    Test worker] o.s.t.c.transaction.TransactionContext   : Rolled back transaction for test: [DefaultTestContext@668d0def testClass = RoadmapControllerTest, testInstance = com.roadmap.roadmap.RoadmapControllerTest@29284b1a, testMethod = newRoadmapView_submit_correct@RoadmapControllerTest, testException = [null], mergedContextConfiguration = [WebMergedContextConfiguration@28da74ec testClass = RoadmapControllerTest, locations = '{}', classes = '{class com.roadmap.CoreApplication}', contextInitializerClasses = '[]', activeProfiles = '{}', propertySourceLocations = '{}', propertySourceProperties = '{org.springframework.boot.test.context.SpringBootTestContextBootstrapper=true}', contextCustomizers = set[org.springframework.boot.test.autoconfigure.properties.PropertyMappingContextCustomizer@4b3fa0b3, org.springframework.boot.test.autoconfigure.web.servlet.WebDriverContextCustomizerFactory$Customizer@36f3985, [ImportsContextCustomizer@1c33797a key = [org.springframework.boot.test.autoconfigure.web.servlet.MockMvcAutoConfiguration, org.springframework.boot.test.autoconfigure.web.servlet.MockMvcWebClientAutoConfiguration, org.springframework.boot.test.autoconfigure.web.servlet.MockMvcWebDriverAutoConfiguration, org.springframework.boot.autoconfigure.security.oauth2.client.servlet.OAuth2ClientAutoConfiguration, org.springframework.boot.autoconfigure.security.oauth2.resource.servlet.OAuth2ResourceServerAutoConfiguration, org.springframework.boot.autoconfigure.security.servlet.SecurityAutoConfiguration, org.springframework.boot.autoconfigure.security.servlet.SecurityFilterAutoConfiguration, org.springframework.boot.autoconfigure.security.servlet.UserDetailsServiceAutoConfiguration, org.springframework.boot.test.autoconfigure.web.servlet.MockMvcSecurityConfiguration]], org.springframework.boot.test.context.filter.ExcludeFilterContextCustomizer@465bc06d, org.springframework.boot.test.json.DuplicateJsonObjectContextCustomizerFactory$DuplicateJsonObjectContextCustomizer@7bb6418b, org.springframework.boot.test.mock.mockito.MockitoContextCustomizer@0, org.springframework.boot.test.web.client.TestRestTemplateContextCustomizer@23d4aa12, org.springframework.boot.test.context.SpringBootTestArgs@1, org.springframework.boot.test.context.SpringBootTestWebEnvironment@3db94553], resourceBasePath = 'src/main/webapp', contextLoader = 'org.springframework.boot.test.context.SpringBootContextLoader', parent = [null]], attributes = map['org.springframework.test.context.web.ServletTestExecutionListener.activateListener' -> true, 'org.springframework.test.context.web.ServletTestExecutionListener.populatedRequestContextHolder' -> true, 'org.springframework.test.context.web.ServletTestExecutionListener.resetRequestContextHolder' -> true]]
[...]
    insert 
    into
        member_role_set
        (member_id, role_set) 
    values
        (?, ?)
2021-03-12 14:35:12.909 TRACE 43004 --- [    Test worker] o.h.type.descriptor.sql.BasicBinder      : binding parameter [1] as [BIGINT] - [74]
2021-03-12 14:35:12.910 TRACE 43004 --- [    Test worker] o.h.type.descriptor.sql.BasicBinder      : binding parameter [2] as [VARCHAR] - [USER]
2021-03-12 14:35:12.954 DEBUG 43004 --- [    Test worker] org.hibernate.SQL                        : 
    select
        member0_.id as id1_3_,
        member0_.moddate as moddate2_3_,
        member0_.regdate as regdate3_3_,
        member0_.bio as bio4_3_,
        member0_.email as email5_3_,
        member0_.email_check_token as email_ch6_3_,
        member0_.email_check_token_generated_at as email_ch7_3_,
        member0_.email_verified as email_ve8_3_,
        member0_.from_social as from_soc9_3_,
        member0_.joined_at as joined_10_3_,
        member0_.loc_id as loc_id22_3_,
        member0_.nickname as nicknam11_3_,
        member0_.occupation as occupat12_3_,
        member0_.password as passwor13_3_,
        member0_.profile_image as profile14_3_,
        member0_.roadmap_created_by_email as roadmap15_3_,
        member0_.roadmap_created_by_web as roadmap16_3_,
        member0_.roadmap_enrollment_result_by_email as roadmap17_3_,
        member0_.roadmap_enrollment_result_by_web as roadmap18_3_,
        member0_.roadmap_updated_by_email as roadmap19_3_,
        member0_.roadmap_updated_by_web as roadmap20_3_,
        member0_.url as url21_3_ 
    from
        member member0_ 
    where
        member0_.email=?
2021-03-12 14:35:12.954 TRACE 43004 --- [    Test worker] o.h.type.descriptor.sql.BasicBinder      : binding parameter [1] as [VARCHAR] - [epepep]
2021-03-12 14:35:13.000 DEBUG 43004 --- [    Test worker] org.hibernate.SQL                        : 
    select
        member0_.id as id1_3_,
        member0_.moddate as moddate2_3_,
        member0_.regdate as regdate3_3_,
        member0_.bio as bio4_3_,
        member0_.email as email5_3_,
        member0_.email_check_token as email_ch6_3_,
        member0_.email_check_token_generated_at as email_ch7_3_,
        member0_.email_verified as email_ve8_3_,
        member0_.from_social as from_soc9_3_,
        member0_.joined_at as joined_10_3_,
        member0_.loc_id as loc_id22_3_,
        member0_.nickname as nicknam11_3_,
        member0_.occupation as occupat12_3_,
        member0_.password as passwor13_3_,
        member0_.profile_image as profile14_3_,
        member0_.roadmap_created_by_email as roadmap15_3_,
        member0_.roadmap_created_by_web as roadmap16_3_,
        member0_.roadmap_enrollment_result_by_email as roadmap17_3_,
        member0_.roadmap_enrollment_result_by_web as roadmap18_3_,
        member0_.roadmap_updated_by_email as roadmap19_3_,
        member0_.roadmap_updated_by_web as roadmap20_3_,
        member0_.url as url21_3_ 
    from
        member member0_ 
    where
        member0_.nickname=?
2021-03-12 14:35:13.000 TRACE 43004 --- [    Test worker] o.h.type.descriptor.sql.BasicBinder      : binding parameter [1] as [VARCHAR] - [epepep]
2021-03-12 14:35:13.047 DEBUG 43004 --- [    Test worker] org.hibernate.SQL                        : 
    select
        member0_.id as id1_3_,
        member0_.moddate as moddate2_3_,
        member0_.regdate as regdate3_3_,
        member0_.bio as bio4_3_,
        member0_.email as email5_3_,
        member0_.email_check_token as email_ch6_3_,
        member0_.email_check_token_generated_at as email_ch7_3_,
        member0_.email_verified as email_ve8_3_,
        member0_.from_social as from_soc9_3_,
        member0_.joined_at as joined_10_3_,
        member0_.loc_id as loc_id22_3_,
        member0_.nickname as nicknam11_3_,
        member0_.occupation as occupat12_3_,
        member0_.password as passwor13_3_,
        member0_.profile_image as profile14_3_,
        member0_.roadmap_created_by_email as roadmap15_3_,
        member0_.roadmap_created_by_web as roadmap16_3_,
        member0_.roadmap_enrollment_result_by_email as roadmap17_3_,
        member0_.roadmap_enrollment_result_by_web as roadmap18_3_,
        member0_.roadmap_updated_by_email as roadmap19_3_,
        member0_.roadmap_updated_by_web as roadmap20_3_,
        member0_.url as url21_3_ 
    from
        member member0_ 
    where
        member0_.nickname=?
2021-03-12 14:35:13.047 TRACE 43004 --- [    Test worker] o.h.type.descriptor.sql.BasicBinder      : binding parameter [1] as [VARCHAR] - [epepep]
2021-03-12 14:35:13.104 DEBUG 43004 --- [    Test worker] org.hibernate.SQL                        : 
    select
        member0_.id as id1_3_0_,
        roadmap2_.id as id1_14_1_,
        member0_.moddate as moddate2_3_0_,
        member0_.regdate as regdate3_3_0_,
        member0_.bio as bio4_3_0_,
        member0_.email as email5_3_0_,
        member0_.email_check_token as email_ch6_3_0_,
        member0_.email_check_token_generated_at as email_ch7_3_0_,
        member0_.email_verified as email_ve8_3_0_,
        member0_.from_social as from_soc9_3_0_,
        member0_.joined_at as joined_10_3_0_,
        member0_.loc_id as loc_id22_3_0_,
        member0_.nickname as nicknam11_3_0_,
        member0_.occupation as occupat12_3_0_,
        member0_.password as passwor13_3_0_,
        member0_.profile_image as profile14_3_0_,
        member0_.roadmap_created_by_email as roadmap15_3_0_,
        member0_.roadmap_created_by_web as roadmap16_3_0_,
        member0_.roadmap_enrollment_result_by_email as roadmap17_3_0_,
        member0_.roadmap_enrollment_result_by_web as roadmap18_3_0_,
        member0_.roadmap_updated_by_email as roadmap19_3_0_,
        member0_.roadmap_updated_by_web as roadmap20_3_0_,
        member0_.url as url21_3_0_,
        roadmap2_.moddate as moddate2_14_1_,
        roadmap2_.regdate as regdate3_14_1_,
        roadmap2_.closed as closed4_14_1_,
        roadmap2_.closed_date_time as closed_d5_14_1_,
        roadmap2_.complete as complete6_14_1_,
        roadmap2_.full_description as full_des7_14_1_,
        roadmap2_.image as image8_14_1_,
        roadmap2_.milestone as mileston9_14_1_,
        roadmap2_.owner_id as owner_i19_14_1_,
        roadmap2_.path as path10_14_1_,
        roadmap2_.progress as progres11_14_1_,
        roadmap2_.published as publish12_14_1_,
        roadmap2_.published_date_time as publish13_14_1_,
        roadmap2_.recruiting as recruit14_14_1_,
        roadmap2_.recruiting_updated_date_time as recruit15_14_1_,
        roadmap2_.short_description as short_d16_14_1_,
        roadmap2_.title as title17_14_1_,
        roadmap2_.use_banner as use_ban18_14_1_,
        roadmaps1_.members_id as members_2_15_0__,
        roadmaps1_.roadmaps_id as roadmaps1_15_0__ 
    from
        member member0_ 
    left outer join
        roadmap_members roadmaps1_ 
            on member0_.id=roadmaps1_.members_id 
    left outer join
        roadmap roadmap2_ 
            on roadmaps1_.roadmaps_id=roadmap2_.id 
    where
        member0_.nickname=?
2021-03-12 14:35:13.104 TRACE 43004 --- [    Test worker] o.h.type.descriptor.sql.BasicBinder      : binding parameter [1] as [VARCHAR] - [epepep]
2021-03-12 14:35:13.155 DEBUG 43004 --- [    Test worker] org.hibernate.SQL                        : 
    insert 
    into
        roadmap
        (moddate, regdate, closed, closed_date_time, complete, full_description, image, milestone, owner_id, path, progress, published, published_date_time, recruiting, recruiting_updated_date_time, short_description, title, use_banner) 
    values
        (?, ?, ?, ?, ?, ?, ?, ?, ?, ?, ?, ?, ?, ?, ?, ?, ?, ?)
2021-03-12 14:35:13.156 TRACE 43004 --- [    Test worker] o.h.type.descriptor.sql.BasicBinder      : binding parameter [1] as [TIMESTAMP] - [2021-03-12T14:35:13.155654900]
2021-03-12 14:35:13.156 TRACE 43004 --- [    Test worker] o.h.type.descriptor.sql.BasicBinder      : binding parameter [2] as [TIMESTAMP] - [2021-03-12T14:35:13.155654900]
2021-03-12 14:35:13.156 TRACE 43004 --- [    Test worker] o.h.type.descriptor.sql.BasicBinder      : binding parameter [3] as [BOOLEAN] - [false]
2021-03-12 14:35:13.156 TRACE 43004 --- [    Test worker] o.h.type.descriptor.sql.BasicBinder      : binding parameter [4] as [TIMESTAMP] - [null]
2021-03-12 14:35:13.156 TRACE 43004 --- [    Test worker] o.h.type.descriptor.sql.BasicBinder      : binding parameter [5] as [BOOLEAN] - [false]
2021-03-12 14:35:13.156 TRACE 43004 --- [    Test worker] o.h.type.descriptor.sql.BasicBinder      : binding parameter [6] as [CLOB] - [긴 소개 테스트]
2021-03-12 14:35:13.320 TRACE 43004 --- [    Test worker] o.h.type.descriptor.sql.BasicBinder      : binding parameter [7] as [CLOB] - [null]
2021-03-12 14:35:13.320 TRACE 43004 --- [    Test worker] o.h.type.descriptor.sql.BasicBinder      : binding parameter [8] as [TIMESTAMP] - [null]
2021-03-12 14:35:13.320 TRACE 43004 --- [    Test worker] o.h.type.descriptor.sql.BasicBinder      : binding parameter [9] as [BIGINT] - [74]
2021-03-12 14:35:13.320 TRACE 43004 --- [    Test worker] o.h.type.descriptor.sql.BasicBinder      : binding parameter [10] as [VARCHAR] - [testpath]
2021-03-12 14:35:13.320 TRACE 43004 --- [    Test worker] o.h.type.descriptor.sql.BasicBinder      : binding parameter [11] as [DOUBLE] - [null]
2021-03-12 14:35:13.320 TRACE 43004 --- [    Test worker] o.h.type.descriptor.sql.BasicBinder      : binding parameter [12] as [BOOLEAN] - [false]
2021-03-12 14:35:13.320 TRACE 43004 --- [    Test worker] o.h.type.descriptor.sql.BasicBinder      : binding parameter [13] as [TIMESTAMP] - [null]
2021-03-12 14:35:13.320 TRACE 43004 --- [    Test worker] o.h.type.descriptor.sql.BasicBinder      : binding parameter [14] as [BOOLEAN] - [false]
2021-03-12 14:35:13.320 TRACE 43004 --- [    Test worker] o.h.type.descriptor.sql.BasicBinder      : binding parameter [15] as [TIMESTAMP] - [null]
2021-03-12 14:35:13.320 TRACE 43004 --- [    Test worker] o.h.type.descriptor.sql.BasicBinder      : binding parameter [16] as [VARCHAR] - [짧은 소개 테스트]
2021-03-12 14:35:13.320 TRACE 43004 --- [    Test worker] o.h.type.descriptor.sql.BasicBinder      : binding parameter [17] as [VARCHAR] - [제목 테스트]
2021-03-12 14:35:13.320 TRACE 43004 --- [    Test worker] o.h.type.descriptor.sql.BasicBinder      : binding parameter [18] as [BOOLEAN] - [false]
2021-03-12 14:35:13.412 DEBUG 43004 --- [    Test worker] org.hibernate.SQL                        : 
    select
        roadmap0_.id as id1_14_,
        roadmap0_.moddate as moddate2_14_,
        roadmap0_.regdate as regdate3_14_,
        roadmap0_.closed as closed4_14_,
        roadmap0_.closed_date_time as closed_d5_14_,
        roadmap0_.complete as complete6_14_,
        roadmap0_.full_description as full_des7_14_,
        roadmap0_.image as image8_14_,
        roadmap0_.milestone as mileston9_14_,
        roadmap0_.owner_id as owner_i19_14_,
        roadmap0_.path as path10_14_,
        roadmap0_.progress as progres11_14_,
        roadmap0_.published as publish12_14_,
        roadmap0_.published_date_time as publish13_14_,
        roadmap0_.recruiting as recruit14_14_,
        roadmap0_.recruiting_updated_date_time as recruit15_14_,
        roadmap0_.short_description as short_d16_14_,
        roadmap0_.title as title17_14_,
        roadmap0_.use_banner as use_ban18_14_ 
    from
        roadmap roadmap0_ 
    where
        roadmap0_.path=?
2021-03-12 14:35:13.413 TRACE 43004 --- [    Test worker] o.h.type.descriptor.sql.BasicBinder      : binding parameter [1] as [VARCHAR] - [testpath]
2021-03-12 14:35:13.454  INFO 43004 --- [    Test worker] com.roadmap.filter.ApiCheckFilter        : REQUESTURI : /roadmap/testpath/map
2021-03-12 14:35:13.455  INFO 43004 --- [    Test worker] com.roadmap.filter.ApiCheckFilter        : false
2021-03-12 14:35:13.458 DEBUG 43004 --- [    Test worker] org.hibernate.SQL                        : 
    insert 
    into
        roadmap_members
        (roadmaps_id, members_id) 
    values
        (?, ?)
2021-03-12 14:35:13.458 TRACE 43004 --- [    Test worker] o.h.type.descriptor.sql.BasicBinder      : binding parameter [1] as [BIGINT] - [17]
2021-03-12 14:35:13.458 TRACE 43004 --- [    Test worker] o.h.type.descriptor.sql.BasicBinder      : binding parameter [2] as [BIGINT] - [74]
2021-03-12 14:35:13.505 DEBUG 43004 --- [    Test worker] org.hibernate.SQL                        : 
    select
        roadmap0_.id as id1_14_0_,
        member2_.id as id1_3_1_,
        stage4_.id as id1_19_2_,
        member6_.id as id1_3_3_,
        roadmap0_.moddate as moddate2_14_0_,
        roadmap0_.regdate as regdate3_14_0_,
        roadmap0_.closed as closed4_14_0_,
        roadmap0_.closed_date_time as closed_d5_14_0_,
        roadmap0_.complete as complete6_14_0_,
        roadmap0_.full_description as full_des7_14_0_,
        roadmap0_.image as image8_14_0_,
        roadmap0_.milestone as mileston9_14_0_,
        roadmap0_.owner_id as owner_i19_14_0_,
        roadmap0_.path as path10_14_0_,
        roadmap0_.progress as progres11_14_0_,
        roadmap0_.published as publish12_14_0_,
        roadmap0_.published_date_time as publish13_14_0_,
        roadmap0_.recruiting as recruit14_14_0_,
        roadmap0_.recruiting_updated_date_time as recruit15_14_0_,
        roadmap0_.short_description as short_d16_14_0_,
        roadmap0_.title as title17_14_0_,
        roadmap0_.use_banner as use_ban18_14_0_,
        member2_.moddate as moddate2_3_1_,
        member2_.regdate as regdate3_3_1_,
        member2_.bio as bio4_3_1_,
        member2_.email as email5_3_1_,
        member2_.email_check_token as email_ch6_3_1_,
        member2_.email_check_token_generated_at as email_ch7_3_1_,
        member2_.email_verified as email_ve8_3_1_,
        member2_.from_social as from_soc9_3_1_,
        member2_.joined_at as joined_10_3_1_,
        member2_.loc_id as loc_id22_3_1_,
        member2_.nickname as nicknam11_3_1_,
        member2_.occupation as occupat12_3_1_,
        member2_.password as passwor13_3_1_,
        member2_.profile_image as profile14_3_1_,
        member2_.roadmap_created_by_email as roadmap15_3_1_,
        member2_.roadmap_created_by_web as roadmap16_3_1_,
        member2_.roadmap_enrollment_result_by_email as roadmap17_3_1_,
        member2_.roadmap_enrollment_result_by_web as roadmap18_3_1_,
        member2_.roadmap_updated_by_email as roadmap19_3_1_,
        member2_.roadmap_updated_by_web as roadmap20_3_1_,
        member2_.url as url21_3_1_,
        likemember1_.like_roadmaps_id as like_roa2_4_0__,
        likemember1_.like_members_id as like_mem1_4_0__,
        stage4_.moddate as moddate2_19_2_,
        stage4_.regdate as regdate3_19_2_,
        stage4_.complete as complete4_19_2_,
        stage4_.head as head5_19_2_,
        stage4_.ord as ord6_19_2_,
        stage4_.roadmap_id as roadmap_9_19_2_,
        stage4_.tail as tail7_19_2_,
        stage4_.title as title8_19_2_,
        stagelist3_.roadmap_id as roadmap_1_17_1__,
        stagelist3_.stage_list_id as stage_li2_17_1__,
        member6_.moddate as moddate2_3_3_,
        member6_.regdate as regdate3_3_3_,
        member6_.bio as bio4_3_3_,
        member6_.email as email5_3_3_,
        member6_.email_check_token as email_ch6_3_3_,
        member6_.email_check_token_generated_at as email_ch7_3_3_,
        member6_.email_verified as email_ve8_3_3_,
        member6_.from_social as from_soc9_3_3_,
        member6_.joined_at as joined_10_3_3_,
        member6_.loc_id as loc_id22_3_3_,
        member6_.nickname as nicknam11_3_3_,
        member6_.occupation as occupat12_3_3_,
        member6_.password as passwor13_3_3_,
        member6_.profile_image as profile14_3_3_,
        member6_.roadmap_created_by_email as roadmap15_3_3_,
        member6_.roadmap_created_by_web as roadmap16_3_3_,
        member6_.roadmap_enrollment_result_by_email as roadmap17_3_3_,
        member6_.roadmap_enrollment_result_by_web as roadmap18_3_3_,
        member6_.roadmap_updated_by_email as roadmap19_3_3_,
        member6_.roadmap_updated_by_web as roadmap20_3_3_,
        member6_.url as url21_3_3_,
        members5_.roadmaps_id as roadmaps1_15_2__,
        members5_.members_id as members_2_15_2__ 
    from
        roadmap roadmap0_ 
    left outer join
        member_like_roadmaps likemember1_ 
            on roadmap0_.id=likemember1_.like_roadmaps_id 
    left outer join
        member member2_ 
            on likemember1_.like_members_id=member2_.id 
    left outer join
        roadmap_stage_list stagelist3_ 
            on roadmap0_.id=stagelist3_.roadmap_id 
    left outer join
        stage stage4_ 
            on stagelist3_.stage_list_id=stage4_.id 
    left outer join
        roadmap_members members5_ 
            on roadmap0_.id=members5_.roadmaps_id 
    left outer join
        member member6_ 
            on members5_.members_id=member6_.id 
    where
        roadmap0_.path=?
2021-03-12 14:35:13.505 TRACE 43004 --- [    Test worker] o.h.type.descriptor.sql.BasicBinder      : binding parameter [1] as [VARCHAR] - [testpath]
2021-03-12 14:35:13.655  INFO 43004 --- [    Test worker] o.s.t.c.transaction.TransactionContext   : Rolled back transaction for test: [DefaultTestContext@668d0def testClass = RoadmapControllerTest, testInstance = com.roadmap.roadmap.RoadmapControllerTest@55ce0edc, testMethod = roadmapMapView@RoadmapControllerTest, testException = [null], mergedContextConfiguration = [WebMergedContextConfiguration@28da74ec testClass = RoadmapControllerTest, locations = '{}', classes = '{class com.roadmap.CoreApplication}', contextInitializerClasses = '[]', activeProfiles = '{}', propertySourceLocations = '{}', propertySourceProperties = '{org.springframework.boot.test.context.SpringBootTestContextBootstrapper=true}', contextCustomizers = set[org.springframework.boot.test.autoconfigure.properties.PropertyMappingContextCustomizer@4b3fa0b3, org.springframework.boot.test.autoconfigure.web.servlet.WebDriverContextCustomizerFactory$Customizer@36f3985, [ImportsContextCustomizer@1c33797a key = [org.springframework.boot.test.autoconfigure.web.servlet.MockMvcAutoConfiguration, org.springframework.boot.test.autoconfigure.web.servlet.MockMvcWebClientAutoConfiguration, org.springframework.boot.test.autoconfigure.web.servlet.MockMvcWebDriverAutoConfiguration, org.springframework.boot.autoconfigure.security.oauth2.client.servlet.OAuth2ClientAutoConfiguration, org.springframework.boot.autoconfigure.security.oauth2.resource.servlet.OAuth2ResourceServerAutoConfiguration, org.springframework.boot.autoconfigure.security.servlet.SecurityAutoConfiguration, org.springframework.boot.autoconfigure.security.servlet.SecurityFilterAutoConfiguration, org.springframework.boot.autoconfigure.security.servlet.UserDetailsServiceAutoConfiguration, org.springframework.boot.test.autoconfigure.web.servlet.MockMvcSecurityConfiguration]], org.springframework.boot.test.context.filter.ExcludeFilterContextCustomizer@465bc06d, org.springframework.boot.test.json.DuplicateJsonObjectContextCustomizerFactory$DuplicateJsonObjectContextCustomizer@7bb6418b, org.springframework.boot.test.mock.mockito.MockitoContextCustomizer@0, org.springframework.boot.test.web.client.TestRestTemplateContextCustomizer@23d4aa12, org.springframework.boot.test.context.SpringBootTestArgs@1, org.springframework.boot.test.context.SpringBootTestWebEnvironment@3db94553], resourceBasePath = 'src/main/webapp', contextLoader = 'org.springframework.boot.test.context.SpringBootContextLoader', parent = [null]], attributes = map['org.springframework.test.context.web.ServletTestExecutionListener.activateListener' -> true, 'org.springframework.test.context.web.ServletTestExecutionListener.populatedRequestContextHolder' -> true, 'org.springframework.test.context.web.ServletTestExecutionListener.resetRequestContextHolder' -> true]]
]]></system-out>
  <system-err><![CDATA[]]></system-err>
</testsuite>
