<?xml version="1.0" encoding="UTF-8"?>
<testsuite name="com.roadmap.post.PostControllerTest" tests="5" skipped="0" failures="1" errors="0" timestamp="2021-02-24T11:33:41" hostname="DESKTOP-MRB3AOK" time="0.809">
  <properties/>
  <testcase name="포스트 생성" classname="com.roadmap.post.PostControllerTest" time="0.229"/>
  <testcase name="포스트 생성 제출 - 입력값 정상" classname="com.roadmap.post.PostControllerTest" time="0.128"/>
  <testcase name="포스트 태그 추가_입력값 정상" classname="com.roadmap.post.PostControllerTest" time="0.13">
    <failure message="java.lang.AssertionError: Status expected:&lt;200&gt; but was:&lt;400&gt;" type="java.lang.AssertionError">java.lang.AssertionError: Status expected:&lt;200&gt; but was:&lt;400&gt;
	at org.springframework.test.util.AssertionErrors.fail(AssertionErrors.java:59)
	at org.springframework.test.util.AssertionErrors.assertEquals(AssertionErrors.java:122)
	at org.springframework.test.web.servlet.result.StatusResultMatchers.lambda$matcher$9(StatusResultMatchers.java:627)
	at org.springframework.test.web.servlet.MockMvc$1.andExpect(MockMvc.java:196)
	at com.roadmap.post.PostControllerTest.newPostAddTag_correct(PostControllerTest.java:221)
	at java.base/jdk.internal.reflect.NativeMethodAccessorImpl.invoke0(Native Method)
	at java.base/jdk.internal.reflect.NativeMethodAccessorImpl.invoke(NativeMethodAccessorImpl.java:62)
	at java.base/jdk.internal.reflect.DelegatingMethodAccessorImpl.invoke(DelegatingMethodAccessorImpl.java:43)
	at java.base/java.lang.reflect.Method.invoke(Method.java:566)
	at org.junit.platform.commons.util.ReflectionUtils.invokeMethod(ReflectionUtils.java:686)
	at org.junit.jupiter.engine.execution.MethodInvocation.proceed(MethodInvocation.java:60)
	at org.junit.jupiter.engine.execution.InvocationInterceptorChain$ValidatingInvocation.proceed(InvocationInterceptorChain.java:131)
	at org.junit.jupiter.engine.extension.TimeoutExtension.intercept(TimeoutExtension.java:149)
	at org.junit.jupiter.engine.extension.TimeoutExtension.interceptTestableMethod(TimeoutExtension.java:140)
	at org.junit.jupiter.engine.extension.TimeoutExtension.interceptTestMethod(TimeoutExtension.java:84)
	at org.junit.jupiter.engine.execution.ExecutableInvoker$ReflectiveInterceptorCall.lambda$ofVoidMethod$0(ExecutableInvoker.java:115)
	at org.junit.jupiter.engine.execution.ExecutableInvoker.lambda$invoke$0(ExecutableInvoker.java:105)
	at org.junit.jupiter.engine.execution.InvocationInterceptorChain$InterceptedInvocation.proceed(InvocationInterceptorChain.java:106)
	at org.junit.jupiter.engine.execution.InvocationInterceptorChain.proceed(InvocationInterceptorChain.java:64)
	at org.junit.jupiter.engine.execution.InvocationInterceptorChain.chainAndInvoke(InvocationInterceptorChain.java:45)
	at org.junit.jupiter.engine.execution.InvocationInterceptorChain.invoke(InvocationInterceptorChain.java:37)
	at org.junit.jupiter.engine.execution.ExecutableInvoker.invoke(ExecutableInvoker.java:104)
	at org.junit.jupiter.engine.execution.ExecutableInvoker.invoke(ExecutableInvoker.java:98)
	at org.junit.jupiter.engine.descriptor.TestMethodTestDescriptor.lambda$invokeTestMethod$6(TestMethodTestDescriptor.java:212)
	at org.junit.platform.engine.support.hierarchical.ThrowableCollector.execute(ThrowableCollector.java:73)
	at org.junit.jupiter.engine.descriptor.TestMethodTestDescriptor.invokeTestMethod(TestMethodTestDescriptor.java:208)
	at org.junit.jupiter.engine.descriptor.TestMethodTestDescriptor.execute(TestMethodTestDescriptor.java:137)
	at org.junit.jupiter.engine.descriptor.TestMethodTestDescriptor.execute(TestMethodTestDescriptor.java:71)
	at org.junit.platform.engine.support.hierarchical.NodeTestTask.lambda$executeRecursively$5(NodeTestTask.java:135)
	at org.junit.platform.engine.support.hierarchical.ThrowableCollector.execute(ThrowableCollector.java:73)
	at org.junit.platform.engine.support.hierarchical.NodeTestTask.lambda$executeRecursively$7(NodeTestTask.java:125)
	at org.junit.platform.engine.support.hierarchical.Node.around(Node.java:135)
	at org.junit.platform.engine.support.hierarchical.NodeTestTask.lambda$executeRecursively$8(NodeTestTask.java:123)
	at org.junit.platform.engine.support.hierarchical.ThrowableCollector.execute(ThrowableCollector.java:73)
	at org.junit.platform.engine.support.hierarchical.NodeTestTask.executeRecursively(NodeTestTask.java:122)
	at org.junit.platform.engine.support.hierarchical.NodeTestTask.execute(NodeTestTask.java:80)
	at java.base/java.util.ArrayList.forEach(ArrayList.java:1541)
	at org.junit.platform.engine.support.hierarchical.SameThreadHierarchicalTestExecutorService.invokeAll(SameThreadHierarchicalTestExecutorService.java:38)
	at org.junit.platform.engine.support.hierarchical.NodeTestTask.lambda$executeRecursively$5(NodeTestTask.java:139)
	at org.junit.platform.engine.support.hierarchical.ThrowableCollector.execute(ThrowableCollector.java:73)
	at org.junit.platform.engine.support.hierarchical.NodeTestTask.lambda$executeRecursively$7(NodeTestTask.java:125)
	at org.junit.platform.engine.support.hierarchical.Node.around(Node.java:135)
	at org.junit.platform.engine.support.hierarchical.NodeTestTask.lambda$executeRecursively$8(NodeTestTask.java:123)
	at org.junit.platform.engine.support.hierarchical.ThrowableCollector.execute(ThrowableCollector.java:73)
	at org.junit.platform.engine.support.hierarchical.NodeTestTask.executeRecursively(NodeTestTask.java:122)
	at org.junit.platform.engine.support.hierarchical.NodeTestTask.execute(NodeTestTask.java:80)
	at java.base/java.util.ArrayList.forEach(ArrayList.java:1541)
	at org.junit.platform.engine.support.hierarchical.SameThreadHierarchicalTestExecutorService.invokeAll(SameThreadHierarchicalTestExecutorService.java:38)
	at org.junit.platform.engine.support.hierarchical.NodeTestTask.lambda$executeRecursively$5(NodeTestTask.java:139)
	at org.junit.platform.engine.support.hierarchical.ThrowableCollector.execute(ThrowableCollector.java:73)
	at org.junit.platform.engine.support.hierarchical.NodeTestTask.lambda$executeRecursively$7(NodeTestTask.java:125)
	at org.junit.platform.engine.support.hierarchical.Node.around(Node.java:135)
	at org.junit.platform.engine.support.hierarchical.NodeTestTask.lambda$executeRecursively$8(NodeTestTask.java:123)
	at org.junit.platform.engine.support.hierarchical.ThrowableCollector.execute(ThrowableCollector.java:73)
	at org.junit.platform.engine.support.hierarchical.NodeTestTask.executeRecursively(NodeTestTask.java:122)
	at org.junit.platform.engine.support.hierarchical.NodeTestTask.execute(NodeTestTask.java:80)
	at org.junit.platform.engine.support.hierarchical.SameThreadHierarchicalTestExecutorService.submit(SameThreadHierarchicalTestExecutorService.java:32)
	at org.junit.platform.engine.support.hierarchical.HierarchicalTestExecutor.execute(HierarchicalTestExecutor.java:57)
	at org.junit.platform.engine.support.hierarchical.HierarchicalTestEngine.execute(HierarchicalTestEngine.java:51)
	at org.junit.platform.launcher.core.DefaultLauncher.execute(DefaultLauncher.java:248)
	at org.junit.platform.launcher.core.DefaultLauncher.lambda$execute$5(DefaultLauncher.java:211)
	at org.junit.platform.launcher.core.DefaultLauncher.withInterceptedStreams(DefaultLauncher.java:226)
	at org.junit.platform.launcher.core.DefaultLauncher.execute(DefaultLauncher.java:199)
	at org.junit.platform.launcher.core.DefaultLauncher.execute(DefaultLauncher.java:132)
	at org.gradle.api.internal.tasks.testing.junitplatform.JUnitPlatformTestClassProcessor$CollectAllTestClassesExecutor.processAllTestClasses(JUnitPlatformTestClassProcessor.java:99)
	at org.gradle.api.internal.tasks.testing.junitplatform.JUnitPlatformTestClassProcessor$CollectAllTestClassesExecutor.access$000(JUnitPlatformTestClassProcessor.java:79)
	at org.gradle.api.internal.tasks.testing.junitplatform.JUnitPlatformTestClassProcessor.stop(JUnitPlatformTestClassProcessor.java:75)
	at org.gradle.api.internal.tasks.testing.SuiteTestClassProcessor.stop(SuiteTestClassProcessor.java:61)
	at java.base/jdk.internal.reflect.NativeMethodAccessorImpl.invoke0(Native Method)
	at java.base/jdk.internal.reflect.NativeMethodAccessorImpl.invoke(NativeMethodAccessorImpl.java:62)
	at java.base/jdk.internal.reflect.DelegatingMethodAccessorImpl.invoke(DelegatingMethodAccessorImpl.java:43)
	at java.base/java.lang.reflect.Method.invoke(Method.java:566)
	at org.gradle.internal.dispatch.ReflectionDispatch.dispatch(ReflectionDispatch.java:36)
	at org.gradle.internal.dispatch.ReflectionDispatch.dispatch(ReflectionDispatch.java:24)
	at org.gradle.internal.dispatch.ContextClassLoaderDispatch.dispatch(ContextClassLoaderDispatch.java:33)
	at org.gradle.internal.dispatch.ProxyDispatchAdapter$DispatchingInvocationHandler.invoke(ProxyDispatchAdapter.java:94)
	at com.sun.proxy.$Proxy2.stop(Unknown Source)
	at org.gradle.api.internal.tasks.testing.worker.TestWorker.stop(TestWorker.java:133)
	at java.base/jdk.internal.reflect.NativeMethodAccessorImpl.invoke0(Native Method)
	at java.base/jdk.internal.reflect.NativeMethodAccessorImpl.invoke(NativeMethodAccessorImpl.java:62)
	at java.base/jdk.internal.reflect.DelegatingMethodAccessorImpl.invoke(DelegatingMethodAccessorImpl.java:43)
	at java.base/java.lang.reflect.Method.invoke(Method.java:566)
	at org.gradle.internal.dispatch.ReflectionDispatch.dispatch(ReflectionDispatch.java:36)
	at org.gradle.internal.dispatch.ReflectionDispatch.dispatch(ReflectionDispatch.java:24)
	at org.gradle.internal.remote.internal.hub.MessageHubBackedObjectConnection$DispatchWrapper.dispatch(MessageHubBackedObjectConnection.java:182)
	at org.gradle.internal.remote.internal.hub.MessageHubBackedObjectConnection$DispatchWrapper.dispatch(MessageHubBackedObjectConnection.java:164)
	at org.gradle.internal.remote.internal.hub.MessageHub$Handler.run(MessageHub.java:414)
	at org.gradle.internal.concurrent.ExecutorPolicy$CatchAndRecordFailures.onExecute(ExecutorPolicy.java:64)
	at org.gradle.internal.concurrent.ManagedExecutorImpl$1.run(ManagedExecutorImpl.java:48)
	at java.base/java.util.concurrent.ThreadPoolExecutor.runWorker(ThreadPoolExecutor.java:1128)
	at java.base/java.util.concurrent.ThreadPoolExecutor$Worker.run(ThreadPoolExecutor.java:628)
	at org.gradle.internal.concurrent.ThreadFactoryImpl$ManagedThreadRunnable.run(ThreadFactoryImpl.java:56)
	at java.base/java.lang.Thread.run(Thread.java:829)
</failure>
  </testcase>
  <testcase name="포스트 생성 제출 - 입력값 에러" classname="com.roadmap.post.PostControllerTest" time="0.158"/>
  <testcase name="포스트 확인" classname="com.roadmap.post.PostControllerTest" time="0.159"/>
  <system-out><![CDATA[2021-02-24 20:33:41.470  INFO 13216 --- [    Test worker] .b.t.c.SpringBootTestContextBootstrapper : Neither @ContextConfiguration nor @ContextHierarchy found for test class [com.roadmap.post.PostControllerTest], using SpringBootContextLoader
2021-02-24 20:33:41.471  INFO 13216 --- [    Test worker] o.s.t.c.support.AbstractContextLoader    : Could not detect default resource locations for test class [com.roadmap.post.PostControllerTest]: no resource found for suffixes {-context.xml, Context.groovy}.
2021-02-24 20:33:41.471  INFO 13216 --- [    Test worker] t.c.s.AnnotationConfigContextLoaderUtils : Could not detect default configuration classes for test class [com.roadmap.post.PostControllerTest]: PostControllerTest does not declare any static, non-private, non-final, nested classes annotated with @Configuration.
2021-02-24 20:33:41.481  INFO 13216 --- [    Test worker] .b.t.c.SpringBootTestContextBootstrapper : Found @SpringBootConfiguration com.roadmap.CoreApplication for test class com.roadmap.post.PostControllerTest
2021-02-24 20:33:41.483  INFO 13216 --- [    Test worker] .b.t.c.SpringBootTestContextBootstrapper : Loaded default TestExecutionListener class names from location [META-INF/spring.factories]: [org.springframework.security.test.context.support.WithSecurityContextTestExecutionListener, org.springframework.security.test.context.support.ReactorContextTestExecutionListener, org.springframework.boot.test.autoconfigure.restdocs.RestDocsTestExecutionListener, org.springframework.boot.test.autoconfigure.web.client.MockRestServiceServerResetTestExecutionListener, org.springframework.boot.test.autoconfigure.web.servlet.MockMvcPrintOnlyOnFailureTestExecutionListener, org.springframework.boot.test.autoconfigure.web.servlet.WebDriverTestExecutionListener, org.springframework.boot.test.autoconfigure.webservices.client.MockWebServiceServerTestExecutionListener, org.springframework.boot.test.mock.mockito.MockitoTestExecutionListener, org.springframework.boot.test.mock.mockito.ResetMocksTestExecutionListener, org.springframework.test.context.web.ServletTestExecutionListener, org.springframework.test.context.support.DirtiesContextBeforeModesTestExecutionListener, org.springframework.test.context.support.DependencyInjectionTestExecutionListener, org.springframework.test.context.support.DirtiesContextTestExecutionListener, org.springframework.test.context.transaction.TransactionalTestExecutionListener, org.springframework.test.context.jdbc.SqlScriptsTestExecutionListener, org.springframework.test.context.event.EventPublishingTestExecutionListener]
2021-02-24 20:33:41.484  INFO 13216 --- [    Test worker] .b.t.c.SpringBootTestContextBootstrapper : Using TestExecutionListeners: [org.springframework.test.context.web.ServletTestExecutionListener@301497f3, org.springframework.test.context.support.DirtiesContextBeforeModesTestExecutionListener@18e2cf3c, org.springframework.boot.test.mock.mockito.MockitoTestExecutionListener@438ec3ff, org.springframework.boot.test.autoconfigure.SpringBootDependencyInjectionTestExecutionListener@7d8d29c6, org.springframework.test.context.support.DirtiesContextTestExecutionListener@6932828b, org.springframework.test.context.transaction.TransactionalTestExecutionListener@67273bbe, org.springframework.test.context.jdbc.SqlScriptsTestExecutionListener@52838d9e, org.springframework.security.test.context.support.WithSecurityContextTestExecutionListener@46544d11, org.springframework.test.context.event.EventPublishingTestExecutionListener@3b8fa98a, org.springframework.security.test.context.support.ReactorContextTestExecutionListener@65ab9f8e, org.springframework.boot.test.autoconfigure.restdocs.RestDocsTestExecutionListener@2b8a11d8, org.springframework.boot.test.autoconfigure.web.client.MockRestServiceServerResetTestExecutionListener@4fd2ed7d, org.springframework.boot.test.autoconfigure.web.servlet.MockMvcPrintOnlyOnFailureTestExecutionListener@957def4, org.springframework.boot.test.autoconfigure.web.servlet.WebDriverTestExecutionListener@30b967bf, org.springframework.boot.test.autoconfigure.webservices.client.MockWebServiceServerTestExecutionListener@4bc6a4a1, org.springframework.boot.test.mock.mockito.ResetMocksTestExecutionListener@13a701a1]
2021-02-24 20:33:41.488  INFO 13216 --- [    Test worker] o.s.t.c.transaction.TransactionContext   : Began transaction (1) for test context [DefaultTestContext@33d14a73 testClass = PostControllerTest, testInstance = com.roadmap.post.PostControllerTest@50b7876, testMethod = newPostFormView@PostControllerTest, testException = [null], mergedContextConfiguration = [WebMergedContextConfiguration@40565763 testClass = PostControllerTest, locations = '{}', classes = '{class com.roadmap.CoreApplication}', contextInitializerClasses = '[]', activeProfiles = '{}', propertySourceLocations = '{}', propertySourceProperties = '{org.springframework.boot.test.context.SpringBootTestContextBootstrapper=true}', contextCustomizers = set[org.springframework.boot.test.autoconfigure.properties.PropertyMappingContextCustomizer@4b3fa0b3, org.springframework.boot.test.autoconfigure.web.servlet.WebDriverContextCustomizerFactory$Customizer@325e26c4, [ImportsContextCustomizer@7c4b21bc key = [org.springframework.boot.test.autoconfigure.web.servlet.MockMvcAutoConfiguration, org.springframework.boot.test.autoconfigure.web.servlet.MockMvcWebClientAutoConfiguration, org.springframework.boot.test.autoconfigure.web.servlet.MockMvcWebDriverAutoConfiguration, org.springframework.boot.autoconfigure.security.oauth2.client.servlet.OAuth2ClientAutoConfiguration, org.springframework.boot.autoconfigure.security.oauth2.resource.servlet.OAuth2ResourceServerAutoConfiguration, org.springframework.boot.autoconfigure.security.servlet.SecurityAutoConfiguration, org.springframework.boot.autoconfigure.security.servlet.SecurityFilterAutoConfiguration, org.springframework.boot.autoconfigure.security.servlet.UserDetailsServiceAutoConfiguration, org.springframework.boot.test.autoconfigure.web.servlet.MockMvcSecurityConfiguration]], org.springframework.boot.test.context.filter.ExcludeFilterContextCustomizer@4db5c7c8, org.springframework.boot.test.json.DuplicateJsonObjectContextCustomizerFactory$DuplicateJsonObjectContextCustomizer@630285f8, org.springframework.boot.test.mock.mockito.MockitoContextCustomizer@0, org.springframework.boot.test.web.client.TestRestTemplateContextCustomizer@5f7703c, org.springframework.boot.test.context.SpringBootTestArgs@1, org.springframework.boot.test.context.SpringBootTestWebEnvironment@59f291c0], resourceBasePath = 'src/main/webapp', contextLoader = 'org.springframework.boot.test.context.SpringBootContextLoader', parent = [null]], attributes = map['org.springframework.test.context.web.ServletTestExecutionListener.activateListener' -> true, 'org.springframework.test.context.web.ServletTestExecutionListener.populatedRequestContextHolder' -> true, 'org.springframework.test.context.web.ServletTestExecutionListener.resetRequestContextHolder' -> true]]; transaction manager [org.springframework.orm.jpa.JpaTransactionManager@25169dd]; rollback [true]
2021-02-24 20:33:41.568  INFO 13216 --- [    Test worker] com.roadmap.service.MemberService        : email send signup confirm Email link : /check-email-token?token=64d09751-43b9-4a1f-8637-97043cc5a206&email=epepep@email.com
2021-02-24 20:33:41.568 DEBUG 13216 --- [    Test worker] org.hibernate.SQL                        : 
    select
        nextval ('hibernate_sequence')
2021-02-24 20:33:41.570 DEBUG 13216 --- [    Test worker] org.hibernate.SQL                        : 
    insert 
    into
        member
        (moddate, regdate, bio, email, email_check_token, email_check_token_generated_at, email_verified, from_social, joined_at, loc_id, nickname, occupation, password, profile_image, roadmap_created_by_email, roadmap_created_by_web, roadmap_enrollment_result_by_email, roadmap_enrollment_result_by_web, roadmap_updated_by_email, roadmap_updated_by_web, url, id) 
    values
        (?, ?, ?, ?, ?, ?, ?, ?, ?, ?, ?, ?, ?, ?, ?, ?, ?, ?, ?, ?, ?, ?)
2021-02-24 20:33:41.570 TRACE 13216 --- [    Test worker] o.h.type.descriptor.sql.BasicBinder      : binding parameter [1] as [TIMESTAMP] - [2021-02-24T20:33:41.568339100]
2021-02-24 20:33:41.570 TRACE 13216 --- [    Test worker] o.h.type.descriptor.sql.BasicBinder      : binding parameter [2] as [TIMESTAMP] - [2021-02-24T20:33:41.568339100]
2021-02-24 20:33:41.570 TRACE 13216 --- [    Test worker] o.h.type.descriptor.sql.BasicBinder      : binding parameter [3] as [VARCHAR] - [null]
2021-02-24 20:33:41.570 TRACE 13216 --- [    Test worker] o.h.type.descriptor.sql.BasicBinder      : binding parameter [4] as [VARCHAR] - [epepep@email.com]
2021-02-24 20:33:41.570 TRACE 13216 --- [    Test worker] o.h.type.descriptor.sql.BasicBinder      : binding parameter [5] as [VARCHAR] - [64d09751-43b9-4a1f-8637-97043cc5a206]
2021-02-24 20:33:41.570 TRACE 13216 --- [    Test worker] o.h.type.descriptor.sql.BasicBinder      : binding parameter [6] as [TIMESTAMP] - [2021-02-24T20:33:41.568339100]
2021-02-24 20:33:41.570 TRACE 13216 --- [    Test worker] o.h.type.descriptor.sql.BasicBinder      : binding parameter [7] as [BOOLEAN] - [false]
2021-02-24 20:33:41.570 TRACE 13216 --- [    Test worker] o.h.type.descriptor.sql.BasicBinder      : binding parameter [8] as [BOOLEAN] - [false]
2021-02-24 20:33:41.570 TRACE 13216 --- [    Test worker] o.h.type.descriptor.sql.BasicBinder      : binding parameter [9] as [TIMESTAMP] - [2021-02-24T20:33:41.568339100]
2021-02-24 20:33:41.570 TRACE 13216 --- [    Test worker] o.h.type.descriptor.sql.BasicBinder      : binding parameter [10] as [BIGINT] - [null]
2021-02-24 20:33:41.570 TRACE 13216 --- [    Test worker] o.h.type.descriptor.sql.BasicBinder      : binding parameter [11] as [VARCHAR] - [epepep]
2021-02-24 20:33:41.571 TRACE 13216 --- [    Test worker] o.h.type.descriptor.sql.BasicBinder      : binding parameter [12] as [VARCHAR] - [null]
2021-02-24 20:33:41.571 TRACE 13216 --- [    Test worker] o.h.type.descriptor.sql.BasicBinder      : binding parameter [13] as [VARCHAR] - [{bcrypt}$2a$10$VnClAybefkspsuaDL17WAOCukAYy8OOgBKFcIJcuZA6xtVJzxNj5i]
2021-02-24 20:33:41.571 TRACE 13216 --- [    Test worker] o.h.type.descriptor.sql.BasicBinder      : binding parameter [14] as [CLOB] - [null]
2021-02-24 20:33:41.571 TRACE 13216 --- [    Test worker] o.h.type.descriptor.sql.BasicBinder      : binding parameter [15] as [BOOLEAN] - [false]
2021-02-24 20:33:41.571 TRACE 13216 --- [    Test worker] o.h.type.descriptor.sql.BasicBinder      : binding parameter [16] as [BOOLEAN] - [true]
2021-02-24 20:33:41.571 TRACE 13216 --- [    Test worker] o.h.type.descriptor.sql.BasicBinder      : binding parameter [17] as [BOOLEAN] - [false]
2021-02-24 20:33:41.571 TRACE 13216 --- [    Test worker] o.h.type.descriptor.sql.BasicBinder      : binding parameter [18] as [BOOLEAN] - [true]
2021-02-24 20:33:41.571 TRACE 13216 --- [    Test worker] o.h.type.descriptor.sql.BasicBinder      : binding parameter [19] as [BOOLEAN] - [false]
2021-02-24 20:33:41.571 TRACE 13216 --- [    Test worker] o.h.type.descriptor.sql.BasicBinder      : binding parameter [20] as [BOOLEAN] - [true]
2021-02-24 20:33:41.571 TRACE 13216 --- [    Test worker] o.h.type.descriptor.sql.BasicBinder      : binding parameter [21] as [VARCHAR] - [null]
2021-02-24 20:33:41.571 TRACE 13216 --- [    Test worker] o.h.type.descriptor.sql.BasicBinder      : binding parameter [22] as [BIGINT] - [2777]
2021-02-24 20:33:41.571 DEBUG 13216 --- [    Test worker] org.hibernate.SQL                        : 
    insert 
    into
        member_role_set
        (member_id, role_set) 
    values
        (?, ?)
2021-02-24 20:33:41.571 TRACE 13216 --- [    Test worker] o.h.type.descriptor.sql.BasicBinder      : binding parameter [1] as [BIGINT] - [2777]
2021-02-24 20:33:41.572 TRACE 13216 --- [    Test worker] o.h.type.descriptor.sql.BasicBinder      : binding parameter [2] as [VARCHAR] - [USER]
2021-02-24 20:33:41.572 DEBUG 13216 --- [    Test worker] org.hibernate.SQL                        : 
    select
        member0_.id as id1_3_,
        member0_.moddate as moddate2_3_,
        member0_.regdate as regdate3_3_,
        member0_.bio as bio4_3_,
        member0_.email as email5_3_,
        member0_.email_check_token as email_ch6_3_,
        member0_.email_check_token_generated_at as email_ch7_3_,
        member0_.email_verified as email_ve8_3_,
        member0_.from_social as from_soc9_3_,
        member0_.joined_at as joined_10_3_,
        member0_.loc_id as loc_id22_3_,
        member0_.nickname as nicknam11_3_,
        member0_.occupation as occupat12_3_,
        member0_.password as passwor13_3_,
        member0_.profile_image as profile14_3_,
        member0_.roadmap_created_by_email as roadmap15_3_,
        member0_.roadmap_created_by_web as roadmap16_3_,
        member0_.roadmap_enrollment_result_by_email as roadmap17_3_,
        member0_.roadmap_enrollment_result_by_web as roadmap18_3_,
        member0_.roadmap_updated_by_email as roadmap19_3_,
        member0_.roadmap_updated_by_web as roadmap20_3_,
        member0_.url as url21_3_ 
    from
        member member0_ 
    where
        member0_.email=?
2021-02-24 20:33:41.572 TRACE 13216 --- [    Test worker] o.h.type.descriptor.sql.BasicBinder      : binding parameter [1] as [VARCHAR] - [epepep]
2021-02-24 20:33:41.573 DEBUG 13216 --- [    Test worker] org.hibernate.SQL                        : 
    select
        member0_.id as id1_3_,
        member0_.moddate as moddate2_3_,
        member0_.regdate as regdate3_3_,
        member0_.bio as bio4_3_,
        member0_.email as email5_3_,
        member0_.email_check_token as email_ch6_3_,
        member0_.email_check_token_generated_at as email_ch7_3_,
        member0_.email_verified as email_ve8_3_,
        member0_.from_social as from_soc9_3_,
        member0_.joined_at as joined_10_3_,
        member0_.loc_id as loc_id22_3_,
        member0_.nickname as nicknam11_3_,
        member0_.occupation as occupat12_3_,
        member0_.password as passwor13_3_,
        member0_.profile_image as profile14_3_,
        member0_.roadmap_created_by_email as roadmap15_3_,
        member0_.roadmap_created_by_web as roadmap16_3_,
        member0_.roadmap_enrollment_result_by_email as roadmap17_3_,
        member0_.roadmap_enrollment_result_by_web as roadmap18_3_,
        member0_.roadmap_updated_by_email as roadmap19_3_,
        member0_.roadmap_updated_by_web as roadmap20_3_,
        member0_.url as url21_3_ 
    from
        member member0_ 
    where
        member0_.nickname=?
2021-02-24 20:33:41.573 TRACE 13216 --- [    Test worker] o.h.type.descriptor.sql.BasicBinder      : binding parameter [1] as [VARCHAR] - [epepep]
2021-02-24 20:33:41.578 DEBUG 13216 --- [    Test worker] org.hibernate.SQL                        : 
    select
        member0_.id as id1_3_,
        member0_.moddate as moddate2_3_,
        member0_.regdate as regdate3_3_,
        member0_.bio as bio4_3_,
        member0_.email as email5_3_,
        member0_.email_check_token as email_ch6_3_,
        member0_.email_check_token_generated_at as email_ch7_3_,
        member0_.email_verified as email_ve8_3_,
        member0_.from_social as from_soc9_3_,
        member0_.joined_at as joined_10_3_,
        member0_.loc_id as loc_id22_3_,
        member0_.nickname as nicknam11_3_,
        member0_.occupation as occupat12_3_,
        member0_.password as passwor13_3_,
        member0_.profile_image as profile14_3_,
        member0_.roadmap_created_by_email as roadmap15_3_,
        member0_.roadmap_created_by_web as roadmap16_3_,
        member0_.roadmap_enrollment_result_by_email as roadmap17_3_,
        member0_.roadmap_enrollment_result_by_web as roadmap18_3_,
        member0_.roadmap_updated_by_email as roadmap19_3_,
        member0_.roadmap_updated_by_web as roadmap20_3_,
        member0_.url as url21_3_ 
    from
        member member0_ 
    where
        member0_.nickname=?
2021-02-24 20:33:41.578 TRACE 13216 --- [    Test worker] o.h.type.descriptor.sql.BasicBinder      : binding parameter [1] as [VARCHAR] - [epepep]
2021-02-24 20:33:41.590 DEBUG 13216 --- [    Test worker] org.hibernate.SQL                        : 
    select
        member0_.id as id1_3_0_,
        roadmap2_.id as id1_14_1_,
        member0_.moddate as moddate2_3_0_,
        member0_.regdate as regdate3_3_0_,
        member0_.bio as bio4_3_0_,
        member0_.email as email5_3_0_,
        member0_.email_check_token as email_ch6_3_0_,
        member0_.email_check_token_generated_at as email_ch7_3_0_,
        member0_.email_verified as email_ve8_3_0_,
        member0_.from_social as from_soc9_3_0_,
        member0_.joined_at as joined_10_3_0_,
        member0_.loc_id as loc_id22_3_0_,
        member0_.nickname as nicknam11_3_0_,
        member0_.occupation as occupat12_3_0_,
        member0_.password as passwor13_3_0_,
        member0_.profile_image as profile14_3_0_,
        member0_.roadmap_created_by_email as roadmap15_3_0_,
        member0_.roadmap_created_by_web as roadmap16_3_0_,
        member0_.roadmap_enrollment_result_by_email as roadmap17_3_0_,
        member0_.roadmap_enrollment_result_by_web as roadmap18_3_0_,
        member0_.roadmap_updated_by_email as roadmap19_3_0_,
        member0_.roadmap_updated_by_web as roadmap20_3_0_,
        member0_.url as url21_3_0_,
        roadmap2_.moddate as moddate2_14_1_,
        roadmap2_.regdate as regdate3_14_1_,
        roadmap2_.closed as closed4_14_1_,
        roadmap2_.closed_date_time as closed_d5_14_1_,
        roadmap2_.complete as complete6_14_1_,
        roadmap2_.full_description as full_des7_14_1_,
        roadmap2_.image as image8_14_1_,
        roadmap2_.milestone as mileston9_14_1_,
        roadmap2_.owner_id as owner_i19_14_1_,
        roadmap2_.path as path10_14_1_,
        roadmap2_.progress as progres11_14_1_,
        roadmap2_.published as publish12_14_1_,
        roadmap2_.published_date_time as publish13_14_1_,
        roadmap2_.recruiting as recruit14_14_1_,
        roadmap2_.recruiting_updated_date_time as recruit15_14_1_,
        roadmap2_.short_description as short_d16_14_1_,
        roadmap2_.title as title17_14_1_,
        roadmap2_.use_banner as use_ban18_14_1_,
        roadmaps1_.members_id as members_2_15_0__,
        roadmaps1_.roadmaps_id as roadmaps1_15_0__ 
    from
        member member0_ 
    left outer join
        roadmap_members roadmaps1_ 
            on member0_.id=roadmaps1_.members_id 
    left outer join
        roadmap roadmap2_ 
            on roadmaps1_.roadmaps_id=roadmap2_.id 
    where
        member0_.nickname=?
2021-02-24 20:33:41.590 TRACE 13216 --- [    Test worker] o.h.type.descriptor.sql.BasicBinder      : binding parameter [1] as [VARCHAR] - [epepep]
2021-02-24 20:33:41.605 DEBUG 13216 --- [    Test worker] org.hibernate.SQL                        : 
    insert 
    into
        roadmap
        (moddate, regdate, closed, closed_date_time, complete, full_description, image, milestone, owner_id, path, progress, published, published_date_time, recruiting, recruiting_updated_date_time, short_description, title, use_banner) 
    values
        (?, ?, ?, ?, ?, ?, ?, ?, ?, ?, ?, ?, ?, ?, ?, ?, ?, ?)
2021-02-24 20:33:41.605 TRACE 13216 --- [    Test worker] o.h.type.descriptor.sql.BasicBinder      : binding parameter [1] as [TIMESTAMP] - [2021-02-24T20:33:41.599344400]
2021-02-24 20:33:41.605 TRACE 13216 --- [    Test worker] o.h.type.descriptor.sql.BasicBinder      : binding parameter [2] as [TIMESTAMP] - [2021-02-24T20:33:41.599344400]
2021-02-24 20:33:41.605 TRACE 13216 --- [    Test worker] o.h.type.descriptor.sql.BasicBinder      : binding parameter [3] as [BOOLEAN] - [false]
2021-02-24 20:33:41.605 TRACE 13216 --- [    Test worker] o.h.type.descriptor.sql.BasicBinder      : binding parameter [4] as [TIMESTAMP] - [null]
2021-02-24 20:33:41.605 TRACE 13216 --- [    Test worker] o.h.type.descriptor.sql.BasicBinder      : binding parameter [5] as [BOOLEAN] - [false]
2021-02-24 20:33:41.605 TRACE 13216 --- [    Test worker] o.h.type.descriptor.sql.BasicBinder      : binding parameter [6] as [CLOB] - [full description]
2021-02-24 20:33:41.606 TRACE 13216 --- [    Test worker] o.h.type.descriptor.sql.BasicBinder      : binding parameter [7] as [CLOB] - [null]
2021-02-24 20:33:41.607 TRACE 13216 --- [    Test worker] o.h.type.descriptor.sql.BasicBinder      : binding parameter [8] as [TIMESTAMP] - [null]
2021-02-24 20:33:41.607 TRACE 13216 --- [    Test worker] o.h.type.descriptor.sql.BasicBinder      : binding parameter [9] as [BIGINT] - [2777]
2021-02-24 20:33:41.607 TRACE 13216 --- [    Test worker] o.h.type.descriptor.sql.BasicBinder      : binding parameter [10] as [VARCHAR] - [/path]
2021-02-24 20:33:41.607 TRACE 13216 --- [    Test worker] o.h.type.descriptor.sql.BasicBinder      : binding parameter [11] as [DOUBLE] - [null]
2021-02-24 20:33:41.607 TRACE 13216 --- [    Test worker] o.h.type.descriptor.sql.BasicBinder      : binding parameter [12] as [BOOLEAN] - [false]
2021-02-24 20:33:41.607 TRACE 13216 --- [    Test worker] o.h.type.descriptor.sql.BasicBinder      : binding parameter [13] as [TIMESTAMP] - [null]
2021-02-24 20:33:41.607 TRACE 13216 --- [    Test worker] o.h.type.descriptor.sql.BasicBinder      : binding parameter [14] as [BOOLEAN] - [false]
2021-02-24 20:33:41.607 TRACE 13216 --- [    Test worker] o.h.type.descriptor.sql.BasicBinder      : binding parameter [15] as [TIMESTAMP] - [null]
2021-02-24 20:33:41.607 TRACE 13216 --- [    Test worker] o.h.type.descriptor.sql.BasicBinder      : binding parameter [16] as [VARCHAR] - [short description]
2021-02-24 20:33:41.607 TRACE 13216 --- [    Test worker] o.h.type.descriptor.sql.BasicBinder      : binding parameter [17] as [VARCHAR] - [title]
2021-02-24 20:33:41.607 TRACE 13216 --- [    Test worker] o.h.type.descriptor.sql.BasicBinder      : binding parameter [18] as [BOOLEAN] - [false]
2021-02-24 20:33:41.625 DEBUG 13216 --- [    Test worker] org.hibernate.SQL                        : 
    insert 
    into
        stage
        (moddate, regdate, complete, head, ord, roadmap_id, tail, title) 
    values
        (?, ?, ?, ?, ?, ?, ?, ?)
2021-02-24 20:33:41.625 TRACE 13216 --- [    Test worker] o.h.type.descriptor.sql.BasicBinder      : binding parameter [1] as [TIMESTAMP] - [2021-02-24T20:33:41.619349800]
2021-02-24 20:33:41.625 TRACE 13216 --- [    Test worker] o.h.type.descriptor.sql.BasicBinder      : binding parameter [2] as [TIMESTAMP] - [2021-02-24T20:33:41.619349800]
2021-02-24 20:33:41.625 TRACE 13216 --- [    Test worker] o.h.type.descriptor.sql.BasicBinder      : binding parameter [3] as [BOOLEAN] - [false]
2021-02-24 20:33:41.625 TRACE 13216 --- [    Test worker] o.h.type.descriptor.sql.BasicBinder      : binding parameter [4] as [BOOLEAN] - [true]
2021-02-24 20:33:41.626 TRACE 13216 --- [    Test worker] o.h.type.descriptor.sql.BasicBinder      : binding parameter [5] as [INTEGER] - [1]
2021-02-24 20:33:41.626 TRACE 13216 --- [    Test worker] o.h.type.descriptor.sql.BasicBinder      : binding parameter [6] as [BIGINT] - [431]
2021-02-24 20:33:41.627 TRACE 13216 --- [    Test worker] o.h.type.descriptor.sql.BasicBinder      : binding parameter [7] as [BOOLEAN] - [true]
2021-02-24 20:33:41.627 TRACE 13216 --- [    Test worker] o.h.type.descriptor.sql.BasicBinder      : binding parameter [8] as [VARCHAR] - [1단계]
2021-02-24 20:33:41.648 DEBUG 13216 --- [    Test worker] org.hibernate.SQL                        : 
    insert 
    into
        node
        (moddate, regdate, complete, node_type, parent_id, read, short_description, stage_id, text, title, url) 
    values
        (?, ?, ?, ?, ?, ?, ?, ?, ?, ?, ?)
2021-02-24 20:33:41.648 TRACE 13216 --- [    Test worker] o.h.type.descriptor.sql.BasicBinder      : binding parameter [1] as [TIMESTAMP] - [2021-02-24T20:33:41.643341600]
2021-02-24 20:33:41.648 TRACE 13216 --- [    Test worker] o.h.type.descriptor.sql.BasicBinder      : binding parameter [2] as [TIMESTAMP] - [2021-02-24T20:33:41.643341600]
2021-02-24 20:33:41.648 TRACE 13216 --- [    Test worker] o.h.type.descriptor.sql.BasicBinder      : binding parameter [3] as [BOOLEAN] - [false]
2021-02-24 20:33:41.648 TRACE 13216 --- [    Test worker] o.h.type.descriptor.sql.BasicBinder      : binding parameter [4] as [VARCHAR] - [post]
2021-02-24 20:33:41.648 TRACE 13216 --- [    Test worker] o.h.type.descriptor.sql.BasicBinder      : binding parameter [5] as [BIGINT] - [null]
2021-02-24 20:33:41.648 TRACE 13216 --- [    Test worker] o.h.type.descriptor.sql.BasicBinder      : binding parameter [6] as [BOOLEAN] - [false]
2021-02-24 20:33:41.648 TRACE 13216 --- [    Test worker] o.h.type.descriptor.sql.BasicBinder      : binding parameter [7] as [VARCHAR] - [null]
2021-02-24 20:33:41.648 TRACE 13216 --- [    Test worker] o.h.type.descriptor.sql.BasicBinder      : binding parameter [8] as [BIGINT] - [218]
2021-02-24 20:33:41.648 TRACE 13216 --- [    Test worker] o.h.type.descriptor.sql.BasicBinder      : binding parameter [9] as [VARCHAR] - [null]
2021-02-24 20:33:41.648 TRACE 13216 --- [    Test worker] o.h.type.descriptor.sql.BasicBinder      : binding parameter [10] as [VARCHAR] - [노드 제목]
2021-02-24 20:33:41.648 TRACE 13216 --- [    Test worker] o.h.type.descriptor.sql.BasicBinder      : binding parameter [11] as [VARCHAR] - [null]
2021-02-24 20:33:41.655  INFO 13216 --- [    Test worker] com.roadmap.filter.ApiCheckFilter        : REQUESTURI : /new-post/207
2021-02-24 20:33:41.655  INFO 13216 --- [    Test worker] com.roadmap.filter.ApiCheckFilter        : false
2021-02-24 20:33:41.664 DEBUG 13216 --- [    Test worker] org.hibernate.SQL                        : 
    select
        post0_.id as id1_11_,
        post0_.content as content2_11_,
        post0_.description as descript3_11_,
        post0_.node_id as node_id5_11_,
        post0_.title as title4_11_,
        post0_.writer_id as writer_i6_11_ 
    from
        post post0_ 
    left outer join
        node node1_ 
            on post0_.node_id=node1_.id 
    where
        node1_.id=?
2021-02-24 20:33:41.665 TRACE 13216 --- [    Test worker] o.h.type.descriptor.sql.BasicBinder      : binding parameter [1] as [BIGINT] - [207]
2021-02-24 20:33:41.675 DEBUG 13216 --- [    Test worker] org.hibernate.SQL                        : 
    insert 
    into
        post
        (content, description, node_id, title, writer_id) 
    values
        (?, ?, ?, ?, ?)
2021-02-24 20:33:41.676 TRACE 13216 --- [    Test worker] o.h.type.descriptor.sql.BasicBinder      : binding parameter [1] as [CLOB] - [null]
2021-02-24 20:33:41.676 TRACE 13216 --- [    Test worker] o.h.type.descriptor.sql.BasicBinder      : binding parameter [2] as [VARCHAR] - [null]
2021-02-24 20:33:41.676 TRACE 13216 --- [    Test worker] o.h.type.descriptor.sql.BasicBinder      : binding parameter [3] as [BIGINT] - [207]
2021-02-24 20:33:41.676 TRACE 13216 --- [    Test worker] o.h.type.descriptor.sql.BasicBinder      : binding parameter [4] as [VARCHAR] - [null]
2021-02-24 20:33:41.676 TRACE 13216 --- [    Test worker] o.h.type.descriptor.sql.BasicBinder      : binding parameter [5] as [BIGINT] - [null]
2021-02-24 20:33:41.680 DEBUG 13216 --- [    Test worker] org.hibernate.SQL                        : 
    select
        tag0_.id as id1_21_,
        tag0_.moddate as moddate2_21_,
        tag0_.regdate as regdate3_21_,
        tag0_.title as title4_21_ 
    from
        tag tag0_
2021-02-24 20:33:41.712 DEBUG 13216 --- [    Test worker] org.hibernate.SQL                        : 
    select
        post0_.id as id1_11_,
        post0_.content as content2_11_,
        post0_.description as descript3_11_,
        post0_.node_id as node_id5_11_,
        post0_.title as title4_11_,
        post0_.writer_id as writer_i6_11_ 
    from
        post post0_ 
    left outer join
        node node1_ 
            on post0_.node_id=node1_.id 
    where
        node1_.id=?
2021-02-24 20:33:41.712 TRACE 13216 --- [    Test worker] o.h.type.descriptor.sql.BasicBinder      : binding parameter [1] as [BIGINT] - [207]
2021-02-24 20:33:41.717  INFO 13216 --- [    Test worker] o.s.t.c.transaction.TransactionContext   : Rolled back transaction for test: [DefaultTestContext@33d14a73 testClass = PostControllerTest, testInstance = com.roadmap.post.PostControllerTest@50b7876, testMethod = newPostFormView@PostControllerTest, testException = [null], mergedContextConfiguration = [WebMergedContextConfiguration@40565763 testClass = PostControllerTest, locations = '{}', classes = '{class com.roadmap.CoreApplication}', contextInitializerClasses = '[]', activeProfiles = '{}', propertySourceLocations = '{}', propertySourceProperties = '{org.springframework.boot.test.context.SpringBootTestContextBootstrapper=true}', contextCustomizers = set[org.springframework.boot.test.autoconfigure.properties.PropertyMappingContextCustomizer@4b3fa0b3, org.springframework.boot.test.autoconfigure.web.servlet.WebDriverContextCustomizerFactory$Customizer@325e26c4, [ImportsContextCustomizer@7c4b21bc key = [org.springframework.boot.test.autoconfigure.web.servlet.MockMvcAutoConfiguration, org.springframework.boot.test.autoconfigure.web.servlet.MockMvcWebClientAutoConfiguration, org.springframework.boot.test.autoconfigure.web.servlet.MockMvcWebDriverAutoConfiguration, org.springframework.boot.autoconfigure.security.oauth2.client.servlet.OAuth2ClientAutoConfiguration, org.springframework.boot.autoconfigure.security.oauth2.resource.servlet.OAuth2ResourceServerAutoConfiguration, org.springframework.boot.autoconfigure.security.servlet.SecurityAutoConfiguration, org.springframework.boot.autoconfigure.security.servlet.SecurityFilterAutoConfiguration, org.springframework.boot.autoconfigure.security.servlet.UserDetailsServiceAutoConfiguration, org.springframework.boot.test.autoconfigure.web.servlet.MockMvcSecurityConfiguration]], org.springframework.boot.test.context.filter.ExcludeFilterContextCustomizer@4db5c7c8, org.springframework.boot.test.json.DuplicateJsonObjectContextCustomizerFactory$DuplicateJsonObjectContextCustomizer@630285f8, org.springframework.boot.test.mock.mockito.MockitoContextCustomizer@0, org.springframework.boot.test.web.client.TestRestTemplateContextCustomizer@5f7703c, org.springframework.boot.test.context.SpringBootTestArgs@1, org.springframework.boot.test.context.SpringBootTestWebEnvironment@59f291c0], resourceBasePath = 'src/main/webapp', contextLoader = 'org.springframework.boot.test.context.SpringBootContextLoader', parent = [null]], attributes = map['org.springframework.test.context.web.ServletTestExecutionListener.activateListener' -> true, 'org.springframework.test.context.web.ServletTestExecutionListener.populatedRequestContextHolder' -> true, 'org.springframework.test.context.web.ServletTestExecutionListener.resetRequestContextHolder' -> true]]
2021-02-24 20:33:41.719  INFO 13216 --- [    Test worker] o.s.t.c.transaction.TransactionContext   : Began transaction (1) for test context [DefaultTestContext@33d14a73 testClass = PostControllerTest, testInstance = com.roadmap.post.PostControllerTest@2a9f3b04, testMethod = newPostFormSubmit_correct@PostControllerTest, testException = [null], mergedContextConfiguration = [WebMergedContextConfiguration@40565763 testClass = PostControllerTest, locations = '{}', classes = '{class com.roadmap.CoreApplication}', contextInitializerClasses = '[]', activeProfiles = '{}', propertySourceLocations = '{}', propertySourceProperties = '{org.springframework.boot.test.context.SpringBootTestContextBootstrapper=true}', contextCustomizers = set[org.springframework.boot.test.autoconfigure.properties.PropertyMappingContextCustomizer@4b3fa0b3, org.springframework.boot.test.autoconfigure.web.servlet.WebDriverContextCustomizerFactory$Customizer@325e26c4, [ImportsContextCustomizer@7c4b21bc key = [org.springframework.boot.test.autoconfigure.web.servlet.MockMvcAutoConfiguration, org.springframework.boot.test.autoconfigure.web.servlet.MockMvcWebClientAutoConfiguration, org.springframework.boot.test.autoconfigure.web.servlet.MockMvcWebDriverAutoConfiguration, org.springframework.boot.autoconfigure.security.oauth2.client.servlet.OAuth2ClientAutoConfiguration, org.springframework.boot.autoconfigure.security.oauth2.resource.servlet.OAuth2ResourceServerAutoConfiguration, org.springframework.boot.autoconfigure.security.servlet.SecurityAutoConfiguration, org.springframework.boot.autoconfigure.security.servlet.SecurityFilterAutoConfiguration, org.springframework.boot.autoconfigure.security.servlet.UserDetailsServiceAutoConfiguration, org.springframework.boot.test.autoconfigure.web.servlet.MockMvcSecurityConfiguration]], org.springframework.boot.test.context.filter.ExcludeFilterContextCustomizer@4db5c7c8, org.springframework.boot.test.json.DuplicateJsonObjectContextCustomizerFactory$DuplicateJsonObjectContextCustomizer@630285f8, org.springframework.boot.test.mock.mockito.MockitoContextCustomizer@0, org.springframework.boot.test.web.client.TestRestTemplateContextCustomizer@5f7703c, org.springframework.boot.test.context.SpringBootTestArgs@1, org.springframework.boot.test.context.SpringBootTestWebEnvironment@59f291c0], resourceBasePath = 'src/main/webapp', contextLoader = 'org.springframework.boot.test.context.SpringBootContextLoader', parent = [null]], attributes = map['org.springframework.test.context.web.ServletTestExecutionListener.activateListener' -> true, 'org.springframework.test.context.web.ServletTestExecutionListener.populatedRequestContextHolder' -> true, 'org.springframework.test.context.web.ServletTestExecutionListener.resetRequestContextHolder' -> true]]; transaction manager [org.springframework.orm.jpa.JpaTransactionManager@25169dd]; rollback [true]
2021-02-24 20:33:41.792  INFO 13216 --- [    Test worker] com.roadmap.service.MemberService        : email send signup confirm Email link : /check-email-token?token=249a4de1-4342-45f9-9d18-f6795f0b9c41&email=epepep@email.com
2021-02-24 20:33:41.792 DEBUG 13216 --- [    Test worker] org.hibernate.SQL                        : 
    select
        nextval ('hibernate_sequence')
2021-02-24 20:33:41.793 DEBUG 13216 --- [    Test worker] org.hibernate.SQL                        : 
    insert 
    into
        member
        (moddate, regdate, bio, email, email_check_token, email_check_token_generated_at, email_verified, from_social, joined_at, loc_id, nickname, occupation, password, profile_image, roadmap_created_by_email, roadmap_created_by_web, roadmap_enrollment_result_by_email, roadmap_enrollment_result_by_web, roadmap_updated_by_email, roadmap_updated_by_web, url, id) 
    values
        (?, ?, ?, ?, ?, ?, ?, ?, ?, ?, ?, ?, ?, ?, ?, ?, ?, ?, ?, ?, ?, ?)
2021-02-24 20:33:41.793 TRACE 13216 --- [    Test worker] o.h.type.descriptor.sql.BasicBinder      : binding parameter [1] as [TIMESTAMP] - [2021-02-24T20:33:41.792368300]
2021-02-24 20:33:41.794 TRACE 13216 --- [    Test worker] o.h.type.descriptor.sql.BasicBinder      : binding parameter [2] as [TIMESTAMP] - [2021-02-24T20:33:41.792368300]
2021-02-24 20:33:41.794 TRACE 13216 --- [    Test worker] o.h.type.descriptor.sql.BasicBinder      : binding parameter [3] as [VARCHAR] - [null]
2021-02-24 20:33:41.794 TRACE 13216 --- [    Test worker] o.h.type.descriptor.sql.BasicBinder      : binding parameter [4] as [VARCHAR] - [epepep@email.com]
2021-02-24 20:33:41.794 TRACE 13216 --- [    Test worker] o.h.type.descriptor.sql.BasicBinder      : binding parameter [5] as [VARCHAR] - [249a4de1-4342-45f9-9d18-f6795f0b9c41]
2021-02-24 20:33:41.794 TRACE 13216 --- [    Test worker] o.h.type.descriptor.sql.BasicBinder      : binding parameter [6] as [TIMESTAMP] - [2021-02-24T20:33:41.792368300]
2021-02-24 20:33:41.794 TRACE 13216 --- [    Test worker] o.h.type.descriptor.sql.BasicBinder      : binding parameter [7] as [BOOLEAN] - [false]
2021-02-24 20:33:41.794 TRACE 13216 --- [    Test worker] o.h.type.descriptor.sql.BasicBinder      : binding parameter [8] as [BOOLEAN] - [false]
2021-02-24 20:33:41.794 TRACE 13216 --- [    Test worker] o.h.type.descriptor.sql.BasicBinder      : binding parameter [9] as [TIMESTAMP] - [2021-02-24T20:33:41.792368300]
2021-02-24 20:33:41.794 TRACE 13216 --- [    Test worker] o.h.type.descriptor.sql.BasicBinder      : binding parameter [10] as [BIGINT] - [null]
2021-02-24 20:33:41.794 TRACE 13216 --- [    Test worker] o.h.type.descriptor.sql.BasicBinder      : binding parameter [11] as [VARCHAR] - [epepep]
2021-02-24 20:33:41.794 TRACE 13216 --- [    Test worker] o.h.type.descriptor.sql.BasicBinder      : binding parameter [12] as [VARCHAR] - [null]
2021-02-24 20:33:41.794 TRACE 13216 --- [    Test worker] o.h.type.descriptor.sql.BasicBinder      : binding parameter [13] as [VARCHAR] - [{bcrypt}$2a$10$DRfXCCfnq0mEPrfjED.lUuAeK8DLTKsthlxS.tgObRGLjAHZZZwTu]
2021-02-24 20:33:41.794 TRACE 13216 --- [    Test worker] o.h.type.descriptor.sql.BasicBinder      : binding parameter [14] as [CLOB] - [null]
2021-02-24 20:33:41.794 TRACE 13216 --- [    Test worker] o.h.type.descriptor.sql.BasicBinder      : binding parameter [15] as [BOOLEAN] - [false]
2021-02-24 20:33:41.794 TRACE 13216 --- [    Test worker] o.h.type.descriptor.sql.BasicBinder      : binding parameter [16] as [BOOLEAN] - [true]
2021-02-24 20:33:41.794 TRACE 13216 --- [    Test worker] o.h.type.descriptor.sql.BasicBinder      : binding parameter [17] as [BOOLEAN] - [false]
2021-02-24 20:33:41.794 TRACE 13216 --- [    Test worker] o.h.type.descriptor.sql.BasicBinder      : binding parameter [18] as [BOOLEAN] - [true]
2021-02-24 20:33:41.794 TRACE 13216 --- [    Test worker] o.h.type.descriptor.sql.BasicBinder      : binding parameter [19] as [BOOLEAN] - [false]
2021-02-24 20:33:41.794 TRACE 13216 --- [    Test worker] o.h.type.descriptor.sql.BasicBinder      : binding parameter [20] as [BOOLEAN] - [true]
2021-02-24 20:33:41.794 TRACE 13216 --- [    Test worker] o.h.type.descriptor.sql.BasicBinder      : binding parameter [21] as [VARCHAR] - [null]
2021-02-24 20:33:41.794 TRACE 13216 --- [    Test worker] o.h.type.descriptor.sql.BasicBinder      : binding parameter [22] as [BIGINT] - [2778]
2021-02-24 20:33:41.795 DEBUG 13216 --- [    Test worker] org.hibernate.SQL                        : 
    insert 
    into
        member_role_set
        (member_id, role_set) 
    values
        (?, ?)
2021-02-24 20:33:41.795 TRACE 13216 --- [    Test worker] o.h.type.descriptor.sql.BasicBinder      : binding parameter [1] as [BIGINT] - [2778]
2021-02-24 20:33:41.795 TRACE 13216 --- [    Test worker] o.h.type.descriptor.sql.BasicBinder      : binding parameter [2] as [VARCHAR] - [USER]
2021-02-24 20:33:41.795 DEBUG 13216 --- [    Test worker] org.hibernate.SQL                        : 
    select
        member0_.id as id1_3_,
        member0_.moddate as moddate2_3_,
        member0_.regdate as regdate3_3_,
        member0_.bio as bio4_3_,
        member0_.email as email5_3_,
        member0_.email_check_token as email_ch6_3_,
        member0_.email_check_token_generated_at as email_ch7_3_,
        member0_.email_verified as email_ve8_3_,
        member0_.from_social as from_soc9_3_,
        member0_.joined_at as joined_10_3_,
        member0_.loc_id as loc_id22_3_,
        member0_.nickname as nicknam11_3_,
        member0_.occupation as occupat12_3_,
        member0_.password as passwor13_3_,
        member0_.profile_image as profile14_3_,
        member0_.roadmap_created_by_email as roadmap15_3_,
        member0_.roadmap_created_by_web as roadmap16_3_,
        member0_.roadmap_enrollment_result_by_email as roadmap17_3_,
        member0_.roadmap_enrollment_result_by_web as roadmap18_3_,
        member0_.roadmap_updated_by_email as roadmap19_3_,
        member0_.roadmap_updated_by_web as roadmap20_3_,
        member0_.url as url21_3_ 
    from
        member member0_ 
    where
        member0_.email=?
2021-02-24 20:33:41.795 TRACE 13216 --- [    Test worker] o.h.type.descriptor.sql.BasicBinder      : binding parameter [1] as [VARCHAR] - [epepep]
2021-02-24 20:33:41.796 DEBUG 13216 --- [    Test worker] org.hibernate.SQL                        : 
    select
        member0_.id as id1_3_,
        member0_.moddate as moddate2_3_,
        member0_.regdate as regdate3_3_,
        member0_.bio as bio4_3_,
        member0_.email as email5_3_,
        member0_.email_check_token as email_ch6_3_,
        member0_.email_check_token_generated_at as email_ch7_3_,
        member0_.email_verified as email_ve8_3_,
        member0_.from_social as from_soc9_3_,
        member0_.joined_at as joined_10_3_,
        member0_.loc_id as loc_id22_3_,
        member0_.nickname as nicknam11_3_,
        member0_.occupation as occupat12_3_,
        member0_.password as passwor13_3_,
        member0_.profile_image as profile14_3_,
        member0_.roadmap_created_by_email as roadmap15_3_,
        member0_.roadmap_created_by_web as roadmap16_3_,
        member0_.roadmap_enrollment_result_by_email as roadmap17_3_,
        member0_.roadmap_enrollment_result_by_web as roadmap18_3_,
        member0_.roadmap_updated_by_email as roadmap19_3_,
        member0_.roadmap_updated_by_web as roadmap20_3_,
        member0_.url as url21_3_ 
    from
        member member0_ 
    where
        member0_.nickname=?
2021-02-24 20:33:41.796 TRACE 13216 --- [    Test worker] o.h.type.descriptor.sql.BasicBinder      : binding parameter [1] as [VARCHAR] - [epepep]
2021-02-24 20:33:41.798 DEBUG 13216 --- [    Test worker] org.hibernate.SQL                        : 
    select
        member0_.id as id1_3_,
        member0_.moddate as moddate2_3_,
        member0_.regdate as regdate3_3_,
        member0_.bio as bio4_3_,
        member0_.email as email5_3_,
        member0_.email_check_token as email_ch6_3_,
        member0_.email_check_token_generated_at as email_ch7_3_,
        member0_.email_verified as email_ve8_3_,
        member0_.from_social as from_soc9_3_,
        member0_.joined_at as joined_10_3_,
        member0_.loc_id as loc_id22_3_,
        member0_.nickname as nicknam11_3_,
        member0_.occupation as occupat12_3_,
        member0_.password as passwor13_3_,
        member0_.profile_image as profile14_3_,
        member0_.roadmap_created_by_email as roadmap15_3_,
        member0_.roadmap_created_by_web as roadmap16_3_,
        member0_.roadmap_enrollment_result_by_email as roadmap17_3_,
        member0_.roadmap_enrollment_result_by_web as roadmap18_3_,
        member0_.roadmap_updated_by_email as roadmap19_3_,
        member0_.roadmap_updated_by_web as roadmap20_3_,
        member0_.url as url21_3_ 
    from
        member member0_ 
    where
        member0_.nickname=?
2021-02-24 20:33:41.798 TRACE 13216 --- [    Test worker] o.h.type.descriptor.sql.BasicBinder      : binding parameter [1] as [VARCHAR] - [epepep]
2021-02-24 20:33:41.800 DEBUG 13216 --- [    Test worker] org.hibernate.SQL                        : 
    select
        member0_.id as id1_3_0_,
        roadmap2_.id as id1_14_1_,
        member0_.moddate as moddate2_3_0_,
        member0_.regdate as regdate3_3_0_,
        member0_.bio as bio4_3_0_,
        member0_.email as email5_3_0_,
        member0_.email_check_token as email_ch6_3_0_,
        member0_.email_check_token_generated_at as email_ch7_3_0_,
        member0_.email_verified as email_ve8_3_0_,
        member0_.from_social as from_soc9_3_0_,
        member0_.joined_at as joined_10_3_0_,
        member0_.loc_id as loc_id22_3_0_,
        member0_.nickname as nicknam11_3_0_,
        member0_.occupation as occupat12_3_0_,
        member0_.password as passwor13_3_0_,
        member0_.profile_image as profile14_3_0_,
        member0_.roadmap_created_by_email as roadmap15_3_0_,
        member0_.roadmap_created_by_web as roadmap16_3_0_,
        member0_.roadmap_enrollment_result_by_email as roadmap17_3_0_,
        member0_.roadmap_enrollment_result_by_web as roadmap18_3_0_,
        member0_.roadmap_updated_by_email as roadmap19_3_0_,
        member0_.roadmap_updated_by_web as roadmap20_3_0_,
        member0_.url as url21_3_0_,
        roadmap2_.moddate as moddate2_14_1_,
        roadmap2_.regdate as regdate3_14_1_,
        roadmap2_.closed as closed4_14_1_,
        roadmap2_.closed_date_time as closed_d5_14_1_,
        roadmap2_.complete as complete6_14_1_,
        roadmap2_.full_description as full_des7_14_1_,
        roadmap2_.image as image8_14_1_,
        roadmap2_.milestone as mileston9_14_1_,
        roadmap2_.owner_id as owner_i19_14_1_,
        roadmap2_.path as path10_14_1_,
        roadmap2_.progress as progres11_14_1_,
        roadmap2_.published as publish12_14_1_,
        roadmap2_.published_date_time as publish13_14_1_,
        roadmap2_.recruiting as recruit14_14_1_,
        roadmap2_.recruiting_updated_date_time as recruit15_14_1_,
        roadmap2_.short_description as short_d16_14_1_,
        roadmap2_.title as title17_14_1_,
        roadmap2_.use_banner as use_ban18_14_1_,
        roadmaps1_.members_id as members_2_15_0__,
        roadmaps1_.roadmaps_id as roadmaps1_15_0__ 
    from
        member member0_ 
    left outer join
        roadmap_members roadmaps1_ 
            on member0_.id=roadmaps1_.members_id 
    left outer join
        roadmap roadmap2_ 
            on roadmaps1_.roadmaps_id=roadmap2_.id 
    where
        member0_.nickname=?
2021-02-24 20:33:41.800 TRACE 13216 --- [    Test worker] o.h.type.descriptor.sql.BasicBinder      : binding parameter [1] as [VARCHAR] - [epepep]
2021-02-24 20:33:41.802 DEBUG 13216 --- [    Test worker] org.hibernate.SQL                        : 
    insert 
    into
        roadmap
        (moddate, regdate, closed, closed_date_time, complete, full_description, image, milestone, owner_id, path, progress, published, published_date_time, recruiting, recruiting_updated_date_time, short_description, title, use_banner) 
    values
        (?, ?, ?, ?, ?, ?, ?, ?, ?, ?, ?, ?, ?, ?, ?, ?, ?, ?)
2021-02-24 20:33:41.802 TRACE 13216 --- [    Test worker] o.h.type.descriptor.sql.BasicBinder      : binding parameter [1] as [TIMESTAMP] - [2021-02-24T20:33:41.802362700]
2021-02-24 20:33:41.802 TRACE 13216 --- [    Test worker] o.h.type.descriptor.sql.BasicBinder      : binding parameter [2] as [TIMESTAMP] - [2021-02-24T20:33:41.802362700]
2021-02-24 20:33:41.802 TRACE 13216 --- [    Test worker] o.h.type.descriptor.sql.BasicBinder      : binding parameter [3] as [BOOLEAN] - [false]
2021-02-24 20:33:41.802 TRACE 13216 --- [    Test worker] o.h.type.descriptor.sql.BasicBinder      : binding parameter [4] as [TIMESTAMP] - [null]
2021-02-24 20:33:41.802 TRACE 13216 --- [    Test worker] o.h.type.descriptor.sql.BasicBinder      : binding parameter [5] as [BOOLEAN] - [false]
2021-02-24 20:33:41.802 TRACE 13216 --- [    Test worker] o.h.type.descriptor.sql.BasicBinder      : binding parameter [6] as [CLOB] - [full description]
2021-02-24 20:33:41.803 TRACE 13216 --- [    Test worker] o.h.type.descriptor.sql.BasicBinder      : binding parameter [7] as [CLOB] - [null]
2021-02-24 20:33:41.803 TRACE 13216 --- [    Test worker] o.h.type.descriptor.sql.BasicBinder      : binding parameter [8] as [TIMESTAMP] - [null]
2021-02-24 20:33:41.803 TRACE 13216 --- [    Test worker] o.h.type.descriptor.sql.BasicBinder      : binding parameter [9] as [BIGINT] - [2778]
2021-02-24 20:33:41.803 TRACE 13216 --- [    Test worker] o.h.type.descriptor.sql.BasicBinder      : binding parameter [10] as [VARCHAR] - [/path]
2021-02-24 20:33:41.803 TRACE 13216 --- [    Test worker] o.h.type.descriptor.sql.BasicBinder      : binding parameter [11] as [DOUBLE] - [null]
2021-02-24 20:33:41.803 TRACE 13216 --- [    Test worker] o.h.type.descriptor.sql.BasicBinder      : binding parameter [12] as [BOOLEAN] - [false]
2021-02-24 20:33:41.803 TRACE 13216 --- [    Test worker] o.h.type.descriptor.sql.BasicBinder      : binding parameter [13] as [TIMESTAMP] - [null]
2021-02-24 20:33:41.803 TRACE 13216 --- [    Test worker] o.h.type.descriptor.sql.BasicBinder      : binding parameter [14] as [BOOLEAN] - [false]
2021-02-24 20:33:41.803 TRACE 13216 --- [    Test worker] o.h.type.descriptor.sql.BasicBinder      : binding parameter [15] as [TIMESTAMP] - [null]
2021-02-24 20:33:41.803 TRACE 13216 --- [    Test worker] o.h.type.descriptor.sql.BasicBinder      : binding parameter [16] as [VARCHAR] - [short description]
2021-02-24 20:33:41.803 TRACE 13216 --- [    Test worker] o.h.type.descriptor.sql.BasicBinder      : binding parameter [17] as [VARCHAR] - [title]
2021-02-24 20:33:41.803 TRACE 13216 --- [    Test worker] o.h.type.descriptor.sql.BasicBinder      : binding parameter [18] as [BOOLEAN] - [false]
2021-02-24 20:33:41.804 DEBUG 13216 --- [    Test worker] org.hibernate.SQL                        : 
    insert 
    into
        stage
        (moddate, regdate, complete, head, ord, roadmap_id, tail, title) 
    values
        (?, ?, ?, ?, ?, ?, ?, ?)
2021-02-24 20:33:41.804 TRACE 13216 --- [    Test worker] o.h.type.descriptor.sql.BasicBinder      : binding parameter [1] as [TIMESTAMP] - [2021-02-24T20:33:41.804339800]
2021-02-24 20:33:41.804 TRACE 13216 --- [    Test worker] o.h.type.descriptor.sql.BasicBinder      : binding parameter [2] as [TIMESTAMP] - [2021-02-24T20:33:41.804339800]
2021-02-24 20:33:41.805 TRACE 13216 --- [    Test worker] o.h.type.descriptor.sql.BasicBinder      : binding parameter [3] as [BOOLEAN] - [false]
2021-02-24 20:33:41.805 TRACE 13216 --- [    Test worker] o.h.type.descriptor.sql.BasicBinder      : binding parameter [4] as [BOOLEAN] - [true]
2021-02-24 20:33:41.805 TRACE 13216 --- [    Test worker] o.h.type.descriptor.sql.BasicBinder      : binding parameter [5] as [INTEGER] - [1]
2021-02-24 20:33:41.805 TRACE 13216 --- [    Test worker] o.h.type.descriptor.sql.BasicBinder      : binding parameter [6] as [BIGINT] - [432]
2021-02-24 20:33:41.805 TRACE 13216 --- [    Test worker] o.h.type.descriptor.sql.BasicBinder      : binding parameter [7] as [BOOLEAN] - [true]
2021-02-24 20:33:41.805 TRACE 13216 --- [    Test worker] o.h.type.descriptor.sql.BasicBinder      : binding parameter [8] as [VARCHAR] - [1단계]
2021-02-24 20:33:41.806 DEBUG 13216 --- [    Test worker] org.hibernate.SQL                        : 
    insert 
    into
        node
        (moddate, regdate, complete, node_type, parent_id, read, short_description, stage_id, text, title, url) 
    values
        (?, ?, ?, ?, ?, ?, ?, ?, ?, ?, ?)
2021-02-24 20:33:41.806 TRACE 13216 --- [    Test worker] o.h.type.descriptor.sql.BasicBinder      : binding parameter [1] as [TIMESTAMP] - [2021-02-24T20:33:41.805344]
2021-02-24 20:33:41.806 TRACE 13216 --- [    Test worker] o.h.type.descriptor.sql.BasicBinder      : binding parameter [2] as [TIMESTAMP] - [2021-02-24T20:33:41.805344]
2021-02-24 20:33:41.806 TRACE 13216 --- [    Test worker] o.h.type.descriptor.sql.BasicBinder      : binding parameter [3] as [BOOLEAN] - [false]
2021-02-24 20:33:41.806 TRACE 13216 --- [    Test worker] o.h.type.descriptor.sql.BasicBinder      : binding parameter [4] as [VARCHAR] - [post]
2021-02-24 20:33:41.806 TRACE 13216 --- [    Test worker] o.h.type.descriptor.sql.BasicBinder      : binding parameter [5] as [BIGINT] - [null]
2021-02-24 20:33:41.806 TRACE 13216 --- [    Test worker] o.h.type.descriptor.sql.BasicBinder      : binding parameter [6] as [BOOLEAN] - [false]
2021-02-24 20:33:41.806 TRACE 13216 --- [    Test worker] o.h.type.descriptor.sql.BasicBinder      : binding parameter [7] as [VARCHAR] - [null]
2021-02-24 20:33:41.806 TRACE 13216 --- [    Test worker] o.h.type.descriptor.sql.BasicBinder      : binding parameter [8] as [BIGINT] - [219]
2021-02-24 20:33:41.806 TRACE 13216 --- [    Test worker] o.h.type.descriptor.sql.BasicBinder      : binding parameter [9] as [VARCHAR] - [null]
2021-02-24 20:33:41.806 TRACE 13216 --- [    Test worker] o.h.type.descriptor.sql.BasicBinder      : binding parameter [10] as [VARCHAR] - [노드 제목]
2021-02-24 20:33:41.806 TRACE 13216 --- [    Test worker] o.h.type.descriptor.sql.BasicBinder      : binding parameter [11] as [VARCHAR] - [null]
2021-02-24 20:33:41.808  INFO 13216 --- [    Test worker] com.roadmap.filter.ApiCheckFilter        : REQUESTURI : /new-post/208
2021-02-24 20:33:41.808  INFO 13216 --- [    Test worker] com.roadmap.filter.ApiCheckFilter        : false
2021-02-24 20:33:41.810 DEBUG 13216 --- [    Test worker] org.hibernate.SQL                        : 
    select
        post0_.id as id1_11_,
        post0_.content as content2_11_,
        post0_.description as descript3_11_,
        post0_.node_id as node_id5_11_,
        post0_.title as title4_11_,
        post0_.writer_id as writer_i6_11_ 
    from
        post post0_ 
    left outer join
        node node1_ 
            on post0_.node_id=node1_.id 
    where
        node1_.id=?
2021-02-24 20:33:41.810 TRACE 13216 --- [    Test worker] o.h.type.descriptor.sql.BasicBinder      : binding parameter [1] as [BIGINT] - [208]
2021-02-24 20:33:41.812 DEBUG 13216 --- [    Test worker] org.hibernate.SQL                        : 
    insert 
    into
        post
        (content, description, node_id, title, writer_id) 
    values
        (?, ?, ?, ?, ?)
2021-02-24 20:33:41.812 TRACE 13216 --- [    Test worker] o.h.type.descriptor.sql.BasicBinder      : binding parameter [1] as [CLOB] - [null]
2021-02-24 20:33:41.812 TRACE 13216 --- [    Test worker] o.h.type.descriptor.sql.BasicBinder      : binding parameter [2] as [VARCHAR] - [null]
2021-02-24 20:33:41.812 TRACE 13216 --- [    Test worker] o.h.type.descriptor.sql.BasicBinder      : binding parameter [3] as [BIGINT] - [208]
2021-02-24 20:33:41.812 TRACE 13216 --- [    Test worker] o.h.type.descriptor.sql.BasicBinder      : binding parameter [4] as [VARCHAR] - [null]
2021-02-24 20:33:41.812 TRACE 13216 --- [    Test worker] o.h.type.descriptor.sql.BasicBinder      : binding parameter [5] as [BIGINT] - [null]
2021-02-24 20:33:41.813 DEBUG 13216 --- [    Test worker] org.hibernate.SQL                        : 
    select
        tag0_.id as id1_21_,
        tag0_.moddate as moddate2_21_,
        tag0_.regdate as regdate3_21_,
        tag0_.title as title4_21_ 
    from
        tag tag0_
2021-02-24 20:33:41.821  INFO 13216 --- [    Test worker] com.roadmap.filter.ApiCheckFilter        : REQUESTURI : /new-post/208
2021-02-24 20:33:41.821  INFO 13216 --- [    Test worker] com.roadmap.filter.ApiCheckFilter        : false
2021-02-24 20:33:41.825 DEBUG 13216 --- [    Test worker] org.hibernate.SQL                        : 
    select
        post0_.id as id1_11_,
        post0_.content as content2_11_,
        post0_.description as descript3_11_,
        post0_.node_id as node_id5_11_,
        post0_.title as title4_11_,
        post0_.writer_id as writer_i6_11_ 
    from
        post post0_ 
    left outer join
        node node1_ 
            on post0_.node_id=node1_.id 
    where
        node1_.id=?
2021-02-24 20:33:41.825 TRACE 13216 --- [    Test worker] o.h.type.descriptor.sql.BasicBinder      : binding parameter [1] as [BIGINT] - [208]
2021-02-24 20:33:41.828 DEBUG 13216 --- [    Test worker] org.hibernate.SQL                        : 
    select
        member0_.id as id1_3_,
        member0_.moddate as moddate2_3_,
        member0_.regdate as regdate3_3_,
        member0_.bio as bio4_3_,
        member0_.email as email5_3_,
        member0_.email_check_token as email_ch6_3_,
        member0_.email_check_token_generated_at as email_ch7_3_,
        member0_.email_verified as email_ve8_3_,
        member0_.from_social as from_soc9_3_,
        member0_.joined_at as joined_10_3_,
        member0_.loc_id as loc_id22_3_,
        member0_.nickname as nicknam11_3_,
        member0_.occupation as occupat12_3_,
        member0_.password as passwor13_3_,
        member0_.profile_image as profile14_3_,
        member0_.roadmap_created_by_email as roadmap15_3_,
        member0_.roadmap_created_by_web as roadmap16_3_,
        member0_.roadmap_enrollment_result_by_email as roadmap17_3_,
        member0_.roadmap_enrollment_result_by_web as roadmap18_3_,
        member0_.roadmap_updated_by_email as roadmap19_3_,
        member0_.roadmap_updated_by_web as roadmap20_3_,
        member0_.url as url21_3_ 
    from
        member member0_ 
    where
        member0_.nickname=?
2021-02-24 20:33:41.828 TRACE 13216 --- [    Test worker] o.h.type.descriptor.sql.BasicBinder      : binding parameter [1] as [VARCHAR] - [epepep]
2021-02-24 20:33:41.830 DEBUG 13216 --- [    Test worker] org.hibernate.SQL                        : 
    update
        post 
    set
        content=?,
        description=?,
        node_id=?,
        title=?,
        writer_id=? 
    where
        id=?
2021-02-24 20:33:41.830 TRACE 13216 --- [    Test worker] o.h.type.descriptor.sql.BasicBinder      : binding parameter [1] as [CLOB] - [내용]
2021-02-24 20:33:41.831 TRACE 13216 --- [    Test worker] o.h.type.descriptor.sql.BasicBinder      : binding parameter [2] as [VARCHAR] - [설명]
2021-02-24 20:33:41.831 TRACE 13216 --- [    Test worker] o.h.type.descriptor.sql.BasicBinder      : binding parameter [3] as [BIGINT] - [208]
2021-02-24 20:33:41.831 TRACE 13216 --- [    Test worker] o.h.type.descriptor.sql.BasicBinder      : binding parameter [4] as [VARCHAR] - [제목]
2021-02-24 20:33:41.831 TRACE 13216 --- [    Test worker] o.h.type.descriptor.sql.BasicBinder      : binding parameter [5] as [BIGINT] - [2778]
2021-02-24 20:33:41.831 TRACE 13216 --- [    Test worker] o.h.type.descriptor.sql.BasicBinder      : binding parameter [6] as [BIGINT] - [33]
2021-02-24 20:33:41.832 DEBUG 13216 --- [    Test worker] org.hibernate.SQL                        : 
    insert 
    into
        member_posts
        (member_id, posts_id) 
    values
        (?, ?)
2021-02-24 20:33:41.832 TRACE 13216 --- [    Test worker] o.h.type.descriptor.sql.BasicBinder      : binding parameter [1] as [BIGINT] - [2778]
2021-02-24 20:33:41.832 TRACE 13216 --- [    Test worker] o.h.type.descriptor.sql.BasicBinder      : binding parameter [2] as [BIGINT] - [33]
2021-02-24 20:33:41.835 DEBUG 13216 --- [    Test worker] org.hibernate.SQL                        : 
    insert 
    into
        roadmap_members
        (roadmaps_id, members_id) 
    values
        (?, ?)
2021-02-24 20:33:41.835 TRACE 13216 --- [    Test worker] o.h.type.descriptor.sql.BasicBinder      : binding parameter [1] as [BIGINT] - [432]
2021-02-24 20:33:41.836 TRACE 13216 --- [    Test worker] o.h.type.descriptor.sql.BasicBinder      : binding parameter [2] as [BIGINT] - [2778]
2021-02-24 20:33:41.837 DEBUG 13216 --- [    Test worker] org.hibernate.SQL                        : 
    insert 
    into
        roadmap_stage_list
        (roadmap_id, stage_list_id) 
    values
        (?, ?)
2021-02-24 20:33:41.838 TRACE 13216 --- [    Test worker] o.h.type.descriptor.sql.BasicBinder      : binding parameter [1] as [BIGINT] - [432]
2021-02-24 20:33:41.838 TRACE 13216 --- [    Test worker] o.h.type.descriptor.sql.BasicBinder      : binding parameter [2] as [BIGINT] - [219]
2021-02-24 20:33:41.842 DEBUG 13216 --- [    Test worker] org.hibernate.SQL                        : 
    select
        post0_.id as id1_11_,
        post0_.content as content2_11_,
        post0_.description as descript3_11_,
        post0_.node_id as node_id5_11_,
        post0_.title as title4_11_,
        post0_.writer_id as writer_i6_11_ 
    from
        post post0_ 
    left outer join
        node node1_ 
            on post0_.node_id=node1_.id 
    where
        node1_.id=?
2021-02-24 20:33:41.842 TRACE 13216 --- [    Test worker] o.h.type.descriptor.sql.BasicBinder      : binding parameter [1] as [BIGINT] - [208]
2021-02-24 20:33:41.845  INFO 13216 --- [    Test worker] o.s.t.c.transaction.TransactionContext   : Rolled back transaction for test: [DefaultTestContext@33d14a73 testClass = PostControllerTest, testInstance = com.roadmap.post.PostControllerTest@2a9f3b04, testMethod = newPostFormSubmit_correct@PostControllerTest, testException = [null], mergedContextConfiguration = [WebMergedContextConfiguration@40565763 testClass = PostControllerTest, locations = '{}', classes = '{class com.roadmap.CoreApplication}', contextInitializerClasses = '[]', activeProfiles = '{}', propertySourceLocations = '{}', propertySourceProperties = '{org.springframework.boot.test.context.SpringBootTestContextBootstrapper=true}', contextCustomizers = set[org.springframework.boot.test.autoconfigure.properties.PropertyMappingContextCustomizer@4b3fa0b3, org.springframework.boot.test.autoconfigure.web.servlet.WebDriverContextCustomizerFactory$Customizer@325e26c4, [ImportsContextCustomizer@7c4b21bc key = [org.springframework.boot.test.autoconfigure.web.servlet.MockMvcAutoConfiguration, org.springframework.boot.test.autoconfigure.web.servlet.MockMvcWebClientAutoConfiguration, org.springframework.boot.test.autoconfigure.web.servlet.MockMvcWebDriverAutoConfiguration, org.springframework.boot.autoconfigure.security.oauth2.client.servlet.OAuth2ClientAutoConfiguration, org.springframework.boot.autoconfigure.security.oauth2.resource.servlet.OAuth2ResourceServerAutoConfiguration, org.springframework.boot.autoconfigure.security.servlet.SecurityAutoConfiguration, org.springframework.boot.autoconfigure.security.servlet.SecurityFilterAutoConfiguration, org.springframework.boot.autoconfigure.security.servlet.UserDetailsServiceAutoConfiguration, org.springframework.boot.test.autoconfigure.web.servlet.MockMvcSecurityConfiguration]], org.springframework.boot.test.context.filter.ExcludeFilterContextCustomizer@4db5c7c8, org.springframework.boot.test.json.DuplicateJsonObjectContextCustomizerFactory$DuplicateJsonObjectContextCustomizer@630285f8, org.springframework.boot.test.mock.mockito.MockitoContextCustomizer@0, org.springframework.boot.test.web.client.TestRestTemplateContextCustomizer@5f7703c, org.springframework.boot.test.context.SpringBootTestArgs@1, org.springframework.boot.test.context.SpringBootTestWebEnvironment@59f291c0], resourceBasePath = 'src/main/webapp', contextLoader = 'org.springframework.boot.test.context.SpringBootContextLoader', parent = [null]], attributes = map['org.springframework.test.context.web.ServletTestExecutionListener.activateListener' -> true, 'org.springframework.test.context.web.ServletTestExecutionListener.populatedRequestContextHolder' -> true, 'org.springframework.test.context.web.ServletTestExecutionListener.resetRequestContextHolder' -> true]]
2021-02-24 20:33:41.847  INFO 13216 --- [    Test worker] o.s.t.c.transaction.TransactionContext   : Began transaction (1) for test context [DefaultTestContext@33d14a73 testClass = PostControllerTest, testInstance = com.roadmap.post.PostControllerTest@46fb1fde, testMethod = newPostAddTag_correct@PostControllerTest, testException = [null], mergedContextConfiguration = [WebMergedContextConfiguration@40565763 testClass = PostControllerTest, locations = '{}', classes = '{class com.roadmap.CoreApplication}', contextInitializerClasses = '[]', activeProfiles = '{}', propertySourceLocations = '{}', propertySourceProperties = '{org.springframework.boot.test.context.SpringBootTestContextBootstrapper=true}', contextCustomizers = set[org.springframework.boot.test.autoconfigure.properties.PropertyMappingContextCustomizer@4b3fa0b3, org.springframework.boot.test.autoconfigure.web.servlet.WebDriverContextCustomizerFactory$Customizer@325e26c4, [ImportsContextCustomizer@7c4b21bc key = [org.springframework.boot.test.autoconfigure.web.servlet.MockMvcAutoConfiguration, org.springframework.boot.test.autoconfigure.web.servlet.MockMvcWebClientAutoConfiguration, org.springframework.boot.test.autoconfigure.web.servlet.MockMvcWebDriverAutoConfiguration, org.springframework.boot.autoconfigure.security.oauth2.client.servlet.OAuth2ClientAutoConfiguration, org.springframework.boot.autoconfigure.security.oauth2.resource.servlet.OAuth2ResourceServerAutoConfiguration, org.springframework.boot.autoconfigure.security.servlet.SecurityAutoConfiguration, org.springframework.boot.autoconfigure.security.servlet.SecurityFilterAutoConfiguration, org.springframework.boot.autoconfigure.security.servlet.UserDetailsServiceAutoConfiguration, org.springframework.boot.test.autoconfigure.web.servlet.MockMvcSecurityConfiguration]], org.springframework.boot.test.context.filter.ExcludeFilterContextCustomizer@4db5c7c8, org.springframework.boot.test.json.DuplicateJsonObjectContextCustomizerFactory$DuplicateJsonObjectContextCustomizer@630285f8, org.springframework.boot.test.mock.mockito.MockitoContextCustomizer@0, org.springframework.boot.test.web.client.TestRestTemplateContextCustomizer@5f7703c, org.springframework.boot.test.context.SpringBootTestArgs@1, org.springframework.boot.test.context.SpringBootTestWebEnvironment@59f291c0], resourceBasePath = 'src/main/webapp', contextLoader = 'org.springframework.boot.test.context.SpringBootContextLoader', parent = [null]], attributes = map['org.springframework.test.context.web.ServletTestExecutionListener.activateListener' -> true, 'org.springframework.test.context.web.ServletTestExecutionListener.populatedRequestContextHolder' -> true, 'org.springframework.test.context.web.ServletTestExecutionListener.resetRequestContextHolder' -> true]]; transaction manager [org.springframework.orm.jpa.JpaTransactionManager@25169dd]; rollback [true]
2021-02-24 20:33:41.918  INFO 13216 --- [    Test worker] com.roadmap.service.MemberService        : email send signup confirm Email link : /check-email-token?token=195de8d7-8691-441d-8bd3-c7053eb29194&email=epepep@email.com
2021-02-24 20:33:41.919 DEBUG 13216 --- [    Test worker] org.hibernate.SQL                        : 
    select
        nextval ('hibernate_sequence')
2021-02-24 20:33:41.920 DEBUG 13216 --- [    Test worker] org.hibernate.SQL                        : 
    insert 
    into
        member
        (moddate, regdate, bio, email, email_check_token, email_check_token_generated_at, email_verified, from_social, joined_at, loc_id, nickname, occupation, password, profile_image, roadmap_created_by_email, roadmap_created_by_web, roadmap_enrollment_result_by_email, roadmap_enrollment_result_by_web, roadmap_updated_by_email, roadmap_updated_by_web, url, id) 
    values
        (?, ?, ?, ?, ?, ?, ?, ?, ?, ?, ?, ?, ?, ?, ?, ?, ?, ?, ?, ?, ?, ?)
2021-02-24 20:33:41.920 TRACE 13216 --- [    Test worker] o.h.type.descriptor.sql.BasicBinder      : binding parameter [1] as [TIMESTAMP] - [2021-02-24T20:33:41.919343800]
2021-02-24 20:33:41.920 TRACE 13216 --- [    Test worker] o.h.type.descriptor.sql.BasicBinder      : binding parameter [2] as [TIMESTAMP] - [2021-02-24T20:33:41.919343800]
2021-02-24 20:33:41.920 TRACE 13216 --- [    Test worker] o.h.type.descriptor.sql.BasicBinder      : binding parameter [3] as [VARCHAR] - [null]
2021-02-24 20:33:41.920 TRACE 13216 --- [    Test worker] o.h.type.descriptor.sql.BasicBinder      : binding parameter [4] as [VARCHAR] - [epepep@email.com]
2021-02-24 20:33:41.920 TRACE 13216 --- [    Test worker] o.h.type.descriptor.sql.BasicBinder      : binding parameter [5] as [VARCHAR] - [195de8d7-8691-441d-8bd3-c7053eb29194]
2021-02-24 20:33:41.920 TRACE 13216 --- [    Test worker] o.h.type.descriptor.sql.BasicBinder      : binding parameter [6] as [TIMESTAMP] - [2021-02-24T20:33:41.918373800]
2021-02-24 20:33:41.920 TRACE 13216 --- [    Test worker] o.h.type.descriptor.sql.BasicBinder      : binding parameter [7] as [BOOLEAN] - [false]
2021-02-24 20:33:41.920 TRACE 13216 --- [    Test worker] o.h.type.descriptor.sql.BasicBinder      : binding parameter [8] as [BOOLEAN] - [false]
2021-02-24 20:33:41.920 TRACE 13216 --- [    Test worker] o.h.type.descriptor.sql.BasicBinder      : binding parameter [9] as [TIMESTAMP] - [2021-02-24T20:33:41.918373800]
2021-02-24 20:33:41.920 TRACE 13216 --- [    Test worker] o.h.type.descriptor.sql.BasicBinder      : binding parameter [10] as [BIGINT] - [null]
2021-02-24 20:33:41.920 TRACE 13216 --- [    Test worker] o.h.type.descriptor.sql.BasicBinder      : binding parameter [11] as [VARCHAR] - [epepep]
2021-02-24 20:33:41.920 TRACE 13216 --- [    Test worker] o.h.type.descriptor.sql.BasicBinder      : binding parameter [12] as [VARCHAR] - [null]
2021-02-24 20:33:41.920 TRACE 13216 --- [    Test worker] o.h.type.descriptor.sql.BasicBinder      : binding parameter [13] as [VARCHAR] - [{bcrypt}$2a$10$QmrTwbKjAk8CLTd5pbbeZ..hW60GUe4i0a9dQL0hQ8TB3kAszb3Xu]
2021-02-24 20:33:41.920 TRACE 13216 --- [    Test worker] o.h.type.descriptor.sql.BasicBinder      : binding parameter [14] as [CLOB] - [null]
2021-02-24 20:33:41.920 TRACE 13216 --- [    Test worker] o.h.type.descriptor.sql.BasicBinder      : binding parameter [15] as [BOOLEAN] - [false]
2021-02-24 20:33:41.920 TRACE 13216 --- [    Test worker] o.h.type.descriptor.sql.BasicBinder      : binding parameter [16] as [BOOLEAN] - [true]
2021-02-24 20:33:41.920 TRACE 13216 --- [    Test worker] o.h.type.descriptor.sql.BasicBinder      : binding parameter [17] as [BOOLEAN] - [false]
2021-02-24 20:33:41.920 TRACE 13216 --- [    Test worker] o.h.type.descriptor.sql.BasicBinder      : binding parameter [18] as [BOOLEAN] - [true]
2021-02-24 20:33:41.920 TRACE 13216 --- [    Test worker] o.h.type.descriptor.sql.BasicBinder      : binding parameter [19] as [BOOLEAN] - [false]
2021-02-24 20:33:41.920 TRACE 13216 --- [    Test worker] o.h.type.descriptor.sql.BasicBinder      : binding parameter [20] as [BOOLEAN] - [true]
[...]
        member0_.loc_id as loc_id22_3_0_,
        member0_.nickname as nicknam11_3_0_,
        member0_.occupation as occupat12_3_0_,
        member0_.password as passwor13_3_0_,
        member0_.profile_image as profile14_3_0_,
        member0_.roadmap_created_by_email as roadmap15_3_0_,
        member0_.roadmap_created_by_web as roadmap16_3_0_,
        member0_.roadmap_enrollment_result_by_email as roadmap17_3_0_,
        member0_.roadmap_enrollment_result_by_web as roadmap18_3_0_,
        member0_.roadmap_updated_by_email as roadmap19_3_0_,
        member0_.roadmap_updated_by_web as roadmap20_3_0_,
        member0_.url as url21_3_0_,
        roadmap2_.moddate as moddate2_14_1_,
        roadmap2_.regdate as regdate3_14_1_,
        roadmap2_.closed as closed4_14_1_,
        roadmap2_.closed_date_time as closed_d5_14_1_,
        roadmap2_.complete as complete6_14_1_,
        roadmap2_.full_description as full_des7_14_1_,
        roadmap2_.image as image8_14_1_,
        roadmap2_.milestone as mileston9_14_1_,
        roadmap2_.owner_id as owner_i19_14_1_,
        roadmap2_.path as path10_14_1_,
        roadmap2_.progress as progres11_14_1_,
        roadmap2_.published as publish12_14_1_,
        roadmap2_.published_date_time as publish13_14_1_,
        roadmap2_.recruiting as recruit14_14_1_,
        roadmap2_.recruiting_updated_date_time as recruit15_14_1_,
        roadmap2_.short_description as short_d16_14_1_,
        roadmap2_.title as title17_14_1_,
        roadmap2_.use_banner as use_ban18_14_1_,
        roadmaps1_.members_id as members_2_15_0__,
        roadmaps1_.roadmaps_id as roadmaps1_15_0__ 
    from
        member member0_ 
    left outer join
        roadmap_members roadmaps1_ 
            on member0_.id=roadmaps1_.members_id 
    left outer join
        roadmap roadmap2_ 
            on roadmaps1_.roadmaps_id=roadmap2_.id 
    where
        member0_.nickname=?
2021-02-24 20:33:42.233 TRACE 13216 --- [    Test worker] o.h.type.descriptor.sql.BasicBinder      : binding parameter [1] as [VARCHAR] - [epepep]
2021-02-24 20:33:42.235 DEBUG 13216 --- [    Test worker] org.hibernate.SQL                        : 
    insert 
    into
        roadmap
        (moddate, regdate, closed, closed_date_time, complete, full_description, image, milestone, owner_id, path, progress, published, published_date_time, recruiting, recruiting_updated_date_time, short_description, title, use_banner) 
    values
        (?, ?, ?, ?, ?, ?, ?, ?, ?, ?, ?, ?, ?, ?, ?, ?, ?, ?)
2021-02-24 20:33:42.236 TRACE 13216 --- [    Test worker] o.h.type.descriptor.sql.BasicBinder      : binding parameter [1] as [TIMESTAMP] - [2021-02-24T20:33:42.235343]
2021-02-24 20:33:42.236 TRACE 13216 --- [    Test worker] o.h.type.descriptor.sql.BasicBinder      : binding parameter [2] as [TIMESTAMP] - [2021-02-24T20:33:42.235343]
2021-02-24 20:33:42.236 TRACE 13216 --- [    Test worker] o.h.type.descriptor.sql.BasicBinder      : binding parameter [3] as [BOOLEAN] - [false]
2021-02-24 20:33:42.236 TRACE 13216 --- [    Test worker] o.h.type.descriptor.sql.BasicBinder      : binding parameter [4] as [TIMESTAMP] - [null]
2021-02-24 20:33:42.236 TRACE 13216 --- [    Test worker] o.h.type.descriptor.sql.BasicBinder      : binding parameter [5] as [BOOLEAN] - [false]
2021-02-24 20:33:42.236 TRACE 13216 --- [    Test worker] o.h.type.descriptor.sql.BasicBinder      : binding parameter [6] as [CLOB] - [full description]
2021-02-24 20:33:42.237 TRACE 13216 --- [    Test worker] o.h.type.descriptor.sql.BasicBinder      : binding parameter [7] as [CLOB] - [null]
2021-02-24 20:33:42.237 TRACE 13216 --- [    Test worker] o.h.type.descriptor.sql.BasicBinder      : binding parameter [8] as [TIMESTAMP] - [null]
2021-02-24 20:33:42.237 TRACE 13216 --- [    Test worker] o.h.type.descriptor.sql.BasicBinder      : binding parameter [9] as [BIGINT] - [2781]
2021-02-24 20:33:42.237 TRACE 13216 --- [    Test worker] o.h.type.descriptor.sql.BasicBinder      : binding parameter [10] as [VARCHAR] - [/path]
2021-02-24 20:33:42.237 TRACE 13216 --- [    Test worker] o.h.type.descriptor.sql.BasicBinder      : binding parameter [11] as [DOUBLE] - [null]
2021-02-24 20:33:42.237 TRACE 13216 --- [    Test worker] o.h.type.descriptor.sql.BasicBinder      : binding parameter [12] as [BOOLEAN] - [false]
2021-02-24 20:33:42.237 TRACE 13216 --- [    Test worker] o.h.type.descriptor.sql.BasicBinder      : binding parameter [13] as [TIMESTAMP] - [null]
2021-02-24 20:33:42.237 TRACE 13216 --- [    Test worker] o.h.type.descriptor.sql.BasicBinder      : binding parameter [14] as [BOOLEAN] - [false]
2021-02-24 20:33:42.237 TRACE 13216 --- [    Test worker] o.h.type.descriptor.sql.BasicBinder      : binding parameter [15] as [TIMESTAMP] - [null]
2021-02-24 20:33:42.237 TRACE 13216 --- [    Test worker] o.h.type.descriptor.sql.BasicBinder      : binding parameter [16] as [VARCHAR] - [short description]
2021-02-24 20:33:42.237 TRACE 13216 --- [    Test worker] o.h.type.descriptor.sql.BasicBinder      : binding parameter [17] as [VARCHAR] - [title]
2021-02-24 20:33:42.237 TRACE 13216 --- [    Test worker] o.h.type.descriptor.sql.BasicBinder      : binding parameter [18] as [BOOLEAN] - [false]
2021-02-24 20:33:42.239 DEBUG 13216 --- [    Test worker] org.hibernate.SQL                        : 
    insert 
    into
        stage
        (moddate, regdate, complete, head, ord, roadmap_id, tail, title) 
    values
        (?, ?, ?, ?, ?, ?, ?, ?)
2021-02-24 20:33:42.239 TRACE 13216 --- [    Test worker] o.h.type.descriptor.sql.BasicBinder      : binding parameter [1] as [TIMESTAMP] - [2021-02-24T20:33:42.239343]
2021-02-24 20:33:42.239 TRACE 13216 --- [    Test worker] o.h.type.descriptor.sql.BasicBinder      : binding parameter [2] as [TIMESTAMP] - [2021-02-24T20:33:42.239343]
2021-02-24 20:33:42.239 TRACE 13216 --- [    Test worker] o.h.type.descriptor.sql.BasicBinder      : binding parameter [3] as [BOOLEAN] - [false]
2021-02-24 20:33:42.239 TRACE 13216 --- [    Test worker] o.h.type.descriptor.sql.BasicBinder      : binding parameter [4] as [BOOLEAN] - [true]
2021-02-24 20:33:42.240 TRACE 13216 --- [    Test worker] o.h.type.descriptor.sql.BasicBinder      : binding parameter [5] as [INTEGER] - [1]
2021-02-24 20:33:42.240 TRACE 13216 --- [    Test worker] o.h.type.descriptor.sql.BasicBinder      : binding parameter [6] as [BIGINT] - [435]
2021-02-24 20:33:42.240 TRACE 13216 --- [    Test worker] o.h.type.descriptor.sql.BasicBinder      : binding parameter [7] as [BOOLEAN] - [true]
2021-02-24 20:33:42.240 TRACE 13216 --- [    Test worker] o.h.type.descriptor.sql.BasicBinder      : binding parameter [8] as [VARCHAR] - [1단계]
2021-02-24 20:33:42.241 DEBUG 13216 --- [    Test worker] org.hibernate.SQL                        : 
    insert 
    into
        node
        (moddate, regdate, complete, node_type, parent_id, read, short_description, stage_id, text, title, url) 
    values
        (?, ?, ?, ?, ?, ?, ?, ?, ?, ?, ?)
2021-02-24 20:33:42.242 TRACE 13216 --- [    Test worker] o.h.type.descriptor.sql.BasicBinder      : binding parameter [1] as [TIMESTAMP] - [2021-02-24T20:33:42.241342400]
2021-02-24 20:33:42.242 TRACE 13216 --- [    Test worker] o.h.type.descriptor.sql.BasicBinder      : binding parameter [2] as [TIMESTAMP] - [2021-02-24T20:33:42.241342400]
2021-02-24 20:33:42.242 TRACE 13216 --- [    Test worker] o.h.type.descriptor.sql.BasicBinder      : binding parameter [3] as [BOOLEAN] - [false]
2021-02-24 20:33:42.242 TRACE 13216 --- [    Test worker] o.h.type.descriptor.sql.BasicBinder      : binding parameter [4] as [VARCHAR] - [post]
2021-02-24 20:33:42.242 TRACE 13216 --- [    Test worker] o.h.type.descriptor.sql.BasicBinder      : binding parameter [5] as [BIGINT] - [null]
2021-02-24 20:33:42.242 TRACE 13216 --- [    Test worker] o.h.type.descriptor.sql.BasicBinder      : binding parameter [6] as [BOOLEAN] - [false]
2021-02-24 20:33:42.242 TRACE 13216 --- [    Test worker] o.h.type.descriptor.sql.BasicBinder      : binding parameter [7] as [VARCHAR] - [null]
2021-02-24 20:33:42.242 TRACE 13216 --- [    Test worker] o.h.type.descriptor.sql.BasicBinder      : binding parameter [8] as [BIGINT] - [222]
2021-02-24 20:33:42.242 TRACE 13216 --- [    Test worker] o.h.type.descriptor.sql.BasicBinder      : binding parameter [9] as [VARCHAR] - [null]
2021-02-24 20:33:42.242 TRACE 13216 --- [    Test worker] o.h.type.descriptor.sql.BasicBinder      : binding parameter [10] as [VARCHAR] - [노드 제목]
2021-02-24 20:33:42.242 TRACE 13216 --- [    Test worker] o.h.type.descriptor.sql.BasicBinder      : binding parameter [11] as [VARCHAR] - [null]
2021-02-24 20:33:42.244 DEBUG 13216 --- [    Test worker] org.hibernate.SQL                        : 
    select
        member0_.id as id1_3_,
        member0_.moddate as moddate2_3_,
        member0_.regdate as regdate3_3_,
        member0_.bio as bio4_3_,
        member0_.email as email5_3_,
        member0_.email_check_token as email_ch6_3_,
        member0_.email_check_token_generated_at as email_ch7_3_,
        member0_.email_verified as email_ve8_3_,
        member0_.from_social as from_soc9_3_,
        member0_.joined_at as joined_10_3_,
        member0_.loc_id as loc_id22_3_,
        member0_.nickname as nicknam11_3_,
        member0_.occupation as occupat12_3_,
        member0_.password as passwor13_3_,
        member0_.profile_image as profile14_3_,
        member0_.roadmap_created_by_email as roadmap15_3_,
        member0_.roadmap_created_by_web as roadmap16_3_,
        member0_.roadmap_enrollment_result_by_email as roadmap17_3_,
        member0_.roadmap_enrollment_result_by_web as roadmap18_3_,
        member0_.roadmap_updated_by_email as roadmap19_3_,
        member0_.roadmap_updated_by_web as roadmap20_3_,
        member0_.url as url21_3_ 
    from
        member member0_ 
    where
        member0_.nickname=?
2021-02-24 20:33:42.244 TRACE 13216 --- [    Test worker] o.h.type.descriptor.sql.BasicBinder      : binding parameter [1] as [VARCHAR] - [epepep]
2021-02-24 20:33:42.245 DEBUG 13216 --- [    Test worker] org.hibernate.SQL                        : 
    insert 
    into
        post
        (content, description, node_id, title, writer_id) 
    values
        (?, ?, ?, ?, ?)
2021-02-24 20:33:42.245 TRACE 13216 --- [    Test worker] o.h.type.descriptor.sql.BasicBinder      : binding parameter [1] as [CLOB] - [null]
2021-02-24 20:33:42.245 TRACE 13216 --- [    Test worker] o.h.type.descriptor.sql.BasicBinder      : binding parameter [2] as [VARCHAR] - [null]
2021-02-24 20:33:42.245 TRACE 13216 --- [    Test worker] o.h.type.descriptor.sql.BasicBinder      : binding parameter [3] as [BIGINT] - [211]
2021-02-24 20:33:42.245 TRACE 13216 --- [    Test worker] o.h.type.descriptor.sql.BasicBinder      : binding parameter [4] as [VARCHAR] - [null]
2021-02-24 20:33:42.245 TRACE 13216 --- [    Test worker] o.h.type.descriptor.sql.BasicBinder      : binding parameter [5] as [BIGINT] - [null]
2021-02-24 20:33:42.247 DEBUG 13216 --- [    Test worker] org.hibernate.SQL                        : 
    select
        member0_.id as id1_3_,
        member0_.moddate as moddate2_3_,
        member0_.regdate as regdate3_3_,
        member0_.bio as bio4_3_,
        member0_.email as email5_3_,
        member0_.email_check_token as email_ch6_3_,
        member0_.email_check_token_generated_at as email_ch7_3_,
        member0_.email_verified as email_ve8_3_,
        member0_.from_social as from_soc9_3_,
        member0_.joined_at as joined_10_3_,
        member0_.loc_id as loc_id22_3_,
        member0_.nickname as nicknam11_3_,
        member0_.occupation as occupat12_3_,
        member0_.password as passwor13_3_,
        member0_.profile_image as profile14_3_,
        member0_.roadmap_created_by_email as roadmap15_3_,
        member0_.roadmap_created_by_web as roadmap16_3_,
        member0_.roadmap_enrollment_result_by_email as roadmap17_3_,
        member0_.roadmap_enrollment_result_by_web as roadmap18_3_,
        member0_.roadmap_updated_by_email as roadmap19_3_,
        member0_.roadmap_updated_by_web as roadmap20_3_,
        member0_.url as url21_3_ 
    from
        member member0_ 
    where
        member0_.nickname=?
2021-02-24 20:33:42.247 TRACE 13216 --- [    Test worker] o.h.type.descriptor.sql.BasicBinder      : binding parameter [1] as [VARCHAR] - [epepep]
2021-02-24 20:33:42.257  INFO 13216 --- [    Test worker] com.roadmap.post.PostControllerTest      : node : Node(id=211, childs=[], nodeType=post, title=노드 제목, shortDescription=null, url=null, complete=false, read=false, text=null)
2021-02-24 20:33:42.258 DEBUG 13216 --- [    Test worker] org.hibernate.SQL                        : 
    update
        post 
    set
        content=?,
        description=?,
        node_id=?,
        title=?,
        writer_id=? 
    where
        id=?
2021-02-24 20:33:42.258 TRACE 13216 --- [    Test worker] o.h.type.descriptor.sql.BasicBinder      : binding parameter [1] as [CLOB] - [포스트 내용]
2021-02-24 20:33:42.259 TRACE 13216 --- [    Test worker] o.h.type.descriptor.sql.BasicBinder      : binding parameter [2] as [VARCHAR] - [포스트 설명]
2021-02-24 20:33:42.259 TRACE 13216 --- [    Test worker] o.h.type.descriptor.sql.BasicBinder      : binding parameter [3] as [BIGINT] - [211]
2021-02-24 20:33:42.259 TRACE 13216 --- [    Test worker] o.h.type.descriptor.sql.BasicBinder      : binding parameter [4] as [VARCHAR] - [포스트 제목]
2021-02-24 20:33:42.259 TRACE 13216 --- [    Test worker] o.h.type.descriptor.sql.BasicBinder      : binding parameter [5] as [BIGINT] - [2781]
2021-02-24 20:33:42.259 TRACE 13216 --- [    Test worker] o.h.type.descriptor.sql.BasicBinder      : binding parameter [6] as [BIGINT] - [36]
2021-02-24 20:33:42.260 DEBUG 13216 --- [    Test worker] org.hibernate.SQL                        : 
    insert 
    into
        member_posts
        (member_id, posts_id) 
    values
        (?, ?)
2021-02-24 20:33:42.260 TRACE 13216 --- [    Test worker] o.h.type.descriptor.sql.BasicBinder      : binding parameter [1] as [BIGINT] - [2781]
2021-02-24 20:33:42.260 TRACE 13216 --- [    Test worker] o.h.type.descriptor.sql.BasicBinder      : binding parameter [2] as [BIGINT] - [36]
2021-02-24 20:33:42.261 DEBUG 13216 --- [    Test worker] org.hibernate.SQL                        : 
    insert 
    into
        roadmap_members
        (roadmaps_id, members_id) 
    values
        (?, ?)
2021-02-24 20:33:42.261 TRACE 13216 --- [    Test worker] o.h.type.descriptor.sql.BasicBinder      : binding parameter [1] as [BIGINT] - [435]
2021-02-24 20:33:42.261 TRACE 13216 --- [    Test worker] o.h.type.descriptor.sql.BasicBinder      : binding parameter [2] as [BIGINT] - [2781]
2021-02-24 20:33:42.262 DEBUG 13216 --- [    Test worker] org.hibernate.SQL                        : 
    insert 
    into
        roadmap_stage_list
        (roadmap_id, stage_list_id) 
    values
        (?, ?)
2021-02-24 20:33:42.262 TRACE 13216 --- [    Test worker] o.h.type.descriptor.sql.BasicBinder      : binding parameter [1] as [BIGINT] - [435]
2021-02-24 20:33:42.262 TRACE 13216 --- [    Test worker] o.h.type.descriptor.sql.BasicBinder      : binding parameter [2] as [BIGINT] - [222]
2021-02-24 20:33:42.263 DEBUG 13216 --- [    Test worker] org.hibernate.SQL                        : 
    select
        post0_.id as id1_11_,
        post0_.content as content2_11_,
        post0_.description as descript3_11_,
        post0_.node_id as node_id5_11_,
        post0_.title as title4_11_,
        post0_.writer_id as writer_i6_11_ 
    from
        post post0_ 
    left outer join
        node node1_ 
            on post0_.node_id=node1_.id 
    where
        node1_.id=?
2021-02-24 20:33:42.263 TRACE 13216 --- [    Test worker] o.h.type.descriptor.sql.BasicBinder      : binding parameter [1] as [BIGINT] - [211]
2021-02-24 20:33:42.264  INFO 13216 --- [    Test worker] com.roadmap.post.PostControllerTest      : post : 36
2021-02-24 20:33:42.265  INFO 13216 --- [    Test worker] com.roadmap.filter.ApiCheckFilter        : REQUESTURI : /post/36
2021-02-24 20:33:42.265  INFO 13216 --- [    Test worker] com.roadmap.filter.ApiCheckFilter        : false
2021-02-24 20:33:42.293  INFO 13216 --- [    Test worker] com.roadmap.post.PostControllerTest      : model : {member=Member(id=2781, bio=null, email=epepep@email.com, nickname=epepep, password={bcrypt}$2a$10$GYk5SBRnYy5qC5TZOXl2y.fq9VMZ2Kv3jgkk0RnZX4ZJeMcNhPtTG, emailCheckToken=3eacea9d-ef83-44a6-9bdc-7fd310a312c3, emailCheckTokenGeneratedAt=2021-02-24T20:33:42.223340200, emailVerified=false, joinedAt=2021-02-24T20:33:42.223340200, occupation=null, url=null, roadmapCreatedByEmail=false, roadmapCreatedByWeb=true, roadmapEnrollmentResultByEmail=false, roadmapEnrollmentResultByWeb=true, roadmapUpdatedByEmail=false, roadmapUpdatedByWeb=true, fromSocial=false, posts=[com.roadmap.model.Post@5f]), post=com.roadmap.model.Post@5f, org.springframework.validation.BindingResult.member=org.springframework.validation.BeanPropertyBindingResult: 0 errors, org.springframework.validation.BindingResult.post=org.springframework.validation.BeanPropertyBindingResult: 0 errors}
2021-02-24 20:33:42.297  INFO 13216 --- [    Test worker] o.s.t.c.transaction.TransactionContext   : Rolled back transaction for test: [DefaultTestContext@33d14a73 testClass = PostControllerTest, testInstance = com.roadmap.post.PostControllerTest@7aa6de59, testMethod = newPostView@PostControllerTest, testException = [null], mergedContextConfiguration = [WebMergedContextConfiguration@40565763 testClass = PostControllerTest, locations = '{}', classes = '{class com.roadmap.CoreApplication}', contextInitializerClasses = '[]', activeProfiles = '{}', propertySourceLocations = '{}', propertySourceProperties = '{org.springframework.boot.test.context.SpringBootTestContextBootstrapper=true}', contextCustomizers = set[org.springframework.boot.test.autoconfigure.properties.PropertyMappingContextCustomizer@4b3fa0b3, org.springframework.boot.test.autoconfigure.web.servlet.WebDriverContextCustomizerFactory$Customizer@325e26c4, [ImportsContextCustomizer@7c4b21bc key = [org.springframework.boot.test.autoconfigure.web.servlet.MockMvcAutoConfiguration, org.springframework.boot.test.autoconfigure.web.servlet.MockMvcWebClientAutoConfiguration, org.springframework.boot.test.autoconfigure.web.servlet.MockMvcWebDriverAutoConfiguration, org.springframework.boot.autoconfigure.security.oauth2.client.servlet.OAuth2ClientAutoConfiguration, org.springframework.boot.autoconfigure.security.oauth2.resource.servlet.OAuth2ResourceServerAutoConfiguration, org.springframework.boot.autoconfigure.security.servlet.SecurityAutoConfiguration, org.springframework.boot.autoconfigure.security.servlet.SecurityFilterAutoConfiguration, org.springframework.boot.autoconfigure.security.servlet.UserDetailsServiceAutoConfiguration, org.springframework.boot.test.autoconfigure.web.servlet.MockMvcSecurityConfiguration]], org.springframework.boot.test.context.filter.ExcludeFilterContextCustomizer@4db5c7c8, org.springframework.boot.test.json.DuplicateJsonObjectContextCustomizerFactory$DuplicateJsonObjectContextCustomizer@630285f8, org.springframework.boot.test.mock.mockito.MockitoContextCustomizer@0, org.springframework.boot.test.web.client.TestRestTemplateContextCustomizer@5f7703c, org.springframework.boot.test.context.SpringBootTestArgs@1, org.springframework.boot.test.context.SpringBootTestWebEnvironment@59f291c0], resourceBasePath = 'src/main/webapp', contextLoader = 'org.springframework.boot.test.context.SpringBootContextLoader', parent = [null]], attributes = map['org.springframework.test.context.web.ServletTestExecutionListener.activateListener' -> true, 'org.springframework.test.context.web.ServletTestExecutionListener.populatedRequestContextHolder' -> true, 'org.springframework.test.context.web.ServletTestExecutionListener.resetRequestContextHolder' -> true]]
]]></system-out>
  <system-err><![CDATA[]]></system-err>
</testsuite>
